<?xml version="1.0" encoding="utf-8"?>
<test-run id="2" testcasecount="712" result="Passed" total="712" passed="712" failed="0" inconclusive="0" skipped="0" asserts="0" engine-version="3.5.0.0" clr-version="4.0.30319.42000" start-time="2026-08-20 14:32:04Z" end-time="2026-08-20 14:32:07Z" duration="2.0961081">
  <test-suite type="TestSuite" id="1000" name="Lattirune" fullname="Lattirune" runstate="Runnable" testcasecount="712" result="Passed" start-time="2026-08-20 14:32:04Z" end-time="2026-08-20 14:32:07Z" duration="2.096108" total="712" passed="712" failed="0" inconclusive="0" skipped="0" asserts="0">
    <properties>
      <property name="platform" value="EditMode" />
    </properties>
    <test-suite type="Assembly" id="1797" name="Lattirune.Tests.dll" fullname="C:/GAME PLAN/Library/ScriptAssemblies/Lattirune.Tests.dll" runstate="Runnable" testcasecount="712" result="Passed" start-time="2026-08-20 14:32:04Z" end-time="2026-08-20 14:32:07Z" duration="2.088638" total="712" passed="712" failed="0" inconclusive="0" skipped="0" asserts="0">
      <properties>
        <property name="_PID" value="24072" />
        <property name="_APPDOMAIN" value="Unity Child Domain" />
        <property name="platform" value="EditMode" />
        <property name="EditorOnly" value="True" />
      </properties>
      <test-suite type="TestSuite" id="1798" name="Lattirune" fullname="Lattirune" runstate="Runnable" testcasecount="712" result="Passed" start-time="2026-08-20 14:32:04Z" end-time="2026-08-20 14:32:07Z" duration="2.083748" total="712" passed="712" failed="0" inconclusive="0" skipped="0" asserts="0">
        <properties />
        <test-suite type="TestSuite" id="1799" name="Tests" fullname="Lattirune.Tests" runstate="Runnable" testcasecount="712" result="Passed" start-time="2026-08-20 14:32:04Z" end-time="2026-08-20 14:32:07Z" duration="2.078414" total="712" passed="712" failed="0" inconclusive="0" skipped="0" asserts="0">
          <properties />
          <test-suite type="TestFixture" id="1001" name="AabReleaseConfigurationTests" fullname="Lattirune.Tests.AabReleaseConfigurationTests" classname="Lattirune.Tests.AabReleaseConfigurationTests" runstate="Runnable" testcasecount="13" result="Passed" start-time="2026-08-20 14:32:04Z" end-time="2026-08-20 14:32:05Z" duration="0.026330" total="13" passed="13" failed="0" inconclusive="0" skipped="0" asserts="0">
            <properties />
            <test-case id="1011" name="AabRelease_BuildArtifactsIgnored_ByGit" fullname="Lattirune.Tests.AabReleaseConfigurationTests.AabRelease_BuildArtifactsIgnored_ByGit" methodname="AabRelease_BuildArtifactsIgnored_ByGit" classname="Lattirune.Tests.AabReleaseConfigurationTests" runstate="Runnable" seed="278302068" result="Passed" start-time="2026-08-20 14:32:04Z" end-time="2026-08-20 14:32:05Z" duration="0.011129" asserts="0">
              <properties>
                <property name="retryIteration" value="0" />
                <property name="repeatIteration" value="0" />
              </properties>
            </test-case>
            <test-case id="1010" name="AabRelease_NoHardcodedSecretsInSource" fullname="Lattirune.Tests.AabReleaseConfigurationTests.AabRelease_NoHardcodedSecretsInSource" methodname="AabRelease_NoHardcodedSecretsInSource" classname="Lattirune.Tests.AabReleaseConfigurationTests" runstate="Runnable" seed="1554913191" result="Passed" start-time="2026-08-20 14:32:05Z" end-time="2026-08-20 14:32:05Z" duration="0.000364" asserts="0">
              <properties>
                <property name="retryIteration" value="0" />
                <property name="repeatIteration" value="0" />
              </properties>
            </test-case>
            <test-case id="1002" name="AabRelease_PackageIdentifier_Matches" fullname="Lattirune.Tests.AabReleaseConfigurationTests.AabRelease_PackageIdentifier_Matches" methodname="AabRelease_PackageIdentifier_Matches" classname="Lattirune.Tests.AabReleaseConfigurationTests" runstate="Runnable" seed="688594236" result="Passed" start-time="2026-08-20 14:32:05Z" end-time="2026-08-20 14:32:05Z" duration="0.000149" asserts="0">
              <properties>
                <property name="retryIteration" value="0" />
                <property name="repeatIteration" value="0" />
              </properties>
            </test-case>
            <test-case id="1012" name="AabRelease_PhysicalQAStatus_RemainsNotCompleted" fullname="Lattirune.Tests.AabReleaseConfigurationTests.AabRelease_PhysicalQAStatus_RemainsNotCompleted" methodname="AabRelease_PhysicalQAStatus_RemainsNotCompleted" classname="Lattirune.Tests.AabReleaseConfigurationTests" runstate="Runnable" seed="854284708" result="Passed" start-time="2026-08-20 14:32:05Z" end-time="2026-08-20 14:32:05Z" duration="0.000165" asserts="0">
              <properties>
                <property name="retryIteration" value="0" />
                <property name="repeatIteration" value="0" />
              </properties>
            </test-case>
            <test-case id="1008" name="AabRelease_PrivacyPolicyDoc_Exists" fullname="Lattirune.Tests.AabReleaseConfigurationTests.AabRelease_PrivacyPolicyDoc_Exists" methodname="AabRelease_PrivacyPolicyDoc_Exists" classname="Lattirune.Tests.AabReleaseConfigurationTests" runstate="Runnable" seed="2070592195" result="Passed" start-time="2026-08-20 14:32:05Z" end-time="2026-08-20 14:32:05Z" duration="0.001170" asserts="0">
              <properties>
                <property name="retryIteration" value="0" />
                <property name="repeatIteration" value="0" />
              </properties>
            </test-case>
            <test-case id="1014" name="AabRelease_PrivacyPolicyUrlStatus_IsNotHosted" fullname="Lattirune.Tests.AabReleaseConfigurationTests.AabRelease_PrivacyPolicyUrlStatus_IsNotHosted" methodname="AabRelease_PrivacyPolicyUrlStatus_IsNotHosted" classname="Lattirune.Tests.AabReleaseConfigurationTests" runstate="Runnable" seed="152927433" result="Passed" start-time="2026-08-20 14:32:05Z" end-time="2026-08-20 14:32:05Z" duration="0.000150" asserts="0">
              <properties>
                <property name="retryIteration" value="0" />
                <property name="repeatIteration" value="0" />
              </properties>
            </test-case>
            <test-case id="1005" name="AabRelease_SaveVersion_IsOne" fullname="Lattirune.Tests.AabReleaseConfigurationTests.AabRelease_SaveVersion_IsOne" methodname="AabRelease_SaveVersion_IsOne" classname="Lattirune.Tests.AabReleaseConfigurationTests" runstate="Runnable" seed="828564428" result="Passed" start-time="2026-08-20 14:32:05Z" end-time="2026-08-20 14:32:05Z" duration="0.002520" asserts="0">
              <properties>
                <property name="retryIteration" value="0" />
                <property name="repeatIteration" value="0" />
              </properties>
            </test-case>
            <test-case id="1009" name="AabRelease_SubmissionChecklistDoc_Exists" fullname="Lattirune.Tests.AabReleaseConfigurationTests.AabRelease_SubmissionChecklistDoc_Exists" methodname="AabRelease_SubmissionChecklistDoc_Exists" classname="Lattirune.Tests.AabReleaseConfigurationTests" runstate="Runnable" seed="361650554" result="Passed" start-time="2026-08-20 14:32:05Z" end-time="2026-08-20 14:32:05Z" duration="0.000145" asserts="0">
              <properties>
                <property name="retryIteration" value="0" />
                <property name="repeatIteration" value="0" />
              </properties>
            </test-case>
            <test-case id="1006" name="AabRelease_TargetAabOutputPath_IsLattirune100Aab" fullname="Lattirune.Tests.AabReleaseConfigurationTests.AabRelease_TargetAabOutputPath_IsLattirune100Aab" methodname="AabRelease_TargetAabOutputPath_IsLattirune100Aab" classname="Lattirune.Tests.AabReleaseConfigurationTests" runstate="Runnable" seed="574099369" result="Passed" start-time="2026-08-20 14:32:05Z" end-time="2026-08-20 14:32:05Z" duration="0.000125" asserts="0">
              <properties>
                <property name="retryIteration" value="0" />
                <property name="repeatIteration" value="0" />
              </properties>
            </test-case>
            <test-case id="1007" name="AabRelease_TargetApkOutputPath_IsLattirune100Apk" fullname="Lattirune.Tests.AabReleaseConfigurationTests.AabRelease_TargetApkOutputPath_IsLattirune100Apk" methodname="AabRelease_TargetApkOutputPath_IsLattirune100Apk" classname="Lattirune.Tests.AabReleaseConfigurationTests" runstate="Runnable" seed="90589397" result="Passed" start-time="2026-08-20 14:32:05Z" end-time="2026-08-20 14:32:05Z" duration="0.000112" asserts="0">
              <properties>
                <property name="retryIteration" value="0" />
                <property name="repeatIteration" value="0" />
              </properties>
            </test-case>
            <test-case id="1004" name="AabRelease_VersionCode_IsOne" fullname="Lattirune.Tests.AabReleaseConfigurationTests.AabRelease_VersionCode_IsOne" methodname="AabRelease_VersionCode_IsOne" classname="Lattirune.Tests.AabReleaseConfigurationTests" runstate="Runnable" seed="669551796" result="Passed" start-time="2026-08-20 14:32:05Z" end-time="2026-08-20 14:32:05Z" duration="0.000119" asserts="0">
              <properties>
                <property name="retryIteration" value="0" />
                <property name="repeatIteration" value="0" />
              </properties>
            </test-case>
            <test-case id="1003" name="AabRelease_VersionName_IsOnePointZeroPointZero" fullname="Lattirune.Tests.AabReleaseConfigurationTests.AabRelease_VersionName_IsOnePointZeroPointZero" methodname="AabRelease_VersionName_IsOnePointZeroPointZero" classname="Lattirune.Tests.AabReleaseConfigurationTests" runstate="Runnable" seed="1471167025" result="Passed" start-time="2026-08-20 14:32:05Z" end-time="2026-08-20 14:32:05Z" duration="0.000110" asserts="0">
              <properties>
                <property name="retryIteration" value="0" />
                <property name="repeatIteration" value="0" />
              </properties>
            </test-case>
            <test-case id="1013" name="AabRelease_ZeroTelemetryAndZeroAds" fullname="Lattirune.Tests.AabReleaseConfigurationTests.AabRelease_ZeroTelemetryAndZeroAds" methodname="AabRelease_ZeroTelemetryAndZeroAds" classname="Lattirune.Tests.AabReleaseConfigurationTests" runstate="Runnable" seed="1154738468" result="Passed" start-time="2026-08-20 14:32:05Z" end-time="2026-08-20 14:32:05Z" duration="0.000122" asserts="0">
              <properties>
                <property name="retryIteration" value="0" />
                <property name="repeatIteration" value="0" />
              </properties>
            </test-case>
          </test-suite>
          <test-suite type="TestFixture" id="1015" name="AndroidDeviceQARecordTests" fullname="Lattirune.Tests.AndroidDeviceQARecordTests" classname="Lattirune.Tests.AndroidDeviceQARecordTests" runstate="Runnable" testcasecount="12" result="Passed" start-time="2026-08-20 14:32:05Z" end-time="2026-08-20 14:32:05Z" duration="0.013690" total="12" passed="12" failed="0" inconclusive="0" skipped="0" asserts="0">
            <properties />
            <test-case id="1024" name="DeviceQARecord_CanonicalItemCatalogue_Has20Items" fullname="Lattirune.Tests.AndroidDeviceQARecordTests.DeviceQARecord_CanonicalItemCatalogue_Has20Items" methodname="DeviceQARecord_CanonicalItemCatalogue_Has20Items" classname="Lattirune.Tests.AndroidDeviceQARecordTests" runstate="Runnable" seed="2090072815" result="Passed" start-time="2026-08-20 14:32:05Z" end-time="2026-08-20 14:32:05Z" duration="0.005064" asserts="0">
              <properties>
                <property name="retryIteration" value="0" />
                <property name="repeatIteration" value="0" />
              </properties>
            </test-case>
            <test-case id="1025" name="DeviceQARecord_CanonicalRuneCatalogue_Has10Runes" fullname="Lattirune.Tests.AndroidDeviceQARecordTests.DeviceQARecord_CanonicalRuneCatalogue_Has10Runes" methodname="DeviceQARecord_CanonicalRuneCatalogue_Has10Runes" classname="Lattirune.Tests.AndroidDeviceQARecordTests" runstate="Runnable" seed="1360526607" result="Passed" start-time="2026-08-20 14:32:05Z" end-time="2026-08-20 14:32:05Z" duration="0.001412" asserts="0">
              <properties>
                <property name="retryIteration" value="0" />
                <property name="repeatIteration" value="0" />
              </properties>
            </test-case>
            <test-case id="1027" name="DeviceQARecord_LichLordBoss_HasThreePhases" fullname="Lattirune.Tests.AndroidDeviceQARecordTests.DeviceQARecord_LichLordBoss_HasThreePhases" methodname="DeviceQARecord_LichLordBoss_HasThreePhases" classname="Lattirune.Tests.AndroidDeviceQARecordTests" runstate="Runnable" seed="73718901" result="Passed" start-time="2026-08-20 14:32:05Z" end-time="2026-08-20 14:32:05Z" duration="0.000743" asserts="0">
              <properties>
                <property name="retryIteration" value="0" />
                <property name="repeatIteration" value="0" />
              </properties>
            </test-case>
            <test-case id="1016" name="DeviceQARecord_ManualChecklistDocument_Exists" fullname="Lattirune.Tests.AndroidDeviceQARecordTests.DeviceQARecord_ManualChecklistDocument_Exists" methodname="DeviceQARecord_ManualChecklistDocument_Exists" classname="Lattirune.Tests.AndroidDeviceQARecordTests" runstate="Runnable" seed="1111656829" result="Passed" start-time="2026-08-20 14:32:05Z" end-time="2026-08-20 14:32:05Z" duration="0.000169" asserts="0">
              <properties>
                <property name="retryIteration" value="0" />
                <property name="repeatIteration" value="0" />
              </properties>
            </test-case>
            <test-case id="1019" name="DeviceQARecord_PackageIdentifier_Matches" fullname="Lattirune.Tests.AndroidDeviceQARecordTests.DeviceQARecord_PackageIdentifier_Matches" methodname="DeviceQARecord_PackageIdentifier_Matches" classname="Lattirune.Tests.AndroidDeviceQARecordTests" runstate="Runnable" seed="669837584" result="Passed" start-time="2026-08-20 14:32:05Z" end-time="2026-08-20 14:32:05Z" duration="0.000155" asserts="0">
              <properties>
                <property name="retryIteration" value="0" />
                <property name="repeatIteration" value="0" />
              </properties>
            </test-case>
            <test-case id="1023" name="DeviceQARecord_PhysicalQAStatus_IsExplicitlyNotTested" fullname="Lattirune.Tests.AndroidDeviceQARecordTests.DeviceQARecord_PhysicalQAStatus_IsExplicitlyNotTested" methodname="DeviceQARecord_PhysicalQAStatus_IsExplicitlyNotTested" classname="Lattirune.Tests.AndroidDeviceQARecordTests" runstate="Runnable" seed="811032314" result="Passed" start-time="2026-08-20 14:32:05Z" end-time="2026-08-20 14:32:05Z" duration="0.000197" asserts="0">
              <properties>
                <property name="retryIteration" value="0" />
                <property name="repeatIteration" value="0" />
              </properties>
            </test-case>
            <test-case id="1018" name="DeviceQARecord_ReleaseApkPath_IsLattirune100" fullname="Lattirune.Tests.AndroidDeviceQARecordTests.DeviceQARecord_ReleaseApkPath_IsLattirune100" methodname="DeviceQARecord_ReleaseApkPath_IsLattirune100" classname="Lattirune.Tests.AndroidDeviceQARecordTests" runstate="Runnable" seed="752084465" result="Passed" start-time="2026-08-20 14:32:05Z" end-time="2026-08-20 14:32:05Z" duration="0.000165" asserts="0">
              <properties>
                <property name="retryIteration" value="0" />
                <property name="repeatIteration" value="0" />
              </properties>
            </test-case>
            <test-case id="1017" name="DeviceQARecord_ReleaseNotesDocument_Exists" fullname="Lattirune.Tests.AndroidDeviceQARecordTests.DeviceQARecord_ReleaseNotesDocument_Exists" methodname="DeviceQARecord_ReleaseNotesDocument_Exists" classname="Lattirune.Tests.AndroidDeviceQARecordTests" runstate="Runnable" seed="1234442458" result="Passed" start-time="2026-08-20 14:32:05Z" end-time="2026-08-20 14:32:05Z" duration="0.000180" asserts="0">
              <properties>
                <property name="retryIteration" value="0" />
                <property name="repeatIteration" value="0" />
              </properties>
            </test-case>
            <test-case id="1022" name="DeviceQARecord_SaveVersion_MatchesOne" fullname="Lattirune.Tests.AndroidDeviceQARecordTests.DeviceQARecord_SaveVersion_MatchesOne" methodname="DeviceQARecord_SaveVersion_MatchesOne" classname="Lattirune.Tests.AndroidDeviceQARecordTests" runstate="Runnable" seed="875894681" result="Passed" start-time="2026-08-20 14:32:05Z" end-time="2026-08-20 14:32:05Z" duration="0.000214" asserts="0">
              <properties>
                <property name="retryIteration" value="0" />
                <property name="repeatIteration" value="0" />
              </properties>
            </test-case>
            <test-case id="1026" name="DeviceQARecord_TenFloorDungeon_Has10Floors" fullname="Lattirune.Tests.AndroidDeviceQARecordTests.DeviceQARecord_TenFloorDungeon_Has10Floors" methodname="DeviceQARecord_TenFloorDungeon_Has10Floors" classname="Lattirune.Tests.AndroidDeviceQARecordTests" runstate="Runnable" seed="465894235" result="Passed" start-time="2026-08-20 14:32:05Z" end-time="2026-08-20 14:32:05Z" duration="0.002886" asserts="0">
              <properties>
                <property name="retryIteration" value="0" />
                <property name="repeatIteration" value="0" />
              </properties>
            </test-case>
            <test-case id="1020" name="DeviceQARecord_Version_Matches100" fullname="Lattirune.Tests.AndroidDeviceQARecordTests.DeviceQARecord_Version_Matches100" methodname="DeviceQARecord_Version_Matches100" classname="Lattirune.Tests.AndroidDeviceQARecordTests" runstate="Runnable" seed="1610009948" result="Passed" start-time="2026-08-20 14:32:05Z" end-time="2026-08-20 14:32:05Z" duration="0.000180" asserts="0">
              <properties>
                <property name="retryIteration" value="0" />
                <property name="repeatIteration" value="0" />
              </properties>
            </test-case>
            <test-case id="1021" name="DeviceQARecord_VersionCode_MatchesOne" fullname="Lattirune.Tests.AndroidDeviceQARecordTests.DeviceQARecord_VersionCode_MatchesOne" methodname="DeviceQARecord_VersionCode_MatchesOne" classname="Lattirune.Tests.AndroidDeviceQARecordTests" runstate="Runnable" seed="558700023" result="Passed" start-time="2026-08-20 14:32:05Z" end-time="2026-08-20 14:32:05Z" duration="0.000165" asserts="0">
              <properties>
                <property name="retryIteration" value="0" />
                <property name="repeatIteration" value="0" />
              </properties>
            </test-case>
          </test-suite>
          <test-suite type="TestFixture" id="1028" name="AndroidReleaseArtifactTests" fullname="Lattirune.Tests.AndroidReleaseArtifactTests" classname="Lattirune.Tests.AndroidReleaseArtifactTests" runstate="Runnable" testcasecount="12" result="Passed" start-time="2026-08-20 14:32:05Z" end-time="2026-08-20 14:32:05Z" duration="0.007627" total="12" passed="12" failed="0" inconclusive="0" skipped="0" asserts="0">
            <properties />
            <test-case id="1036" name="ArtifactTests_CanonicalItemCatalogue_HasExact20Items" fullname="Lattirune.Tests.AndroidReleaseArtifactTests.ArtifactTests_CanonicalItemCatalogue_HasExact20Items" methodname="ArtifactTests_CanonicalItemCatalogue_HasExact20Items" classname="Lattirune.Tests.AndroidReleaseArtifactTests" runstate="Runnable" seed="789115421" result="Passed" start-time="2026-08-20 14:32:05Z" end-time="2026-08-20 14:32:05Z" duration="0.000828" asserts="0">
              <properties>
                <property name="retryIteration" value="0" />
                <property name="repeatIteration" value="0" />
              </properties>
            </test-case>
            <test-case id="1037" name="ArtifactTests_CanonicalRuneCatalogue_HasExact10Runes" fullname="Lattirune.Tests.AndroidReleaseArtifactTests.ArtifactTests_CanonicalRuneCatalogue_HasExact10Runes" methodname="ArtifactTests_CanonicalRuneCatalogue_HasExact10Runes" classname="Lattirune.Tests.AndroidReleaseArtifactTests" runstate="Runnable" seed="1635835287" result="Passed" start-time="2026-08-20 14:32:05Z" end-time="2026-08-20 14:32:05Z" duration="0.000395" asserts="0">
              <properties>
                <property name="retryIteration" value="0" />
                <property name="repeatIteration" value="0" />
              </properties>
            </test-case>
            <test-case id="1033" name="ArtifactTests_CoreBootstrapScene_IsSpecified" fullname="Lattirune.Tests.AndroidReleaseArtifactTests.ArtifactTests_CoreBootstrapScene_IsSpecified" methodname="ArtifactTests_CoreBootstrapScene_IsSpecified" classname="Lattirune.Tests.AndroidReleaseArtifactTests" runstate="Runnable" seed="959121650" result="Passed" start-time="2026-08-20 14:32:05Z" end-time="2026-08-20 14:32:05Z" duration="0.000149" asserts="0">
              <properties>
                <property name="retryIteration" value="0" />
                <property name="repeatIteration" value="0" />
              </properties>
            </test-case>
            <test-case id="1034" name="ArtifactTests_DungeonTopology_HasExact10Floors" fullname="Lattirune.Tests.AndroidReleaseArtifactTests.ArtifactTests_DungeonTopology_HasExact10Floors" methodname="ArtifactTests_DungeonTopology_HasExact10Floors" classname="Lattirune.Tests.AndroidReleaseArtifactTests" runstate="Runnable" seed="49416503" result="Passed" start-time="2026-08-20 14:32:05Z" end-time="2026-08-20 14:32:05Z" duration="0.000493" asserts="0">
              <properties>
                <property name="retryIteration" value="0" />
                <property name="repeatIteration" value="0" />
              </properties>
            </test-case>
            <test-case id="1039" name="ArtifactTests_ElementalReactions_HasAll5Reactions" fullname="Lattirune.Tests.AndroidReleaseArtifactTests.ArtifactTests_ElementalReactions_HasAll5Reactions" methodname="ArtifactTests_ElementalReactions_HasAll5Reactions" classname="Lattirune.Tests.AndroidReleaseArtifactTests" runstate="Runnable" seed="21952135" result="Passed" start-time="2026-08-20 14:32:05Z" end-time="2026-08-20 14:32:05Z" duration="0.000844" asserts="0">
              <properties>
                <property name="retryIteration" value="0" />
                <property name="repeatIteration" value="0" />
              </properties>
            </test-case>
            <test-case id="1035" name="ArtifactTests_LichLordBoss_IsLocatedAtFloor10" fullname="Lattirune.Tests.AndroidReleaseArtifactTests.ArtifactTests_LichLordBoss_IsLocatedAtFloor10" methodname="ArtifactTests_LichLordBoss_IsLocatedAtFloor10" classname="Lattirune.Tests.AndroidReleaseArtifactTests" runstate="Runnable" seed="1982397566" result="Passed" start-time="2026-08-20 14:32:05Z" end-time="2026-08-20 14:32:05Z" duration="0.000735" asserts="0">
              <properties>
                <property name="retryIteration" value="0" />
                <property name="repeatIteration" value="0" />
              </properties>
            </test-case>
            <test-case id="1038" name="ArtifactTests_MasterSynergies_HasAll5Combinations" fullname="Lattirune.Tests.AndroidReleaseArtifactTests.ArtifactTests_MasterSynergies_HasAll5Combinations" methodname="ArtifactTests_MasterSynergies_HasAll5Combinations" classname="Lattirune.Tests.AndroidReleaseArtifactTests" runstate="Runnable" seed="1366485760" result="Passed" start-time="2026-08-20 14:32:05Z" end-time="2026-08-20 14:32:05Z" duration="0.001227" asserts="0">
              <properties>
                <property name="retryIteration" value="0" />
                <property name="repeatIteration" value="0" />
              </properties>
            </test-case>
            <test-case id="1030" name="ArtifactTests_Orientation_IsConfiguredAsPortrait" fullname="Lattirune.Tests.AndroidReleaseArtifactTests.ArtifactTests_Orientation_IsConfiguredAsPortrait" methodname="ArtifactTests_Orientation_IsConfiguredAsPortrait" classname="Lattirune.Tests.AndroidReleaseArtifactTests" runstate="Runnable" seed="1410145640" result="Passed" start-time="2026-08-20 14:32:05Z" end-time="2026-08-20 14:32:05Z" duration="0.000245" asserts="0">
              <properties>
                <property name="retryIteration" value="0" />
                <property name="repeatIteration" value="0" />
              </properties>
            </test-case>
            <test-case id="1029" name="ArtifactTests_PackageIdentifier_MatchesSpecification" fullname="Lattirune.Tests.AndroidReleaseArtifactTests.ArtifactTests_PackageIdentifier_MatchesSpecification" methodname="ArtifactTests_PackageIdentifier_MatchesSpecification" classname="Lattirune.Tests.AndroidReleaseArtifactTests" runstate="Runnable" seed="554336907" result="Passed" start-time="2026-08-20 14:32:05Z" end-time="2026-08-20 14:32:05Z" duration="0.000148" asserts="0">
              <properties>
                <property name="retryIteration" value="0" />
                <property name="repeatIteration" value="0" />
              </properties>
            </test-case>
            <test-case id="1031" name="ArtifactTests_ReleaseArtifactPath_IsConfiguredProperly" fullname="Lattirune.Tests.AndroidReleaseArtifactTests.ArtifactTests_ReleaseArtifactPath_IsConfiguredProperly" methodname="ArtifactTests_ReleaseArtifactPath_IsConfiguredProperly" classname="Lattirune.Tests.AndroidReleaseArtifactTests" runstate="Runnable" seed="1541611039" result="Passed" start-time="2026-08-20 14:32:05Z" end-time="2026-08-20 14:32:05Z" duration="0.000126" asserts="0">
              <properties>
                <property name="retryIteration" value="0" />
                <property name="repeatIteration" value="0" />
              </properties>
            </test-case>
            <test-case id="1032" name="ArtifactTests_SaveVersion_MatchesConstantOne" fullname="Lattirune.Tests.AndroidReleaseArtifactTests.ArtifactTests_SaveVersion_MatchesConstantOne" methodname="ArtifactTests_SaveVersion_MatchesConstantOne" classname="Lattirune.Tests.AndroidReleaseArtifactTests" runstate="Runnable" seed="531473211" result="Passed" start-time="2026-08-20 14:32:05Z" end-time="2026-08-20 14:32:05Z" duration="0.000168" asserts="0">
              <properties>
                <property name="retryIteration" value="0" />
                <property name="repeatIteration" value="0" />
              </properties>
            </test-case>
            <test-case id="1040" name="ArtifactTests_TouchTargetHeight_ConformsTo52dpMinimum" fullname="Lattirune.Tests.AndroidReleaseArtifactTests.ArtifactTests_TouchTargetHeight_ConformsTo52dpMinimum" methodname="ArtifactTests_TouchTargetHeight_ConformsTo52dpMinimum" classname="Lattirune.Tests.AndroidReleaseArtifactTests" runstate="Runnable" seed="1503841432" result="Passed" start-time="2026-08-20 14:32:05Z" end-time="2026-08-20 14:32:05Z" duration="0.000664" asserts="0">
              <properties>
                <property name="retryIteration" value="0" />
                <property name="repeatIteration" value="0" />
              </properties>
            </test-case>
          </test-suite>
          <test-suite type="TestFixture" id="1041" name="AudioControllerTests" fullname="Lattirune.Tests.AudioControllerTests" classname="Lattirune.Tests.AudioControllerTests" runstate="Runnable" testcasecount="6" result="Passed" start-time="2026-08-20 14:32:05Z" end-time="2026-08-20 14:32:05Z" duration="0.023499" total="6" passed="6" failed="0" inconclusive="0" skipped="0" asserts="0">
            <properties />
            <test-case id="1046" name="AudioController_AllFifteenCues_PlaySafelyWithoutExceptions" fullname="Lattirune.Tests.AudioControllerTests.AudioController_AllFifteenCues_PlaySafelyWithoutExceptions" methodname="AudioController_AllFifteenCues_PlaySafelyWithoutExceptions" classname="Lattirune.Tests.AudioControllerTests" runstate="Runnable" seed="568876966" result="Passed" start-time="2026-08-20 14:32:05Z" end-time="2026-08-20 14:32:05Z" duration="0.017899" asserts="0">
              <properties>
                <property name="retryIteration" value="0" />
                <property name="repeatIteration" value="0" />
              </properties>
            </test-case>
            <test-case id="1047" name="AudioController_BgmPlaybackAndMusicVolume_ControlsTrack" fullname="Lattirune.Tests.AudioControllerTests.AudioController_BgmPlaybackAndMusicVolume_ControlsTrack" methodname="AudioController_BgmPlaybackAndMusicVolume_ControlsTrack" classname="Lattirune.Tests.AudioControllerTests" runstate="Runnable" seed="1236756402" result="Passed" start-time="2026-08-20 14:32:05Z" end-time="2026-08-20 14:32:05Z" duration="0.001033" asserts="0">
              <properties>
                <property name="retryIteration" value="0" />
                <property name="repeatIteration" value="0" />
              </properties>
            </test-case>
            <test-case id="1042" name="AudioController_Initializes_WithDefaultVolumes" fullname="Lattirune.Tests.AudioControllerTests.AudioController_Initializes_WithDefaultVolumes" methodname="AudioController_Initializes_WithDefaultVolumes" classname="Lattirune.Tests.AudioControllerTests" runstate="Runnable" seed="1775534330" result="Passed" start-time="2026-08-20 14:32:05Z" end-time="2026-08-20 14:32:05Z" duration="0.000289" asserts="0">
              <properties>
                <property name="retryIteration" value="0" />
                <property name="repeatIteration" value="0" />
              </properties>
            </test-case>
            <test-case id="1044" name="AudioController_Mute_SetsEffectiveVolumeToZero" fullname="Lattirune.Tests.AudioControllerTests.AudioController_Mute_SetsEffectiveVolumeToZero" methodname="AudioController_Mute_SetsEffectiveVolumeToZero" classname="Lattirune.Tests.AudioControllerTests" runstate="Runnable" seed="1021450919" result="Passed" start-time="2026-08-20 14:32:05Z" end-time="2026-08-20 14:32:05Z" duration="0.000740" asserts="0">
              <properties>
                <property name="retryIteration" value="0" />
                <property name="repeatIteration" value="0" />
              </properties>
            </test-case>
            <test-case id="1045" name="AudioController_PlaySfx_UpdatesTelemetryAndLastCue" fullname="Lattirune.Tests.AudioControllerTests.AudioController_PlaySfx_UpdatesTelemetryAndLastCue" methodname="AudioController_PlaySfx_UpdatesTelemetryAndLastCue" classname="Lattirune.Tests.AudioControllerTests" runstate="Runnable" seed="1776566758" result="Passed" start-time="2026-08-20 14:32:05Z" end-time="2026-08-20 14:32:05Z" duration="0.001910" asserts="0">
              <properties>
                <property name="retryIteration" value="0" />
                <property name="repeatIteration" value="0" />
              </properties>
            </test-case>
            <test-case id="1043" name="AudioController_VolumeClamping_RestrictsValuesToZeroOne" fullname="Lattirune.Tests.AudioControllerTests.AudioController_VolumeClamping_RestrictsValuesToZeroOne" methodname="AudioController_VolumeClamping_RestrictsValuesToZeroOne" classname="Lattirune.Tests.AudioControllerTests" runstate="Runnable" seed="1546614794" result="Passed" start-time="2026-08-20 14:32:05Z" end-time="2026-08-20 14:32:05Z" duration="0.000262" asserts="0">
              <properties>
                <property name="retryIteration" value="0" />
                <property name="repeatIteration" value="0" />
              </properties>
            </test-case>
          </test-suite>
          <test-suite type="TestFixture" id="1048" name="BossCombatIntegrationTests" fullname="Lattirune.Tests.BossCombatIntegrationTests" classname="Lattirune.Tests.BossCombatIntegrationTests" runstate="Runnable" testcasecount="1" result="Passed" start-time="2026-08-20 14:32:05Z" end-time="2026-08-20 14:32:05Z" duration="0.005099" total="1" passed="1" failed="0" inconclusive="0" skipped="0" asserts="0">
            <properties />
            <test-case id="1049" name="BossCombat_Victory_TriggersRewardAndRunCompletion" fullname="Lattirune.Tests.BossCombatIntegrationTests.BossCombat_Victory_TriggersRewardAndRunCompletion" methodname="BossCombat_Victory_TriggersRewardAndRunCompletion" classname="Lattirune.Tests.BossCombatIntegrationTests" runstate="Runnable" seed="239748111" result="Passed" start-time="2026-08-20 14:32:05Z" end-time="2026-08-20 14:32:05Z" duration="0.004498" asserts="0">
              <properties>
                <property name="retryIteration" value="0" />
                <property name="repeatIteration" value="0" />
              </properties>
            </test-case>
          </test-suite>
          <test-suite type="TestFixture" id="1050" name="BossPhaseTests" fullname="Lattirune.Tests.BossPhaseTests" classname="Lattirune.Tests.BossPhaseTests" runstate="Runnable" testcasecount="6" result="Passed" start-time="2026-08-20 14:32:05Z" end-time="2026-08-20 14:32:05Z" duration="0.002589" total="6" passed="6" failed="0" inconclusive="0" skipped="0" asserts="0">
            <properties />
            <test-case id="1052" name="BossDefinition_ValidatesCorrectly" fullname="Lattirune.Tests.BossPhaseTests.BossDefinition_ValidatesCorrectly" methodname="BossDefinition_ValidatesCorrectly" classname="Lattirune.Tests.BossPhaseTests" runstate="Runnable" seed="573176637" result="Passed" start-time="2026-08-20 14:32:05Z" end-time="2026-08-20 14:32:05Z" duration="0.000524" asserts="0">
              <properties>
                <property name="retryIteration" value="0" />
                <property name="repeatIteration" value="0" />
              </properties>
            </test-case>
            <test-case id="1056" name="BossPhase_ScriptableObjects_RemainImmutable" fullname="Lattirune.Tests.BossPhaseTests.BossPhase_ScriptableObjects_RemainImmutable" methodname="BossPhase_ScriptableObjects_RemainImmutable" classname="Lattirune.Tests.BossPhaseTests" runstate="Runnable" seed="347076365" result="Passed" start-time="2026-08-20 14:32:05Z" end-time="2026-08-20 14:32:05Z" duration="0.000183" asserts="0">
              <properties>
                <property name="retryIteration" value="0" />
                <property name="repeatIteration" value="0" />
              </properties>
            </test-case>
            <test-case id="1051" name="BossPhase_ValidatesCorrectly" fullname="Lattirune.Tests.BossPhaseTests.BossPhase_ValidatesCorrectly" methodname="BossPhase_ValidatesCorrectly" classname="Lattirune.Tests.BossPhaseTests" runstate="Runnable" seed="1687081811" result="Passed" start-time="2026-08-20 14:32:05Z" end-time="2026-08-20 14:32:05Z" duration="0.000224" asserts="0">
              <properties>
                <property name="retryIteration" value="0" />
                <property name="repeatIteration" value="0" />
              </properties>
            </test-case>
            <test-case id="1053" name="LichLord_BaseStats_MatchPlan" fullname="Lattirune.Tests.BossPhaseTests.LichLord_BaseStats_MatchPlan" methodname="LichLord_BaseStats_MatchPlan" classname="Lattirune.Tests.BossPhaseTests" runstate="Runnable" seed="1648816039" result="Passed" start-time="2026-08-20 14:32:05Z" end-time="2026-08-20 14:32:05Z" duration="0.000196" asserts="0">
              <properties>
                <property name="retryIteration" value="0" />
                <property name="repeatIteration" value="0" />
              </properties>
            </test-case>
            <test-case id="1054" name="LichLord_PhaseCount_IsThree" fullname="Lattirune.Tests.BossPhaseTests.LichLord_PhaseCount_IsThree" methodname="LichLord_PhaseCount_IsThree" classname="Lattirune.Tests.BossPhaseTests" runstate="Runnable" seed="1904630387" result="Passed" start-time="2026-08-20 14:32:05Z" end-time="2026-08-20 14:32:05Z" duration="0.000193" asserts="0">
              <properties>
                <property name="retryIteration" value="0" />
                <property name="repeatIteration" value="0" />
              </properties>
            </test-case>
            <test-case id="1055" name="LichLord_PhaseThresholds_AreDescending" fullname="Lattirune.Tests.BossPhaseTests.LichLord_PhaseThresholds_AreDescending" methodname="LichLord_PhaseThresholds_AreDescending" classname="Lattirune.Tests.BossPhaseTests" runstate="Runnable" seed="1952464570" result="Passed" start-time="2026-08-20 14:32:05Z" end-time="2026-08-20 14:32:05Z" duration="0.000173" asserts="0">
              <properties>
                <property name="retryIteration" value="0" />
                <property name="repeatIteration" value="0" />
              </properties>
            </test-case>
          </test-suite>
          <test-suite type="TestFixture" id="1057" name="BossSystemTests" fullname="Lattirune.Tests.BossSystemTests" classname="Lattirune.Tests.BossSystemTests" runstate="Runnable" testcasecount="7" result="Passed" start-time="2026-08-20 14:32:05Z" end-time="2026-08-20 14:32:05Z" duration="0.003756" total="7" passed="7" failed="0" inconclusive="0" skipped="0" asserts="0">
            <properties />
            <test-case id="1061" name="BossSystem_DeadBoss_CannotTransitionPhases" fullname="Lattirune.Tests.BossSystemTests.BossSystem_DeadBoss_CannotTransitionPhases" methodname="BossSystem_DeadBoss_CannotTransitionPhases" classname="Lattirune.Tests.BossSystemTests" runstate="Runnable" seed="2098955942" result="Passed" start-time="2026-08-20 14:32:05Z" end-time="2026-08-20 14:32:05Z" duration="0.000432" asserts="0">
              <properties>
                <property name="retryIteration" value="0" />
                <property name="repeatIteration" value="0" />
              </properties>
            </test-case>
            <test-case id="1064" name="BossSystem_GraveGoliathMidBoss_TransitionsAtHalfHp" fullname="Lattirune.Tests.BossSystemTests.BossSystem_GraveGoliathMidBoss_TransitionsAtHalfHp" methodname="BossSystem_GraveGoliathMidBoss_TransitionsAtHalfHp" classname="Lattirune.Tests.BossSystemTests" runstate="Runnable" seed="1029289868" result="Passed" start-time="2026-08-20 14:32:05Z" end-time="2026-08-20 14:32:05Z" duration="0.000482" asserts="0">
              <properties>
                <property name="retryIteration" value="0" />
                <property name="repeatIteration" value="0" />
              </properties>
            </test-case>
            <test-case id="1062" name="BossSystem_ResetBoss_RestoresInitialState" fullname="Lattirune.Tests.BossSystemTests.BossSystem_ResetBoss_RestoresInitialState" methodname="BossSystem_ResetBoss_RestoresInitialState" classname="Lattirune.Tests.BossSystemTests" runstate="Runnable" seed="1121525720" result="Passed" start-time="2026-08-20 14:32:05Z" end-time="2026-08-20 14:32:05Z" duration="0.000319" asserts="0">
              <properties>
                <property name="retryIteration" value="0" />
                <property name="repeatIteration" value="0" />
              </properties>
            </test-case>
            <test-case id="1058" name="BossSystem_StartsInPhase1" fullname="Lattirune.Tests.BossSystemTests.BossSystem_StartsInPhase1" methodname="BossSystem_StartsInPhase1" classname="Lattirune.Tests.BossSystemTests" runstate="Runnable" seed="1591042136" result="Passed" start-time="2026-08-20 14:32:05Z" end-time="2026-08-20 14:32:05Z" duration="0.000291" asserts="0">
              <properties>
                <property name="retryIteration" value="0" />
                <property name="repeatIteration" value="0" />
              </properties>
            </test-case>
            <test-case id="1063" name="BossSystem_Telemetry_MatchesRuntimeState" fullname="Lattirune.Tests.BossSystemTests.BossSystem_Telemetry_MatchesRuntimeState" methodname="BossSystem_Telemetry_MatchesRuntimeState" classname="Lattirune.Tests.BossSystemTests" runstate="Runnable" seed="780972984" result="Passed" start-time="2026-08-20 14:32:05Z" end-time="2026-08-20 14:32:05Z" duration="0.000497" asserts="0">
              <properties>
                <property name="retryIteration" value="0" />
                <property name="repeatIteration" value="0" />
              </properties>
            </test-case>
            <test-case id="1059" name="BossSystem_ThresholdTransition_MovesToPhase2" fullname="Lattirune.Tests.BossSystemTests.BossSystem_ThresholdTransition_MovesToPhase2" methodname="BossSystem_ThresholdTransition_MovesToPhase2" classname="Lattirune.Tests.BossSystemTests" runstate="Runnable" seed="718978582" result="Passed" start-time="2026-08-20 14:32:05Z" end-time="2026-08-20 14:32:05Z" duration="0.000416" asserts="0">
              <properties>
                <property name="retryIteration" value="0" />
                <property name="repeatIteration" value="0" />
              </properties>
            </test-case>
            <test-case id="1060" name="BossSystem_ThresholdTransition_MovesToPhase3" fullname="Lattirune.Tests.BossSystemTests.BossSystem_ThresholdTransition_MovesToPhase3" methodname="BossSystem_ThresholdTransition_MovesToPhase3" classname="Lattirune.Tests.BossSystemTests" runstate="Runnable" seed="1338993208" result="Passed" start-time="2026-08-20 14:32:05Z" end-time="2026-08-20 14:32:05Z" duration="0.000302" asserts="0">
              <properties>
                <property name="retryIteration" value="0" />
                <property name="repeatIteration" value="0" />
              </properties>
            </test-case>
          </test-suite>
          <test-suite type="TestFixture" id="1065" name="CampfireRestAndTutorialTests" fullname="Lattirune.Tests.CampfireRestAndTutorialTests" classname="Lattirune.Tests.CampfireRestAndTutorialTests" runstate="Runnable" testcasecount="4" result="Passed" start-time="2026-08-20 14:32:05Z" end-time="2026-08-20 14:32:05Z" duration="0.006330" total="4" passed="4" failed="0" inconclusive="0" skipped="0" asserts="0">
            <properties />
            <test-case id="1067" name="CampfireRest_CleanseCurse_RemovesVulnerabilityModifier" fullname="Lattirune.Tests.CampfireRestAndTutorialTests.CampfireRest_CleanseCurse_RemovesVulnerabilityModifier" methodname="CampfireRest_CleanseCurse_RemovesVulnerabilityModifier" classname="Lattirune.Tests.CampfireRestAndTutorialTests" runstate="Runnable" seed="975533120" result="Passed" start-time="2026-08-20 14:32:05Z" end-time="2026-08-20 14:32:05Z" duration="0.003537" asserts="0">
              <properties>
                <property name="retryIteration" value="0" />
                <property name="repeatIteration" value="0" />
              </properties>
            </test-case>
            <test-case id="1066" name="CampfireRest_Heal40Percent_RestoresPlayerHealth" fullname="Lattirune.Tests.CampfireRestAndTutorialTests.CampfireRest_Heal40Percent_RestoresPlayerHealth" methodname="CampfireRest_Heal40Percent_RestoresPlayerHealth" classname="Lattirune.Tests.CampfireRestAndTutorialTests" runstate="Runnable" seed="307088791" result="Passed" start-time="2026-08-20 14:32:05Z" end-time="2026-08-20 14:32:05Z" duration="0.000654" asserts="0">
              <properties>
                <property name="retryIteration" value="0" />
                <property name="repeatIteration" value="0" />
              </properties>
            </test-case>
            <test-case id="1068" name="TutorialManager_StepProgressionAndSkip" fullname="Lattirune.Tests.CampfireRestAndTutorialTests.TutorialManager_StepProgressionAndSkip" methodname="TutorialManager_StepProgressionAndSkip" classname="Lattirune.Tests.CampfireRestAndTutorialTests" runstate="Runnable" seed="858296586" result="Passed" start-time="2026-08-20 14:32:05Z" end-time="2026-08-20 14:32:05Z" duration="0.000437" asserts="0">
              <properties>
                <property name="retryIteration" value="0" />
                <property name="repeatIteration" value="0" />
              </properties>
            </test-case>
            <test-case id="1069" name="TutorialSavePersistence_PreservesCompletedFlag" fullname="Lattirune.Tests.CampfireRestAndTutorialTests.TutorialSavePersistence_PreservesCompletedFlag" methodname="TutorialSavePersistence_PreservesCompletedFlag" classname="Lattirune.Tests.CampfireRestAndTutorialTests" runstate="Runnable" seed="125513988" result="Passed" start-time="2026-08-20 14:32:05Z" end-time="2026-08-20 14:32:05Z" duration="0.000920" asserts="0">
              <properties>
                <property name="retryIteration" value="0" />
                <property name="repeatIteration" value="0" />
              </properties>
            </test-case>
          </test-suite>
          <test-suite type="TestFixture" id="1070" name="CodexSystemTests" fullname="Lattirune.Tests.CodexSystemTests" classname="Lattirune.Tests.CodexSystemTests" runstate="Runnable" testcasecount="4" result="Passed" start-time="2026-08-20 14:32:05Z" end-time="2026-08-20 14:32:05Z" duration="0.006445" total="4" passed="4" failed="0" inconclusive="0" skipped="0" asserts="0">
            <properties />
            <test-case id="1071" name="CanonicalBestiaryDatabase_ContainsAll7CanonicalEnemies" fullname="Lattirune.Tests.CodexSystemTests.CanonicalBestiaryDatabase_ContainsAll7CanonicalEnemies" methodname="CanonicalBestiaryDatabase_ContainsAll7CanonicalEnemies" classname="Lattirune.Tests.CodexSystemTests" runstate="Runnable" seed="1413104174" result="Passed" start-time="2026-08-20 14:32:05Z" end-time="2026-08-20 14:32:05Z" duration="0.002151" asserts="0">
              <properties>
                <property name="retryIteration" value="0" />
                <property name="repeatIteration" value="0" />
              </properties>
            </test-case>
            <test-case id="1072" name="RecordEnemyEncounterAndDefeat_IncrementsTelemetryAccurately" fullname="Lattirune.Tests.CodexSystemTests.RecordEnemyEncounterAndDefeat_IncrementsTelemetryAccurately" methodname="RecordEnemyEncounterAndDefeat_IncrementsTelemetryAccurately" classname="Lattirune.Tests.CodexSystemTests" runstate="Runnable" seed="785146191" result="Passed" start-time="2026-08-20 14:32:05Z" end-time="2026-08-20 14:32:05Z" duration="0.000764" asserts="0">
              <properties>
                <property name="retryIteration" value="0" />
                <property name="repeatIteration" value="0" />
              </properties>
            </test-case>
            <test-case id="1073" name="RecordSynergiesAndReactions_TracksUniqueDiscoveries" fullname="Lattirune.Tests.CodexSystemTests.RecordSynergiesAndReactions_TracksUniqueDiscoveries" methodname="RecordSynergiesAndReactions_TracksUniqueDiscoveries" classname="Lattirune.Tests.CodexSystemTests" runstate="Runnable" seed="452407703" result="Passed" start-time="2026-08-20 14:32:05Z" end-time="2026-08-20 14:32:05Z" duration="0.000980" asserts="0">
              <properties>
                <property name="retryIteration" value="0" />
                <property name="repeatIteration" value="0" />
              </properties>
            </test-case>
            <test-case id="1074" name="SaveLoadPersistence_PreservesCompleteCodexState" fullname="Lattirune.Tests.CodexSystemTests.SaveLoadPersistence_PreservesCompleteCodexState" methodname="SaveLoadPersistence_PreservesCompleteCodexState" classname="Lattirune.Tests.CodexSystemTests" runstate="Runnable" seed="91067783" result="Passed" start-time="2026-08-20 14:32:05Z" end-time="2026-08-20 14:32:05Z" duration="0.001495" asserts="0">
              <properties>
                <property name="retryIteration" value="0" />
                <property name="repeatIteration" value="0" />
              </properties>
            </test-case>
          </test-suite>
          <test-suite type="TestFixture" id="1075" name="CombatAgencyAndEconomyTests" fullname="Lattirune.Tests.CombatAgencyAndEconomyTests" classname="Lattirune.Tests.CombatAgencyAndEconomyTests" runstate="Runnable" testcasecount="22" result="Passed" start-time="2026-08-20 14:32:05Z" end-time="2026-08-20 14:32:05Z" duration="0.031160" total="22" passed="22" failed="0" inconclusive="0" skipped="0" asserts="0">
            <properties />
            <test-case id="1095" name="Campfire_Heal_Restores40PercentMaxHp" fullname="Lattirune.Tests.CombatAgencyAndEconomyTests.Campfire_Heal_Restores40PercentMaxHp" methodname="Campfire_Heal_Restores40PercentMaxHp" classname="Lattirune.Tests.CombatAgencyAndEconomyTests" runstate="Runnable" seed="2119216635" result="Passed" start-time="2026-08-20 14:32:05Z" end-time="2026-08-20 14:32:05Z" duration="0.001676" asserts="0">
              <properties>
                <property name="retryIteration" value="0" />
                <property name="repeatIteration" value="0" />
              </properties>
            </test-case>
            <test-case id="1096" name="Campfire_RuneUpgrade_StoresRuntimeBonus_LeavesAssetImmutable" fullname="Lattirune.Tests.CombatAgencyAndEconomyTests.Campfire_RuneUpgrade_StoresRuntimeBonus_LeavesAssetImmutable" methodname="Campfire_RuneUpgrade_StoresRuntimeBonus_LeavesAssetImmutable" classname="Lattirune.Tests.CombatAgencyAndEconomyTests" runstate="Runnable" seed="1697884155" result="Passed" start-time="2026-08-20 14:32:05Z" end-time="2026-08-20 14:32:05Z" duration="0.001462" asserts="0">
              <properties>
                <property name="retryIteration" value="0" />
                <property name="repeatIteration" value="0" />
              </properties>
            </test-case>
            <test-case id="1076" name="CombatSpeed_1x_2x_3x_AreAccepted" fullname="Lattirune.Tests.CombatAgencyAndEconomyTests.CombatSpeed_1x_2x_3x_AreAccepted" methodname="CombatSpeed_1x_2x_3x_AreAccepted" classname="Lattirune.Tests.CombatAgencyAndEconomyTests" runstate="Runnable" seed="444016316" result="Passed" start-time="2026-08-20 14:32:05Z" end-time="2026-08-20 14:32:05Z" duration="0.001246" asserts="0">
              <properties>
                <property name="retryIteration" value="0" />
                <property name="repeatIteration" value="0" />
              </properties>
            </test-case>
            <test-case id="1078" name="CombatSpeed_AffectsCooldownProgressionDeterministically" fullname="Lattirune.Tests.CombatAgencyAndEconomyTests.CombatSpeed_AffectsCooldownProgressionDeterministically" methodname="CombatSpeed_AffectsCooldownProgressionDeterministically" classname="Lattirune.Tests.CombatAgencyAndEconomyTests" runstate="Runnable" seed="1822824680" result="Passed" start-time="2026-08-20 14:32:05Z" end-time="2026-08-20 14:32:05Z" duration="0.001135" asserts="0">
              <properties>
                <property name="retryIteration" value="0" />
                <property name="repeatIteration" value="0" />
              </properties>
            </test-case>
            <test-case id="1077" name="CombatSpeed_Invalid_IsRejected" fullname="Lattirune.Tests.CombatAgencyAndEconomyTests.CombatSpeed_Invalid_IsRejected" methodname="CombatSpeed_Invalid_IsRejected" classname="Lattirune.Tests.CombatAgencyAndEconomyTests" runstate="Runnable" seed="535534721" result="Passed" start-time="2026-08-20 14:32:05Z" end-time="2026-08-20 14:32:05Z" duration="0.002796" asserts="0">
              <properties>
                <property name="retryIteration" value="0" />
                <property name="repeatIteration" value="0" />
              </properties>
              <output><![CDATA[[Lattirune.Combat] Unsupported combat speed multiplier: 0.5. Only 1.0x, 2.0x, and 3.0x are supported.
[Lattirune.Combat] Unsupported combat speed multiplier: 4. Only 1.0x, 2.0x, and 3.0x are supported.
[Lattirune.Combat] Unsupported combat speed multiplier: -1. Only 1.0x, 2.0x, and 3.0x are supported.
]]></output>
            </test-case>
            <test-case id="1079" name="CombatSpeed_ResetCombat_Restores1x" fullname="Lattirune.Tests.CombatAgencyAndEconomyTests.CombatSpeed_ResetCombat_Restores1x" methodname="CombatSpeed_ResetCombat_Restores1x" classname="Lattirune.Tests.CombatAgencyAndEconomyTests" runstate="Runnable" seed="67570895" result="Passed" start-time="2026-08-20 14:32:05Z" end-time="2026-08-20 14:32:05Z" duration="0.001104" asserts="0">
              <properties>
                <property name="retryIteration" value="0" />
                <property name="repeatIteration" value="0" />
              </properties>
            </test-case>
            <test-case id="1097" name="Dungeon_RoomTopology_MatchesSection11" fullname="Lattirune.Tests.CombatAgencyAndEconomyTests.Dungeon_RoomTopology_MatchesSection11" methodname="Dungeon_RoomTopology_MatchesSection11" classname="Lattirune.Tests.CombatAgencyAndEconomyTests" runstate="Runnable" seed="224633158" result="Passed" start-time="2026-08-20 14:32:05Z" end-time="2026-08-20 14:32:05Z" duration="0.001150" asserts="0">
              <properties>
                <property name="retryIteration" value="0" />
                <property name="repeatIteration" value="0" />
              </properties>
            </test-case>
            <test-case id="1085" name="EconomyManager_BossEmbers_Within80To120" fullname="Lattirune.Tests.CombatAgencyAndEconomyTests.EconomyManager_BossEmbers_Within80To120" methodname="EconomyManager_BossEmbers_Within80To120" classname="Lattirune.Tests.CombatAgencyAndEconomyTests" runstate="Runnable" seed="1109381258" result="Passed" start-time="2026-08-20 14:32:05Z" end-time="2026-08-20 14:32:05Z" duration="0.001246" asserts="0">
              <properties>
                <property name="retryIteration" value="0" />
                <property name="repeatIteration" value="0" />
              </properties>
            </test-case>
            <test-case id="1084" name="EconomyManager_EliteMobGold_Within20To35" fullname="Lattirune.Tests.CombatAgencyAndEconomyTests.EconomyManager_EliteMobGold_Within20To35" methodname="EconomyManager_EliteMobGold_Within20To35" classname="Lattirune.Tests.CombatAgencyAndEconomyTests" runstate="Runnable" seed="277154495" result="Passed" start-time="2026-08-20 14:32:05Z" end-time="2026-08-20 14:32:05Z" duration="0.001218" asserts="0">
              <properties>
                <property name="retryIteration" value="0" />
                <property name="repeatIteration" value="0" />
              </properties>
            </test-case>
            <test-case id="1083" name="EconomyManager_NormalMobGold_Within6To12" fullname="Lattirune.Tests.CombatAgencyAndEconomyTests.EconomyManager_NormalMobGold_Within6To12" methodname="EconomyManager_NormalMobGold_Within6To12" classname="Lattirune.Tests.CombatAgencyAndEconomyTests" runstate="Runnable" seed="1013278521" result="Passed" start-time="2026-08-20 14:32:05Z" end-time="2026-08-20 14:32:05Z" duration="0.001275" asserts="0">
              <properties>
                <property name="retryIteration" value="0" />
                <property name="repeatIteration" value="0" />
              </properties>
            </test-case>
            <test-case id="1086" name="EconomyManager_Prices_MatchSection13" fullname="Lattirune.Tests.CombatAgencyAndEconomyTests.EconomyManager_Prices_MatchSection13" methodname="EconomyManager_Prices_MatchSection13" classname="Lattirune.Tests.CombatAgencyAndEconomyTests" runstate="Runnable" seed="2022738677" result="Passed" start-time="2026-08-20 14:32:05Z" end-time="2026-08-20 14:32:05Z" duration="0.001106" asserts="0">
              <properties>
                <property name="retryIteration" value="0" />
                <property name="repeatIteration" value="0" />
              </properties>
            </test-case>
            <test-case id="1081" name="EmergencyPotion_DeadPlayer_IsRejected" fullname="Lattirune.Tests.CombatAgencyAndEconomyTests.EmergencyPotion_DeadPlayer_IsRejected" methodname="EmergencyPotion_DeadPlayer_IsRejected" classname="Lattirune.Tests.CombatAgencyAndEconomyTests" runstate="Runnable" seed="90331778" result="Passed" start-time="2026-08-20 14:32:05Z" end-time="2026-08-20 14:32:05Z" duration="0.001191" asserts="0">
              <properties>
                <property name="retryIteration" value="0" />
                <property name="repeatIteration" value="0" />
              </properties>
            </test-case>
            <test-case id="1080" name="EmergencyPotion_HealsPlayer_ClampsAtMaxHp" fullname="Lattirune.Tests.CombatAgencyAndEconomyTests.EmergencyPotion_HealsPlayer_ClampsAtMaxHp" methodname="EmergencyPotion_HealsPlayer_ClampsAtMaxHp" classname="Lattirune.Tests.CombatAgencyAndEconomyTests" runstate="Runnable" seed="136360239" result="Passed" start-time="2026-08-20 14:32:05Z" end-time="2026-08-20 14:32:05Z" duration="0.001155" asserts="0">
              <properties>
                <property name="retryIteration" value="0" />
                <property name="repeatIteration" value="0" />
              </properties>
            </test-case>
            <test-case id="1082" name="EmergencyPotion_InvalidHeal_IsRejected" fullname="Lattirune.Tests.CombatAgencyAndEconomyTests.EmergencyPotion_InvalidHeal_IsRejected" methodname="EmergencyPotion_InvalidHeal_IsRejected" classname="Lattirune.Tests.CombatAgencyAndEconomyTests" runstate="Runnable" seed="857904314" result="Passed" start-time="2026-08-20 14:32:05Z" end-time="2026-08-20 14:32:05Z" duration="0.001160" asserts="0">
              <properties>
                <property name="retryIteration" value="0" />
                <property name="repeatIteration" value="0" />
              </properties>
            </test-case>
            <test-case id="1094" name="MerchantStall_InsufficientFunds_RejectsPurchase" fullname="Lattirune.Tests.CombatAgencyAndEconomyTests.MerchantStall_InsufficientFunds_RejectsPurchase" methodname="MerchantStall_InsufficientFunds_RejectsPurchase" classname="Lattirune.Tests.CombatAgencyAndEconomyTests" runstate="Runnable" seed="1263284653" result="Passed" start-time="2026-08-20 14:32:05Z" end-time="2026-08-20 14:32:05Z" duration="0.001596" asserts="0">
              <properties>
                <property name="retryIteration" value="0" />
                <property name="repeatIteration" value="0" />
              </properties>
            </test-case>
            <test-case id="1093" name="MerchantStall_PurchaseBagExpansion_Deducts40Gold" fullname="Lattirune.Tests.CombatAgencyAndEconomyTests.MerchantStall_PurchaseBagExpansion_Deducts40Gold" methodname="MerchantStall_PurchaseBagExpansion_Deducts40Gold" classname="Lattirune.Tests.CombatAgencyAndEconomyTests" runstate="Runnable" seed="1299682958" result="Passed" start-time="2026-08-20 14:32:05Z" end-time="2026-08-20 14:32:05Z" duration="0.001312" asserts="0">
              <properties>
                <property name="retryIteration" value="0" />
                <property name="repeatIteration" value="0" />
              </properties>
            </test-case>
            <test-case id="1090" name="MerchantStall_PurchaseCommonItem_Deducts20Gold" fullname="Lattirune.Tests.CombatAgencyAndEconomyTests.MerchantStall_PurchaseCommonItem_Deducts20Gold" methodname="MerchantStall_PurchaseCommonItem_Deducts20Gold" classname="Lattirune.Tests.CombatAgencyAndEconomyTests" runstate="Runnable" seed="1102057328" result="Passed" start-time="2026-08-20 14:32:05Z" end-time="2026-08-20 14:32:05Z" duration="0.001176" asserts="0">
              <properties>
                <property name="retryIteration" value="0" />
                <property name="repeatIteration" value="0" />
              </properties>
            </test-case>
            <test-case id="1091" name="MerchantStall_PurchaseRareItem_Deducts40Gold" fullname="Lattirune.Tests.CombatAgencyAndEconomyTests.MerchantStall_PurchaseRareItem_Deducts40Gold" methodname="MerchantStall_PurchaseRareItem_Deducts40Gold" classname="Lattirune.Tests.CombatAgencyAndEconomyTests" runstate="Runnable" seed="482361982" result="Passed" start-time="2026-08-20 14:32:05Z" end-time="2026-08-20 14:32:05Z" duration="0.001099" asserts="0">
              <properties>
                <property name="retryIteration" value="0" />
                <property name="repeatIteration" value="0" />
              </properties>
            </test-case>
            <test-case id="1092" name="MerchantStall_PurchaseRune_Deducts35Gold" fullname="Lattirune.Tests.CombatAgencyAndEconomyTests.MerchantStall_PurchaseRune_Deducts35Gold" methodname="MerchantStall_PurchaseRune_Deducts35Gold" classname="Lattirune.Tests.CombatAgencyAndEconomyTests" runstate="Runnable" seed="1387488492" result="Passed" start-time="2026-08-20 14:32:05Z" end-time="2026-08-20 14:32:05Z" duration="0.001146" asserts="0">
              <properties>
                <property name="retryIteration" value="0" />
                <property name="repeatIteration" value="0" />
              </properties>
            </test-case>
            <test-case id="1087" name="RunManager_AddGold_SpendGold_Work" fullname="Lattirune.Tests.CombatAgencyAndEconomyTests.RunManager_AddGold_SpendGold_Work" methodname="RunManager_AddGold_SpendGold_Work" classname="Lattirune.Tests.CombatAgencyAndEconomyTests" runstate="Runnable" seed="1883994844" result="Passed" start-time="2026-08-20 14:32:05Z" end-time="2026-08-20 14:32:05Z" duration="0.001104" asserts="0">
              <properties>
                <property name="retryIteration" value="0" />
                <property name="repeatIteration" value="0" />
              </properties>
            </test-case>
            <test-case id="1088" name="RunManager_InsufficientFunds_IsRejected_NoNegativeGold" fullname="Lattirune.Tests.CombatAgencyAndEconomyTests.RunManager_InsufficientFunds_IsRejected_NoNegativeGold" methodname="RunManager_InsufficientFunds_IsRejected_NoNegativeGold" classname="Lattirune.Tests.CombatAgencyAndEconomyTests" runstate="Runnable" seed="243615916" result="Passed" start-time="2026-08-20 14:32:05Z" end-time="2026-08-20 14:32:05Z" duration="0.001085" asserts="0">
              <properties>
                <property name="retryIteration" value="0" />
                <property name="repeatIteration" value="0" />
              </properties>
            </test-case>
            <test-case id="1089" name="RunManager_ResetRun_ClearsGoldAndEmbers" fullname="Lattirune.Tests.CombatAgencyAndEconomyTests.RunManager_ResetRun_ClearsGoldAndEmbers" methodname="RunManager_ResetRun_ClearsGoldAndEmbers" classname="Lattirune.Tests.CombatAgencyAndEconomyTests" runstate="Runnable" seed="1973932781" result="Passed" start-time="2026-08-20 14:32:05Z" end-time="2026-08-20 14:32:05Z" duration="0.001153" asserts="0">
              <properties>
                <property name="retryIteration" value="0" />
                <property name="repeatIteration" value="0" />
              </properties>
            </test-case>
          </test-suite>
          <test-suite type="TestFixture" id="1098" name="CombatEffectSystemTests" fullname="Lattirune.Tests.CombatEffectSystemTests" classname="Lattirune.Tests.CombatEffectSystemTests" runstate="Runnable" testcasecount="7" result="Passed" start-time="2026-08-20 14:32:05Z" end-time="2026-08-20 14:32:05Z" duration="0.006874" total="7" passed="7" failed="0" inconclusive="0" skipped="0" asserts="0">
            <properties />
            <test-case id="1099" name="CombatEffect_AppliesToTarget_IncreasesActiveCount" fullname="Lattirune.Tests.CombatEffectSystemTests.CombatEffect_AppliesToTarget_IncreasesActiveCount" methodname="CombatEffect_AppliesToTarget_IncreasesActiveCount" classname="Lattirune.Tests.CombatEffectSystemTests" runstate="Runnable" seed="1730850138" result="Passed" start-time="2026-08-20 14:32:05Z" end-time="2026-08-20 14:32:05Z" duration="0.002294" asserts="0">
              <properties>
                <property name="retryIteration" value="0" />
                <property name="repeatIteration" value="0" />
              </properties>
            </test-case>
            <test-case id="1103" name="CombatEffect_ArmorModifier_ReducesArmorCorrectly" fullname="Lattirune.Tests.CombatEffectSystemTests.CombatEffect_ArmorModifier_ReducesArmorCorrectly" methodname="CombatEffect_ArmorModifier_ReducesArmorCorrectly" classname="Lattirune.Tests.CombatEffectSystemTests" runstate="Runnable" seed="811499030" result="Passed" start-time="2026-08-20 14:32:05Z" end-time="2026-08-20 14:32:05Z" duration="0.000462" asserts="0">
              <properties>
                <property name="retryIteration" value="0" />
                <property name="repeatIteration" value="0" />
              </properties>
            </test-case>
            <test-case id="1105" name="CombatEffect_DeadTarget_CleansUpImmediately" fullname="Lattirune.Tests.CombatEffectSystemTests.CombatEffect_DeadTarget_CleansUpImmediately" methodname="CombatEffect_DeadTarget_CleansUpImmediately" classname="Lattirune.Tests.CombatEffectSystemTests" runstate="Runnable" seed="681547251" result="Passed" start-time="2026-08-20 14:32:05Z" end-time="2026-08-20 14:32:05Z" duration="0.000913" asserts="0">
              <properties>
                <property name="retryIteration" value="0" />
                <property name="repeatIteration" value="0" />
              </properties>
            </test-case>
            <test-case id="1102" name="CombatEffect_DirectDamage_AppliesImmediatelyWithoutDuration" fullname="Lattirune.Tests.CombatEffectSystemTests.CombatEffect_DirectDamage_AppliesImmediatelyWithoutDuration" methodname="CombatEffect_DirectDamage_AppliesImmediatelyWithoutDuration" classname="Lattirune.Tests.CombatEffectSystemTests" runstate="Runnable" seed="1664754660" result="Passed" start-time="2026-08-20 14:32:05Z" end-time="2026-08-20 14:32:05Z" duration="0.000392" asserts="0">
              <properties>
                <property name="retryIteration" value="0" />
                <property name="repeatIteration" value="0" />
              </properties>
            </test-case>
            <test-case id="1101" name="CombatEffect_DoT_TicksAtConfiguredInterval" fullname="Lattirune.Tests.CombatEffectSystemTests.CombatEffect_DoT_TicksAtConfiguredInterval" methodname="CombatEffect_DoT_TicksAtConfiguredInterval" classname="Lattirune.Tests.CombatEffectSystemTests" runstate="Runnable" seed="1025916726" result="Passed" start-time="2026-08-20 14:32:05Z" end-time="2026-08-20 14:32:05Z" duration="0.000438" asserts="0">
              <properties>
                <property name="retryIteration" value="0" />
                <property name="repeatIteration" value="0" />
              </properties>
            </test-case>
            <test-case id="1104" name="CombatEffect_DuplicateApplication_RefreshesDuration" fullname="Lattirune.Tests.CombatEffectSystemTests.CombatEffect_DuplicateApplication_RefreshesDuration" methodname="CombatEffect_DuplicateApplication_RefreshesDuration" classname="Lattirune.Tests.CombatEffectSystemTests" runstate="Runnable" seed="2038096780" result="Passed" start-time="2026-08-20 14:32:05Z" end-time="2026-08-20 14:32:05Z" duration="0.000387" asserts="0">
              <properties>
                <property name="retryIteration" value="0" />
                <property name="repeatIteration" value="0" />
              </properties>
            </test-case>
            <test-case id="1100" name="CombatEffect_DurationDecreasesDeterministically_AndExpires" fullname="Lattirune.Tests.CombatEffectSystemTests.CombatEffect_DurationDecreasesDeterministically_AndExpires" methodname="CombatEffect_DurationDecreasesDeterministically_AndExpires" classname="Lattirune.Tests.CombatEffectSystemTests" runstate="Runnable" seed="1836867594" result="Passed" start-time="2026-08-20 14:32:05Z" end-time="2026-08-20 14:32:05Z" duration="0.000348" asserts="0">
              <properties>
                <property name="retryIteration" value="0" />
                <property name="repeatIteration" value="0" />
              </properties>
            </test-case>
          </test-suite>
          <test-suite type="TestFixture" id="1106" name="CombatJuiceSystemTests" fullname="Lattirune.Tests.CombatJuiceSystemTests" classname="Lattirune.Tests.CombatJuiceSystemTests" runstate="Runnable" testcasecount="4" result="Passed" start-time="2026-08-20 14:32:05Z" end-time="2026-08-20 14:32:05Z" duration="0.005886" total="4" passed="4" failed="0" inconclusive="0" skipped="0" asserts="0">
            <properties />
            <test-case id="1108" name="CombatCameraShake_AddsTraumaAndDecaysSmoothly" fullname="Lattirune.Tests.CombatJuiceSystemTests.CombatCameraShake_AddsTraumaAndDecaysSmoothly" methodname="CombatCameraShake_AddsTraumaAndDecaysSmoothly" classname="Lattirune.Tests.CombatJuiceSystemTests" runstate="Runnable" seed="1122892846" result="Passed" start-time="2026-08-20 14:32:05Z" end-time="2026-08-20 14:32:05Z" duration="0.002805" asserts="0">
              <properties>
                <property name="retryIteration" value="0" />
                <property name="repeatIteration" value="0" />
              </properties>
            </test-case>
            <test-case id="1109" name="FloatingCombatTextPool_EmergencyPotion_SpawnsHealFloaty" fullname="Lattirune.Tests.CombatJuiceSystemTests.FloatingCombatTextPool_EmergencyPotion_SpawnsHealFloaty" methodname="FloatingCombatTextPool_EmergencyPotion_SpawnsHealFloaty" classname="Lattirune.Tests.CombatJuiceSystemTests" runstate="Runnable" seed="1666648260" result="Passed" start-time="2026-08-20 14:32:05Z" end-time="2026-08-20 14:32:05Z" duration="0.001113" asserts="0">
              <properties>
                <property name="retryIteration" value="0" />
                <property name="repeatIteration" value="0" />
              </properties>
            </test-case>
            <test-case id="1110" name="FloatingCombatTextPool_ReflectedDamage_SpawnsThornsFloaty" fullname="Lattirune.Tests.CombatJuiceSystemTests.FloatingCombatTextPool_ReflectedDamage_SpawnsThornsFloaty" methodname="FloatingCombatTextPool_ReflectedDamage_SpawnsThornsFloaty" classname="Lattirune.Tests.CombatJuiceSystemTests" runstate="Runnable" seed="1313679792" result="Passed" start-time="2026-08-20 14:32:05Z" end-time="2026-08-20 14:32:05Z" duration="0.000766" asserts="0">
              <properties>
                <property name="retryIteration" value="0" />
                <property name="repeatIteration" value="0" />
              </properties>
            </test-case>
            <test-case id="1107" name="FloatingCombatTextPool_SpawnsAndRecyclesSlots" fullname="Lattirune.Tests.CombatJuiceSystemTests.FloatingCombatTextPool_SpawnsAndRecyclesSlots" methodname="FloatingCombatTextPool_SpawnsAndRecyclesSlots" classname="Lattirune.Tests.CombatJuiceSystemTests" runstate="Runnable" seed="243074618" result="Passed" start-time="2026-08-20 14:32:05Z" end-time="2026-08-20 14:32:05Z" duration="0.000452" asserts="0">
              <properties>
                <property name="retryIteration" value="0" />
                <property name="repeatIteration" value="0" />
              </properties>
            </test-case>
          </test-suite>
          <test-suite type="TestFixture" id="1111" name="CombatSystemTests" fullname="Lattirune.Tests.CombatSystemTests" classname="Lattirune.Tests.CombatSystemTests" runstate="Runnable" testcasecount="14" result="Passed" start-time="2026-08-20 14:32:05Z" end-time="2026-08-20 14:32:05Z" duration="0.024809" total="14" passed="14" failed="0" inconclusive="0" skipped="0" asserts="0">
            <properties />
            <test-case id="1119" name="Combat_BreakingSynergy_RemovesBonusFromCombat" fullname="Lattirune.Tests.CombatSystemTests.Combat_BreakingSynergy_RemovesBonusFromCombat" methodname="Combat_BreakingSynergy_RemovesBonusFromCombat" classname="Lattirune.Tests.CombatSystemTests" runstate="Runnable" seed="916316875" result="Passed" start-time="2026-08-20 14:32:05Z" end-time="2026-08-20 14:32:05Z" duration="0.015572" asserts="0">
              <properties>
                <property name="retryIteration" value="0" />
                <property name="repeatIteration" value="0" />
              </properties>
            </test-case>
            <test-case id="1117" name="Combat_Defeat_TriggersWhenPlayerReachesZeroHp" fullname="Lattirune.Tests.CombatSystemTests.Combat_Defeat_TriggersWhenPlayerReachesZeroHp" methodname="Combat_Defeat_TriggersWhenPlayerReachesZeroHp" classname="Lattirune.Tests.CombatSystemTests" runstate="Runnable" seed="978570436" result="Passed" start-time="2026-08-20 14:32:05Z" end-time="2026-08-20 14:32:05Z" duration="0.000628" asserts="0">
              <properties>
                <property name="retryIteration" value="0" />
                <property name="repeatIteration" value="0" />
              </properties>
            </test-case>
            <test-case id="1125" name="Combat_EliteAffix_Frenzied_IncreasesAttackSpeed" fullname="Lattirune.Tests.CombatSystemTests.Combat_EliteAffix_Frenzied_IncreasesAttackSpeed" methodname="Combat_EliteAffix_Frenzied_IncreasesAttackSpeed" classname="Lattirune.Tests.CombatSystemTests" runstate="Runnable" seed="927044380" result="Passed" start-time="2026-08-20 14:32:05Z" end-time="2026-08-20 14:32:05Z" duration="0.000491" asserts="0">
              <properties>
                <property name="retryIteration" value="0" />
                <property name="repeatIteration" value="0" />
              </properties>
            </test-case>
            <test-case id="1123" name="Combat_EliteAffix_Juggernaut_IncreasesHpAndArmor" fullname="Lattirune.Tests.CombatSystemTests.Combat_EliteAffix_Juggernaut_IncreasesHpAndArmor" methodname="Combat_EliteAffix_Juggernaut_IncreasesHpAndArmor" classname="Lattirune.Tests.CombatSystemTests" runstate="Runnable" seed="886517138" result="Passed" start-time="2026-08-20 14:32:05Z" end-time="2026-08-20 14:32:05Z" duration="0.000316" asserts="0">
              <properties>
                <property name="retryIteration" value="0" />
                <property name="repeatIteration" value="0" />
              </properties>
            </test-case>
            <test-case id="1124" name="Combat_EliteAffix_Vampiric_LeechesHealthOnHit" fullname="Lattirune.Tests.CombatSystemTests.Combat_EliteAffix_Vampiric_LeechesHealthOnHit" methodname="Combat_EliteAffix_Vampiric_LeechesHealthOnHit" classname="Lattirune.Tests.CombatSystemTests" runstate="Runnable" seed="165996724" result="Passed" start-time="2026-08-20 14:32:05Z" end-time="2026-08-20 14:32:05Z" duration="0.000300" asserts="0">
              <properties>
                <property name="retryIteration" value="0" />
                <property name="repeatIteration" value="0" />
              </properties>
            </test-case>
            <test-case id="1115" name="Combat_EnemyAttack_ReducesPlayerHp" fullname="Lattirune.Tests.CombatSystemTests.Combat_EnemyAttack_ReducesPlayerHp" methodname="Combat_EnemyAttack_ReducesPlayerHp" classname="Lattirune.Tests.CombatSystemTests" runstate="Runnable" seed="885911540" result="Passed" start-time="2026-08-20 14:32:05Z" end-time="2026-08-20 14:32:05Z" duration="0.000238" asserts="0">
              <properties>
                <property name="retryIteration" value="0" />
                <property name="repeatIteration" value="0" />
              </properties>
            </test-case>
            <test-case id="1120" name="Combat_EnemyDamageReflect_DamagesPlayerOnHit" fullname="Lattirune.Tests.CombatSystemTests.Combat_EnemyDamageReflect_DamagesPlayerOnHit" methodname="Combat_EnemyDamageReflect_DamagesPlayerOnHit" classname="Lattirune.Tests.CombatSystemTests" runstate="Runnable" seed="1562194946" result="Passed" start-time="2026-08-20 14:32:05Z" end-time="2026-08-20 14:32:05Z" duration="0.000322" asserts="0">
              <properties>
                <property name="retryIteration" value="0" />
                <property name="repeatIteration" value="0" />
              </properties>
            </test-case>
            <test-case id="1121" name="Combat_EnemyPoisonOnHit_AppliesPoisonDoT" fullname="Lattirune.Tests.CombatSystemTests.Combat_EnemyPoisonOnHit_AppliesPoisonDoT" methodname="Combat_EnemyPoisonOnHit_AppliesPoisonDoT" classname="Lattirune.Tests.CombatSystemTests" runstate="Runnable" seed="43915942" result="Passed" start-time="2026-08-20 14:32:05Z" end-time="2026-08-20 14:32:05Z" duration="0.000793" asserts="0">
              <properties>
                <property name="retryIteration" value="0" />
                <property name="repeatIteration" value="0" />
              </properties>
            </test-case>
            <test-case id="1122" name="Combat_EnemyStartTraits_TriggeredOnCombatStart" fullname="Lattirune.Tests.CombatSystemTests.Combat_EnemyStartTraits_TriggeredOnCombatStart" methodname="Combat_EnemyStartTraits_TriggeredOnCombatStart" classname="Lattirune.Tests.CombatSystemTests" runstate="Runnable" seed="1070030553" result="Passed" start-time="2026-08-20 14:32:05Z" end-time="2026-08-20 14:32:05Z" duration="0.000406" asserts="0">
              <properties>
                <property name="retryIteration" value="0" />
                <property name="repeatIteration" value="0" />
              </properties>
            </test-case>
            <test-case id="1118" name="Combat_FireSynergy_ContributesBonusDamageToCombat" fullname="Lattirune.Tests.CombatSystemTests.Combat_FireSynergy_ContributesBonusDamageToCombat" methodname="Combat_FireSynergy_ContributesBonusDamageToCombat" classname="Lattirune.Tests.CombatSystemTests" runstate="Runnable" seed="1816070399" result="Passed" start-time="2026-08-20 14:32:05Z" end-time="2026-08-20 14:32:05Z" duration="0.002444" asserts="0">
              <properties>
                <property name="retryIteration" value="0" />
                <property name="repeatIteration" value="0" />
              </properties>
            </test-case>
            <test-case id="1114" name="Combat_PlayerAttack_ReducesEnemyHp" fullname="Lattirune.Tests.CombatSystemTests.Combat_PlayerAttack_ReducesEnemyHp" methodname="Combat_PlayerAttack_ReducesEnemyHp" classname="Lattirune.Tests.CombatSystemTests" runstate="Runnable" seed="1797474706" result="Passed" start-time="2026-08-20 14:32:05Z" end-time="2026-08-20 14:32:05Z" duration="0.000332" asserts="0">
              <properties>
                <property name="retryIteration" value="0" />
                <property name="repeatIteration" value="0" />
              </properties>
            </test-case>
            <test-case id="1116" name="Combat_Victory_TriggersWhenEnemyReachesZeroHp" fullname="Lattirune.Tests.CombatSystemTests.Combat_Victory_TriggersWhenEnemyReachesZeroHp" methodname="Combat_Victory_TriggersWhenEnemyReachesZeroHp" classname="Lattirune.Tests.CombatSystemTests" runstate="Runnable" seed="728013017" result="Passed" start-time="2026-08-20 14:32:05Z" end-time="2026-08-20 14:32:05Z" duration="0.000352" asserts="0">
              <properties>
                <property name="retryIteration" value="0" />
                <property name="repeatIteration" value="0" />
              </properties>
            </test-case>
            <test-case id="1112" name="Combatant_InitializesAndClampsHpCorrectly" fullname="Lattirune.Tests.CombatSystemTests.Combatant_InitializesAndClampsHpCorrectly" methodname="Combatant_InitializesAndClampsHpCorrectly" classname="Lattirune.Tests.CombatSystemTests" runstate="Runnable" seed="1592725041" result="Passed" start-time="2026-08-20 14:32:05Z" end-time="2026-08-20 14:32:05Z" duration="0.000321" asserts="0">
              <properties>
                <property name="retryIteration" value="0" />
                <property name="repeatIteration" value="0" />
              </properties>
            </test-case>
[...]
              <properties>
                <property name="retryIteration" value="0" />
                <property name="repeatIteration" value="0" />
              </properties>
            </test-case>
          </test-suite>
          <test-suite type="TestFixture" id="1766" name="SynergyMatrixTests" fullname="Lattirune.Tests.SynergyMatrixTests" classname="Lattirune.Tests.SynergyMatrixTests" runstate="Runnable" testcasecount="9" result="Passed" start-time="2026-08-20 14:32:06Z" end-time="2026-08-20 14:32:06Z" duration="0.023022" total="9" passed="9" failed="0" inconclusive="0" skipped="0" asserts="0">
            <properties />
            <test-case id="1774" name="SynergyMatrix_DatabaseValidation_DetectsDuplicatesAndErrors" fullname="Lattirune.Tests.SynergyMatrixTests.SynergyMatrix_DatabaseValidation_DetectsDuplicatesAndErrors" methodname="SynergyMatrix_DatabaseValidation_DetectsDuplicatesAndErrors" classname="Lattirune.Tests.SynergyMatrixTests" runstate="Runnable" seed="718245112" result="Passed" start-time="2026-08-20 14:32:06Z" end-time="2026-08-20 14:32:06Z" duration="0.001129" asserts="0">
              <properties>
                <property name="retryIteration" value="0" />
                <property name="repeatIteration" value="0" />
              </properties>
            </test-case>
            <test-case id="1767" name="SynergyMatrix_FireRune_Plus_Sword_ResolvesFlameboundEdge" fullname="Lattirune.Tests.SynergyMatrixTests.SynergyMatrix_FireRune_Plus_Sword_ResolvesFlameboundEdge" methodname="SynergyMatrix_FireRune_Plus_Sword_ResolvesFlameboundEdge" classname="Lattirune.Tests.SynergyMatrixTests" runstate="Runnable" seed="78683265" result="Passed" start-time="2026-08-20 14:32:06Z" end-time="2026-08-20 14:32:06Z" duration="0.002511" asserts="0">
              <properties>
                <property name="retryIteration" value="0" />
                <property name="repeatIteration" value="0" />
              </properties>
            </test-case>
            <test-case id="1768" name="SynergyMatrix_IceRune_Plus_Shield_ResolvesGlacialBastion" fullname="Lattirune.Tests.SynergyMatrixTests.SynergyMatrix_IceRune_Plus_Shield_ResolvesGlacialBastion" methodname="SynergyMatrix_IceRune_Plus_Shield_ResolvesGlacialBastion" classname="Lattirune.Tests.SynergyMatrixTests" runstate="Runnable" seed="1137525076" result="Passed" start-time="2026-08-20 14:32:06Z" end-time="2026-08-20 14:32:06Z" duration="0.002337" asserts="0">
              <properties>
                <property name="retryIteration" value="0" />
                <property name="repeatIteration" value="0" />
              </properties>
            </test-case>
            <test-case id="1775" name="SynergyMatrix_ItemDataSO_RemainsImmutable" fullname="Lattirune.Tests.SynergyMatrixTests.SynergyMatrix_ItemDataSO_RemainsImmutable" methodname="SynergyMatrix_ItemDataSO_RemainsImmutable" classname="Lattirune.Tests.SynergyMatrixTests" runstate="Runnable" seed="318110383" result="Passed" start-time="2026-08-20 14:32:06Z" end-time="2026-08-20 14:32:06Z" duration="0.002314" asserts="0">
              <properties>
                <property name="retryIteration" value="0" />
                <property name="repeatIteration" value="0" />
              </properties>
            </test-case>
            <test-case id="1769" name="SynergyMatrix_LightningRune_Plus_Weapon_ResolvesStormSurge" fullname="Lattirune.Tests.SynergyMatrixTests.SynergyMatrix_LightningRune_Plus_Weapon_ResolvesStormSurge" methodname="SynergyMatrix_LightningRune_Plus_Weapon_ResolvesStormSurge" classname="Lattirune.Tests.SynergyMatrixTests" runstate="Runnable" seed="474223466" result="Passed" start-time="2026-08-20 14:32:06Z" end-time="2026-08-20 14:32:06Z" duration="0.002380" asserts="0">
              <properties>
                <property name="retryIteration" value="0" />
                <property name="repeatIteration" value="0" />
              </properties>
            </test-case>
            <test-case id="1771" name="SynergyMatrix_LightRune_Plus_Relic_ResolvesRadiantDawn" fullname="Lattirune.Tests.SynergyMatrixTests.SynergyMatrix_LightRune_Plus_Relic_ResolvesRadiantDawn" methodname="SynergyMatrix_LightRune_Plus_Relic_ResolvesRadiantDawn" classname="Lattirune.Tests.SynergyMatrixTests" runstate="Runnable" seed="1138401294" result="Passed" start-time="2026-08-20 14:32:06Z" end-time="2026-08-20 14:32:06Z" duration="0.002313" asserts="0">
              <properties>
                <property name="retryIteration" value="0" />
                <property name="repeatIteration" value="0" />
              </properties>
            </test-case>
            <test-case id="1772" name="SynergyMatrix_MismatchedItemCategory_RejectsSynergy" fullname="Lattirune.Tests.SynergyMatrixTests.SynergyMatrix_MismatchedItemCategory_RejectsSynergy" methodname="SynergyMatrix_MismatchedItemCategory_RejectsSynergy" classname="Lattirune.Tests.SynergyMatrixTests" runstate="Runnable" seed="1344932496" result="Passed" start-time="2026-08-20 14:32:06Z" end-time="2026-08-20 14:32:06Z" duration="0.002305" asserts="0">
              <properties>
                <property name="retryIteration" value="0" />
                <property name="repeatIteration" value="0" />
              </properties>
            </test-case>
            <test-case id="1773" name="SynergyMatrix_MultipleItemInstances_RemainIndependent" fullname="Lattirune.Tests.SynergyMatrixTests.SynergyMatrix_MultipleItemInstances_RemainIndependent" methodname="SynergyMatrix_MultipleItemInstances_RemainIndependent" classname="Lattirune.Tests.SynergyMatrixTests" runstate="Runnable" seed="833804809" result="Passed" start-time="2026-08-20 14:32:06Z" end-time="2026-08-20 14:32:06Z" duration="0.004198" asserts="0">
              <properties>
                <property name="retryIteration" value="0" />
                <property name="repeatIteration" value="0" />
              </properties>
            </test-case>
            <test-case id="1770" name="SynergyMatrix_PoisonRune_Plus_Weapon_ResolvesVenomousStrike" fullname="Lattirune.Tests.SynergyMatrixTests.SynergyMatrix_PoisonRune_Plus_Weapon_ResolvesVenomousStrike" methodname="SynergyMatrix_PoisonRune_Plus_Weapon_ResolvesVenomousStrike" classname="Lattirune.Tests.SynergyMatrixTests" runstate="Runnable" seed="1679245545" result="Passed" start-time="2026-08-20 14:32:06Z" end-time="2026-08-20 14:32:06Z" duration="0.002314" asserts="0">
              <properties>
                <property name="retryIteration" value="0" />
                <property name="repeatIteration" value="0" />
              </properties>
            </test-case>
          </test-suite>
          <test-suite type="TestFixture" id="1776" name="SynergySystemTests" fullname="Lattirune.Tests.SynergySystemTests" classname="Lattirune.Tests.SynergySystemTests" runstate="Runnable" testcasecount="8" result="Passed" start-time="2026-08-20 14:32:06Z" end-time="2026-08-20 14:32:06Z" duration="0.014463" total="8" passed="8" failed="0" inconclusive="0" skipped="0" asserts="0">
            <properties />
            <test-case id="1783" name="Synergy_Events_FireActivationAndDeactivationExactlyOnce" fullname="Lattirune.Tests.SynergySystemTests.Synergy_Events_FireActivationAndDeactivationExactlyOnce" methodname="Synergy_Events_FireActivationAndDeactivationExactlyOnce" classname="Lattirune.Tests.SynergySystemTests" runstate="Runnable" seed="646242280" result="Passed" start-time="2026-08-20 14:32:06Z" end-time="2026-08-20 14:32:06Z" duration="0.002128" asserts="0">
              <properties>
                <property name="retryIteration" value="0" />
                <property name="repeatIteration" value="0" />
              </properties>
            </test-case>
            <test-case id="1778" name="Synergy_FireRuneAndNonSword_DoesNotActivate" fullname="Lattirune.Tests.SynergySystemTests.Synergy_FireRuneAndNonSword_DoesNotActivate" methodname="Synergy_FireRuneAndNonSword_DoesNotActivate" classname="Lattirune.Tests.SynergySystemTests" runstate="Runnable" seed="622001835" result="Passed" start-time="2026-08-20 14:32:06Z" end-time="2026-08-20 14:32:06Z" duration="0.001419" asserts="0">
              <properties>
                <property name="retryIteration" value="0" />
                <property name="repeatIteration" value="0" />
              </properties>
            </test-case>
            <test-case id="1777" name="Synergy_FireRuneAndSword_ActivatesFlameboundEdge" fullname="Lattirune.Tests.SynergySystemTests.Synergy_FireRuneAndSword_ActivatesFlameboundEdge" methodname="Synergy_FireRuneAndSword_ActivatesFlameboundEdge" classname="Lattirune.Tests.SynergySystemTests" runstate="Runnable" seed="1625819678" result="Passed" start-time="2026-08-20 14:32:06Z" end-time="2026-08-20 14:32:06Z" duration="0.001377" asserts="0">
              <properties>
                <property name="retryIteration" value="0" />
                <property name="repeatIteration" value="0" />
              </properties>
            </test-case>
            <test-case id="1779" name="Synergy_FireRuneOutsideRange_DoesNotActivate" fullname="Lattirune.Tests.SynergySystemTests.Synergy_FireRuneOutsideRange_DoesNotActivate" methodname="Synergy_FireRuneOutsideRange_DoesNotActivate" classname="Lattirune.Tests.SynergySystemTests" runstate="Runnable" seed="1648262037" result="Passed" start-time="2026-08-20 14:32:06Z" end-time="2026-08-20 14:32:06Z" duration="0.001370" asserts="0">
              <properties>
                <property name="retryIteration" value="0" />
                <property name="repeatIteration" value="0" />
              </properties>
            </test-case>
            <test-case id="1780" name="Synergy_ItemDataSO_RemainsImmutableDuringEvaluation" fullname="Lattirune.Tests.SynergySystemTests.Synergy_ItemDataSO_RemainsImmutableDuringEvaluation" methodname="Synergy_ItemDataSO_RemainsImmutableDuringEvaluation" classname="Lattirune.Tests.SynergySystemTests" runstate="Runnable" seed="725023307" result="Passed" start-time="2026-08-20 14:32:06Z" end-time="2026-08-20 14:32:06Z" duration="0.001460" asserts="0">
              <properties>
                <property name="retryIteration" value="0" />
                <property name="repeatIteration" value="0" />
              </properties>
            </test-case>
            <test-case id="1782" name="Synergy_MovingSwordAway_DeactivatesSynergyCleanly" fullname="Lattirune.Tests.SynergySystemTests.Synergy_MovingSwordAway_DeactivatesSynergyCleanly" methodname="Synergy_MovingSwordAway_DeactivatesSynergyCleanly" classname="Lattirune.Tests.SynergySystemTests" runstate="Runnable" seed="1463871165" result="Passed" start-time="2026-08-20 14:32:06Z" end-time="2026-08-20 14:32:06Z" duration="0.001593" asserts="0">
              <properties>
                <property name="retryIteration" value="0" />
                <property name="repeatIteration" value="0" />
              </properties>
            </test-case>
            <test-case id="1781" name="Synergy_MultipleSwords_OnlyActivatesConnectedSword" fullname="Lattirune.Tests.SynergySystemTests.Synergy_MultipleSwords_OnlyActivatesConnectedSword" methodname="Synergy_MultipleSwords_OnlyActivatesConnectedSword" classname="Lattirune.Tests.SynergySystemTests" runstate="Runnable" seed="1208180051" result="Passed" start-time="2026-08-20 14:32:06Z" end-time="2026-08-20 14:32:06Z" duration="0.002469" asserts="0">
              <properties>
                <property name="retryIteration" value="0" />
                <property name="repeatIteration" value="0" />
              </properties>
            </test-case>
            <test-case id="1784" name="Synergy_NonFireRune_DoesNotTriggerFireSword" fullname="Lattirune.Tests.SynergySystemTests.Synergy_NonFireRune_DoesNotTriggerFireSword" methodname="Synergy_NonFireRune_DoesNotTriggerFireSword" classname="Lattirune.Tests.SynergySystemTests" runstate="Runnable" seed="1118854732" result="Passed" start-time="2026-08-20 14:32:06Z" end-time="2026-08-20 14:32:06Z" duration="0.001351" asserts="0">
              <properties>
                <property name="retryIteration" value="0" />
                <property name="repeatIteration" value="0" />
              </properties>
            </test-case>
          </test-suite>
          <test-suite type="TestFixture" id="1785" name="TenFloorDungeonProgressionTests" fullname="Lattirune.Tests.TenFloorDungeonProgressionTests" classname="Lattirune.Tests.TenFloorDungeonProgressionTests" runstate="Runnable" testcasecount="4" result="Passed" start-time="2026-08-20 14:32:06Z" end-time="2026-08-20 14:32:06Z" duration="0.005231" total="4" passed="4" failed="0" inconclusive="0" skipped="0" asserts="0">
            <properties />
            <test-case id="1789" name="TenFloorDungeon_ConsecutiveRuns_ResetAndTrackIndependently" fullname="Lattirune.Tests.TenFloorDungeonProgressionTests.TenFloorDungeon_ConsecutiveRuns_ResetAndTrackIndependently" methodname="TenFloorDungeon_ConsecutiveRuns_ResetAndTrackIndependently" classname="Lattirune.Tests.TenFloorDungeonProgressionTests" runstate="Runnable" seed="316863229" result="Passed" start-time="2026-08-20 14:32:06Z" end-time="2026-08-20 14:32:06Z" duration="0.001042" asserts="0">
              <properties>
                <property name="retryIteration" value="0" />
                <property name="repeatIteration" value="0" />
              </properties>
            </test-case>
            <test-case id="1786" name="TenFloorDungeon_Definition_Contains10FloorsAndCorrectEncounters" fullname="Lattirune.Tests.TenFloorDungeonProgressionTests.TenFloorDungeon_Definition_Contains10FloorsAndCorrectEncounters" methodname="TenFloorDungeon_Definition_Contains10FloorsAndCorrectEncounters" classname="Lattirune.Tests.TenFloorDungeonProgressionTests" runstate="Runnable" seed="1815617038" result="Passed" start-time="2026-08-20 14:32:06Z" end-time="2026-08-20 14:32:06Z" duration="0.000798" asserts="0">
              <properties>
                <property name="retryIteration" value="0" />
                <property name="repeatIteration" value="0" />
              </properties>
            </test-case>
            <test-case id="1787" name="TenFloorDungeon_Full10FloorRun_Floor1ToFloor10LichLord_ReachesRunComplete" fullname="Lattirune.Tests.TenFloorDungeonProgressionTests.TenFloorDungeon_Full10FloorRun_Floor1ToFloor10LichLord_ReachesRunComplete" methodname="TenFloorDungeon_Full10FloorRun_Floor1ToFloor10LichLord_ReachesRunComplete" classname="Lattirune.Tests.TenFloorDungeonProgressionTests" runstate="Runnable" seed="820085770" result="Passed" start-time="2026-08-20 14:32:06Z" end-time="2026-08-20 14:32:06Z" duration="0.000963" asserts="0">
              <properties>
                <property name="retryIteration" value="0" />
                <property name="repeatIteration" value="0" />
              </properties>
            </test-case>
            <test-case id="1788" name="TenFloorDungeon_MidRunSaveAndRestore_RestoresFloorIndexCorrectly" fullname="Lattirune.Tests.TenFloorDungeonProgressionTests.TenFloorDungeon_MidRunSaveAndRestore_RestoresFloorIndexCorrectly" methodname="TenFloorDungeon_MidRunSaveAndRestore_RestoresFloorIndexCorrectly" classname="Lattirune.Tests.TenFloorDungeonProgressionTests" runstate="Runnable" seed="1198465421" result="Passed" start-time="2026-08-20 14:32:06Z" end-time="2026-08-20 14:32:06Z" duration="0.001011" asserts="0">
              <properties>
                <property name="retryIteration" value="0" />
                <property name="repeatIteration" value="0" />
              </properties>
            </test-case>
          </test-suite>
          <test-suite type="TestFixture" id="1790" name="VisualAssetProviderTests" fullname="Lattirune.Tests.VisualAssetProviderTests" classname="Lattirune.Tests.VisualAssetProviderTests" runstate="Runnable" testcasecount="6" result="Passed" start-time="2026-08-20 14:32:06Z" end-time="2026-08-20 14:32:07Z" duration="0.286572" total="6" passed="6" failed="0" inconclusive="0" skipped="0" asserts="0">
            <properties />
            <test-case id="1793" name="Bosses_ResolveAllPhases" fullname="Lattirune.Tests.VisualAssetProviderTests.Bosses_ResolveAllPhases" methodname="Bosses_ResolveAllPhases" classname="Lattirune.Tests.VisualAssetProviderTests" runstate="Runnable" seed="1848311664" result="Passed" start-time="2026-08-20 14:32:06Z" end-time="2026-08-20 14:32:06Z" duration="0.014324" asserts="0">
              <properties>
                <property name="retryIteration" value="0" />
                <property name="repeatIteration" value="0" />
              </properties>
            </test-case>
            <test-case id="1792" name="Enemies_ResolveNonEmptyTextures" fullname="Lattirune.Tests.VisualAssetProviderTests.Enemies_ResolveNonEmptyTextures" methodname="Enemies_ResolveNonEmptyTextures" classname="Lattirune.Tests.VisualAssetProviderTests" runstate="Runnable" seed="278047593" result="Passed" start-time="2026-08-20 14:32:06Z" end-time="2026-08-20 14:32:06Z" duration="0.114017" asserts="0">
              <properties>
                <property name="retryIteration" value="0" />
                <property name="repeatIteration" value="0" />
              </properties>
            </test-case>
            <test-case id="1791" name="Heroes_ResolveNonEmptyTextures" fullname="Lattirune.Tests.VisualAssetProviderTests.Heroes_ResolveNonEmptyTextures" methodname="Heroes_ResolveNonEmptyTextures" classname="Lattirune.Tests.VisualAssetProviderTests" runstate="Runnable" seed="669525878" result="Passed" start-time="2026-08-20 14:32:06Z" end-time="2026-08-20 14:32:06Z" duration="0.013493" asserts="0">
              <properties>
                <property name="retryIteration" value="0" />
                <property name="repeatIteration" value="0" />
              </properties>
            </test-case>
            <test-case id="1795" name="Items_ResolveStandardCatalogue" fullname="Lattirune.Tests.VisualAssetProviderTests.Items_ResolveStandardCatalogue" methodname="Items_ResolveStandardCatalogue" classname="Lattirune.Tests.VisualAssetProviderTests" runstate="Runnable" seed="1844149046" result="Passed" start-time="2026-08-20 14:32:06Z" end-time="2026-08-20 14:32:06Z" duration="0.014439" asserts="0">
              <properties>
                <property name="retryIteration" value="0" />
                <property name="repeatIteration" value="0" />
              </properties>
            </test-case>
            <test-case id="1794" name="Runes_ResolveAllElements" fullname="Lattirune.Tests.VisualAssetProviderTests.Runes_ResolveAllElements" methodname="Runes_ResolveAllElements" classname="Lattirune.Tests.VisualAssetProviderTests" runstate="Runnable" seed="95207140" result="Passed" start-time="2026-08-20 14:32:06Z" end-time="2026-08-20 14:32:06Z" duration="0.005204" asserts="0">
              <properties>
                <property name="retryIteration" value="0" />
                <property name="repeatIteration" value="0" />
              </properties>
            </test-case>
            <test-case id="1796" name="UIIcons_ResolveAllCommonIcons" fullname="Lattirune.Tests.VisualAssetProviderTests.UIIcons_ResolveAllCommonIcons" methodname="UIIcons_ResolveAllCommonIcons" classname="Lattirune.Tests.VisualAssetProviderTests" runstate="Runnable" seed="1819316924" result="Passed" start-time="2026-08-20 14:32:06Z" end-time="2026-08-20 14:32:07Z" duration="0.123689" asserts="0">
              <properties>
                <property name="retryIteration" value="0" />
                <property name="repeatIteration" value="0" />
              </properties>
              <output><![CDATA[Saving results to: C:/Users/k deswanth/AppData/LocalLow/Developer/Lattirune\TestResults.xml
]]></output>
            </test-case>
          </test-suite>
        </test-suite>
      </test-suite>
    </test-suite>
  </test-suite>
</test-run>