<?xml version="1.0" encoding="utf-8"?>
<test-run id="2" testcasecount="700" result="Failed(Child)" total="700" passed="699" failed="1" inconclusive="0" skipped="0" asserts="0" engine-version="3.5.0.0" clr-version="4.0.30319.42000" start-time="2026-08-20 10:16:35Z" end-time="2026-08-20 10:16:36Z" duration="1.2495486">
  <test-suite type="TestSuite" id="1000" name="Lattirune" fullname="Lattirune" runstate="Runnable" testcasecount="700" result="Failed" site="Child" start-time="2026-08-20 10:16:35Z" end-time="2026-08-20 10:16:36Z" duration="1.249549" total="700" passed="699" failed="1" inconclusive="0" skipped="0" asserts="0">
    <properties>
      <property name="platform" value="EditMode" />
    </properties>
    <failure>
      <message><![CDATA[One or more child tests had errors]]></message>
    </failure>
    <test-suite type="Assembly" id="1783" name="Lattirune.Tests.dll" fullname="C:/GAME PLAN/Library/ScriptAssemblies/Lattirune.Tests.dll" runstate="Runnable" testcasecount="700" result="Failed" site="Child" start-time="2026-08-20 10:16:35Z" end-time="2026-08-20 10:16:36Z" duration="1.241445" total="700" passed="699" failed="1" inconclusive="0" skipped="0" asserts="0">
      <properties>
        <property name="_PID" value="3124" />
        <property name="_APPDOMAIN" value="Unity Child Domain" />
        <property name="platform" value="EditMode" />
        <property name="EditorOnly" value="True" />
      </properties>
      <failure>
        <message><![CDATA[One or more child tests had errors]]></message>
      </failure>
      <test-suite type="TestSuite" id="1784" name="Lattirune" fullname="Lattirune" runstate="Runnable" testcasecount="700" result="Failed" site="Child" start-time="2026-08-20 10:16:35Z" end-time="2026-08-20 10:16:36Z" duration="1.236450" total="700" passed="699" failed="1" inconclusive="0" skipped="0" asserts="0">
        <properties />
        <failure>
          <message><![CDATA[One or more child tests had errors]]></message>
        </failure>
        <test-suite type="TestSuite" id="1785" name="Tests" fullname="Lattirune.Tests" runstate="Runnable" testcasecount="700" result="Failed" site="Child" start-time="2026-08-20 10:16:35Z" end-time="2026-08-20 10:16:36Z" duration="1.231401" total="700" passed="699" failed="1" inconclusive="0" skipped="0" asserts="0">
          <properties />
          <failure>
            <message><![CDATA[One or more child tests had errors]]></message>
          </failure>
          <test-suite type="TestFixture" id="1001" name="AabReleaseConfigurationTests" fullname="Lattirune.Tests.AabReleaseConfigurationTests" classname="Lattirune.Tests.AabReleaseConfigurationTests" runstate="Runnable" testcasecount="13" result="Passed" start-time="2026-08-20 10:16:35Z" end-time="2026-08-20 10:16:35Z" duration="0.029054" total="13" passed="13" failed="0" inconclusive="0" skipped="0" asserts="0">
            <properties />
            <test-case id="1011" name="AabRelease_BuildArtifactsIgnored_ByGit" fullname="Lattirune.Tests.AabReleaseConfigurationTests.AabRelease_BuildArtifactsIgnored_ByGit" methodname="AabRelease_BuildArtifactsIgnored_ByGit" classname="Lattirune.Tests.AabReleaseConfigurationTests" runstate="Runnable" seed="18963642" result="Passed" start-time="2026-08-20 10:16:35Z" end-time="2026-08-20 10:16:35Z" duration="0.011846" asserts="0">
              <properties>
                <property name="retryIteration" value="0" />
                <property name="repeatIteration" value="0" />
              </properties>
            </test-case>
            <test-case id="1010" name="AabRelease_NoHardcodedSecretsInSource" fullname="Lattirune.Tests.AabReleaseConfigurationTests.AabRelease_NoHardcodedSecretsInSource" methodname="AabRelease_NoHardcodedSecretsInSource" classname="Lattirune.Tests.AabReleaseConfigurationTests" runstate="Runnable" seed="1313332759" result="Passed" start-time="2026-08-20 10:16:35Z" end-time="2026-08-20 10:16:35Z" duration="0.000435" asserts="0">
              <properties>
                <property name="retryIteration" value="0" />
                <property name="repeatIteration" value="0" />
              </properties>
            </test-case>
            <test-case id="1002" name="AabRelease_PackageIdentifier_Matches" fullname="Lattirune.Tests.AabReleaseConfigurationTests.AabRelease_PackageIdentifier_Matches" methodname="AabRelease_PackageIdentifier_Matches" classname="Lattirune.Tests.AabReleaseConfigurationTests" runstate="Runnable" seed="218004879" result="Passed" start-time="2026-08-20 10:16:35Z" end-time="2026-08-20 10:16:35Z" duration="0.000201" asserts="0">
              <properties>
                <property name="retryIteration" value="0" />
                <property name="repeatIteration" value="0" />
              </properties>
            </test-case>
            <test-case id="1012" name="AabRelease_PhysicalQAStatus_RemainsNotCompleted" fullname="Lattirune.Tests.AabReleaseConfigurationTests.AabRelease_PhysicalQAStatus_RemainsNotCompleted" methodname="AabRelease_PhysicalQAStatus_RemainsNotCompleted" classname="Lattirune.Tests.AabReleaseConfigurationTests" runstate="Runnable" seed="1801304184" result="Passed" start-time="2026-08-20 10:16:35Z" end-time="2026-08-20 10:16:35Z" duration="0.000246" asserts="0">
              <properties>
                <property name="retryIteration" value="0" />
                <property name="repeatIteration" value="0" />
              </properties>
            </test-case>
            <test-case id="1008" name="AabRelease_PrivacyPolicyDoc_Exists" fullname="Lattirune.Tests.AabReleaseConfigurationTests.AabRelease_PrivacyPolicyDoc_Exists" methodname="AabRelease_PrivacyPolicyDoc_Exists" classname="Lattirune.Tests.AabReleaseConfigurationTests" runstate="Runnable" seed="688852207" result="Passed" start-time="2026-08-20 10:16:35Z" end-time="2026-08-20 10:16:35Z" duration="0.001346" asserts="0">
              <properties>
                <property name="retryIteration" value="0" />
                <property name="repeatIteration" value="0" />
              </properties>
            </test-case>
            <test-case id="1014" name="AabRelease_PrivacyPolicyUrlStatus_IsNotHosted" fullname="Lattirune.Tests.AabReleaseConfigurationTests.AabRelease_PrivacyPolicyUrlStatus_IsNotHosted" methodname="AabRelease_PrivacyPolicyUrlStatus_IsNotHosted" classname="Lattirune.Tests.AabReleaseConfigurationTests" runstate="Runnable" seed="1393709863" result="Passed" start-time="2026-08-20 10:16:35Z" end-time="2026-08-20 10:16:35Z" duration="0.000152" asserts="0">
              <properties>
                <property name="retryIteration" value="0" />
                <property name="repeatIteration" value="0" />
              </properties>
            </test-case>
            <test-case id="1005" name="AabRelease_SaveVersion_IsOne" fullname="Lattirune.Tests.AabReleaseConfigurationTests.AabRelease_SaveVersion_IsOne" methodname="AabRelease_SaveVersion_IsOne" classname="Lattirune.Tests.AabReleaseConfigurationTests" runstate="Runnable" seed="107656635" result="Passed" start-time="2026-08-20 10:16:35Z" end-time="2026-08-20 10:16:35Z" duration="0.002229" asserts="0">
              <properties>
                <property name="retryIteration" value="0" />
                <property name="repeatIteration" value="0" />
              </properties>
            </test-case>
            <test-case id="1009" name="AabRelease_SubmissionChecklistDoc_Exists" fullname="Lattirune.Tests.AabReleaseConfigurationTests.AabRelease_SubmissionChecklistDoc_Exists" methodname="AabRelease_SubmissionChecklistDoc_Exists" classname="Lattirune.Tests.AabReleaseConfigurationTests" runstate="Runnable" seed="290856731" result="Passed" start-time="2026-08-20 10:16:35Z" end-time="2026-08-20 10:16:35Z" duration="0.000156" asserts="0">
              <properties>
                <property name="retryIteration" value="0" />
                <property name="repeatIteration" value="0" />
              </properties>
            </test-case>
            <test-case id="1006" name="AabRelease_TargetAabOutputPath_IsLattirune100Aab" fullname="Lattirune.Tests.AabReleaseConfigurationTests.AabRelease_TargetAabOutputPath_IsLattirune100Aab" methodname="AabRelease_TargetAabOutputPath_IsLattirune100Aab" classname="Lattirune.Tests.AabReleaseConfigurationTests" runstate="Runnable" seed="24438528" result="Passed" start-time="2026-08-20 10:16:35Z" end-time="2026-08-20 10:16:35Z" duration="0.000145" asserts="0">
              <properties>
                <property name="retryIteration" value="0" />
                <property name="repeatIteration" value="0" />
              </properties>
            </test-case>
            <test-case id="1007" name="AabRelease_TargetApkOutputPath_IsLattirune100Apk" fullname="Lattirune.Tests.AabReleaseConfigurationTests.AabRelease_TargetApkOutputPath_IsLattirune100Apk" methodname="AabRelease_TargetApkOutputPath_IsLattirune100Apk" classname="Lattirune.Tests.AabReleaseConfigurationTests" runstate="Runnable" seed="985586968" result="Passed" start-time="2026-08-20 10:16:35Z" end-time="2026-08-20 10:16:35Z" duration="0.000141" asserts="0">
              <properties>
                <property name="retryIteration" value="0" />
                <property name="repeatIteration" value="0" />
              </properties>
            </test-case>
            <test-case id="1004" name="AabRelease_VersionCode_IsOne" fullname="Lattirune.Tests.AabReleaseConfigurationTests.AabRelease_VersionCode_IsOne" methodname="AabRelease_VersionCode_IsOne" classname="Lattirune.Tests.AabReleaseConfigurationTests" runstate="Runnable" seed="1848312271" result="Passed" start-time="2026-08-20 10:16:35Z" end-time="2026-08-20 10:16:35Z" duration="0.000169" asserts="0">
              <properties>
                <property name="retryIteration" value="0" />
                <property name="repeatIteration" value="0" />
              </properties>
            </test-case>
            <test-case id="1003" name="AabRelease_VersionName_IsOnePointZeroPointZero" fullname="Lattirune.Tests.AabReleaseConfigurationTests.AabRelease_VersionName_IsOnePointZeroPointZero" methodname="AabRelease_VersionName_IsOnePointZeroPointZero" classname="Lattirune.Tests.AabReleaseConfigurationTests" runstate="Runnable" seed="101407461" result="Passed" start-time="2026-08-20 10:16:35Z" end-time="2026-08-20 10:16:35Z" duration="0.000217" asserts="0">
              <properties>
                <property name="retryIteration" value="0" />
                <property name="repeatIteration" value="0" />
              </properties>
            </test-case>
            <test-case id="1013" name="AabRelease_ZeroTelemetryAndZeroAds" fullname="Lattirune.Tests.AabReleaseConfigurationTests.AabRelease_ZeroTelemetryAndZeroAds" methodname="AabRelease_ZeroTelemetryAndZeroAds" classname="Lattirune.Tests.AabReleaseConfigurationTests" runstate="Runnable" seed="2104047999" result="Passed" start-time="2026-08-20 10:16:35Z" end-time="2026-08-20 10:16:35Z" duration="0.000340" asserts="0">
              <properties>
                <property name="retryIteration" value="0" />
                <property name="repeatIteration" value="0" />
              </properties>
            </test-case>
          </test-suite>
          <test-suite type="TestFixture" id="1015" name="AndroidDeviceQARecordTests" fullname="Lattirune.Tests.AndroidDeviceQARecordTests" classname="Lattirune.Tests.AndroidDeviceQARecordTests" runstate="Runnable" testcasecount="12" result="Passed" start-time="2026-08-20 10:16:35Z" end-time="2026-08-20 10:16:35Z" duration="0.012652" total="12" passed="12" failed="0" inconclusive="0" skipped="0" asserts="0">
            <properties />
            <test-case id="1024" name="DeviceQARecord_CanonicalItemCatalogue_Has20Items" fullname="Lattirune.Tests.AndroidDeviceQARecordTests.DeviceQARecord_CanonicalItemCatalogue_Has20Items" methodname="DeviceQARecord_CanonicalItemCatalogue_Has20Items" classname="Lattirune.Tests.AndroidDeviceQARecordTests" runstate="Runnable" seed="1225507372" result="Passed" start-time="2026-08-20 10:16:35Z" end-time="2026-08-20 10:16:35Z" duration="0.005070" asserts="0">
              <properties>
                <property name="retryIteration" value="0" />
                <property name="repeatIteration" value="0" />
              </properties>
            </test-case>
            <test-case id="1025" name="DeviceQARecord_CanonicalRuneCatalogue_Has10Runes" fullname="Lattirune.Tests.AndroidDeviceQARecordTests.DeviceQARecord_CanonicalRuneCatalogue_Has10Runes" methodname="DeviceQARecord_CanonicalRuneCatalogue_Has10Runes" classname="Lattirune.Tests.AndroidDeviceQARecordTests" runstate="Runnable" seed="169989197" result="Passed" start-time="2026-08-20 10:16:35Z" end-time="2026-08-20 10:16:35Z" duration="0.001431" asserts="0">
              <properties>
                <property name="retryIteration" value="0" />
                <property name="repeatIteration" value="0" />
              </properties>
            </test-case>
            <test-case id="1027" name="DeviceQARecord_LichLordBoss_HasThreePhases" fullname="Lattirune.Tests.AndroidDeviceQARecordTests.DeviceQARecord_LichLordBoss_HasThreePhases" methodname="DeviceQARecord_LichLordBoss_HasThreePhases" classname="Lattirune.Tests.AndroidDeviceQARecordTests" runstate="Runnable" seed="1880830561" result="Passed" start-time="2026-08-20 10:16:35Z" end-time="2026-08-20 10:16:35Z" duration="0.000718" asserts="0">
              <properties>
                <property name="retryIteration" value="0" />
                <property name="repeatIteration" value="0" />
              </properties>
            </test-case>
            <test-case id="1016" name="DeviceQARecord_ManualChecklistDocument_Exists" fullname="Lattirune.Tests.AndroidDeviceQARecordTests.DeviceQARecord_ManualChecklistDocument_Exists" methodname="DeviceQARecord_ManualChecklistDocument_Exists" classname="Lattirune.Tests.AndroidDeviceQARecordTests" runstate="Runnable" seed="1621382348" result="Passed" start-time="2026-08-20 10:16:35Z" end-time="2026-08-20 10:16:35Z" duration="0.000144" asserts="0">
              <properties>
                <property name="retryIteration" value="0" />
                <property name="repeatIteration" value="0" />
              </properties>
            </test-case>
            <test-case id="1019" name="DeviceQARecord_PackageIdentifier_Matches" fullname="Lattirune.Tests.AndroidDeviceQARecordTests.DeviceQARecord_PackageIdentifier_Matches" methodname="DeviceQARecord_PackageIdentifier_Matches" classname="Lattirune.Tests.AndroidDeviceQARecordTests" runstate="Runnable" seed="627511836" result="Passed" start-time="2026-08-20 10:16:35Z" end-time="2026-08-20 10:16:35Z" duration="0.000150" asserts="0">
              <properties>
                <property name="retryIteration" value="0" />
                <property name="repeatIteration" value="0" />
              </properties>
            </test-case>
            <test-case id="1023" name="DeviceQARecord_PhysicalQAStatus_IsExplicitlyNotTested" fullname="Lattirune.Tests.AndroidDeviceQARecordTests.DeviceQARecord_PhysicalQAStatus_IsExplicitlyNotTested" methodname="DeviceQARecord_PhysicalQAStatus_IsExplicitlyNotTested" classname="Lattirune.Tests.AndroidDeviceQARecordTests" runstate="Runnable" seed="1887469296" result="Passed" start-time="2026-08-20 10:16:35Z" end-time="2026-08-20 10:16:35Z" duration="0.000149" asserts="0">
              <properties>
                <property name="retryIteration" value="0" />
                <property name="repeatIteration" value="0" />
              </properties>
            </test-case>
            <test-case id="1018" name="DeviceQARecord_ReleaseApkPath_IsLattirune100" fullname="Lattirune.Tests.AndroidDeviceQARecordTests.DeviceQARecord_ReleaseApkPath_IsLattirune100" methodname="DeviceQARecord_ReleaseApkPath_IsLattirune100" classname="Lattirune.Tests.AndroidDeviceQARecordTests" runstate="Runnable" seed="335764879" result="Passed" start-time="2026-08-20 10:16:35Z" end-time="2026-08-20 10:16:35Z" duration="0.000118" asserts="0">
              <properties>
                <property name="retryIteration" value="0" />
                <property name="repeatIteration" value="0" />
              </properties>
            </test-case>
            <test-case id="1017" name="DeviceQARecord_ReleaseNotesDocument_Exists" fullname="Lattirune.Tests.AndroidDeviceQARecordTests.DeviceQARecord_ReleaseNotesDocument_Exists" methodname="DeviceQARecord_ReleaseNotesDocument_Exists" classname="Lattirune.Tests.AndroidDeviceQARecordTests" runstate="Runnable" seed="878617074" result="Passed" start-time="2026-08-20 10:16:35Z" end-time="2026-08-20 10:16:35Z" duration="0.000124" asserts="0">
              <properties>
                <property name="retryIteration" value="0" />
                <property name="repeatIteration" value="0" />
              </properties>
            </test-case>
            <test-case id="1022" name="DeviceQARecord_SaveVersion_MatchesOne" fullname="Lattirune.Tests.AndroidDeviceQARecordTests.DeviceQARecord_SaveVersion_MatchesOne" methodname="DeviceQARecord_SaveVersion_MatchesOne" classname="Lattirune.Tests.AndroidDeviceQARecordTests" runstate="Runnable" seed="372398207" result="Passed" start-time="2026-08-20 10:16:35Z" end-time="2026-08-20 10:16:35Z" duration="0.000162" asserts="0">
              <properties>
                <property name="retryIteration" value="0" />
                <property name="repeatIteration" value="0" />
              </properties>
            </test-case>
            <test-case id="1026" name="DeviceQARecord_TenFloorDungeon_Has10Floors" fullname="Lattirune.Tests.AndroidDeviceQARecordTests.DeviceQARecord_TenFloorDungeon_Has10Floors" methodname="DeviceQARecord_TenFloorDungeon_Has10Floors" classname="Lattirune.Tests.AndroidDeviceQARecordTests" runstate="Runnable" seed="1691995088" result="Passed" start-time="2026-08-20 10:16:35Z" end-time="2026-08-20 10:16:35Z" duration="0.002452" asserts="0">
              <properties>
                <property name="retryIteration" value="0" />
                <property name="repeatIteration" value="0" />
              </properties>
            </test-case>
            <test-case id="1020" name="DeviceQARecord_Version_Matches100" fullname="Lattirune.Tests.AndroidDeviceQARecordTests.DeviceQARecord_Version_Matches100" methodname="DeviceQARecord_Version_Matches100" classname="Lattirune.Tests.AndroidDeviceQARecordTests" runstate="Runnable" seed="373207360" result="Passed" start-time="2026-08-20 10:16:35Z" end-time="2026-08-20 10:16:35Z" duration="0.000139" asserts="0">
              <properties>
                <property name="retryIteration" value="0" />
                <property name="repeatIteration" value="0" />
              </properties>
            </test-case>
            <test-case id="1021" name="DeviceQARecord_VersionCode_MatchesOne" fullname="Lattirune.Tests.AndroidDeviceQARecordTests.DeviceQARecord_VersionCode_MatchesOne" methodname="DeviceQARecord_VersionCode_MatchesOne" classname="Lattirune.Tests.AndroidDeviceQARecordTests" runstate="Runnable" seed="2120881925" result="Passed" start-time="2026-08-20 10:16:35Z" end-time="2026-08-20 10:16:35Z" duration="0.000131" asserts="0">
              <properties>
                <property name="retryIteration" value="0" />
                <property name="repeatIteration" value="0" />
              </properties>
            </test-case>
          </test-suite>
          <test-suite type="TestFixture" id="1028" name="AndroidReleaseArtifactTests" fullname="Lattirune.Tests.AndroidReleaseArtifactTests" classname="Lattirune.Tests.AndroidReleaseArtifactTests" runstate="Runnable" testcasecount="12" result="Passed" start-time="2026-08-20 10:16:35Z" end-time="2026-08-20 10:16:35Z" duration="0.007728" total="12" passed="12" failed="0" inconclusive="0" skipped="0" asserts="0">
            <properties />
            <test-case id="1036" name="ArtifactTests_CanonicalItemCatalogue_HasExact20Items" fullname="Lattirune.Tests.AndroidReleaseArtifactTests.ArtifactTests_CanonicalItemCatalogue_HasExact20Items" methodname="ArtifactTests_CanonicalItemCatalogue_HasExact20Items" classname="Lattirune.Tests.AndroidReleaseArtifactTests" runstate="Runnable" seed="916936747" result="Passed" start-time="2026-08-20 10:16:35Z" end-time="2026-08-20 10:16:35Z" duration="0.000843" asserts="0">
              <properties>
                <property name="retryIteration" value="0" />
                <property name="repeatIteration" value="0" />
              </properties>
            </test-case>
            <test-case id="1037" name="ArtifactTests_CanonicalRuneCatalogue_HasExact10Runes" fullname="Lattirune.Tests.AndroidReleaseArtifactTests.ArtifactTests_CanonicalRuneCatalogue_HasExact10Runes" methodname="ArtifactTests_CanonicalRuneCatalogue_HasExact10Runes" classname="Lattirune.Tests.AndroidReleaseArtifactTests" runstate="Runnable" seed="1573488305" result="Passed" start-time="2026-08-20 10:16:35Z" end-time="2026-08-20 10:16:35Z" duration="0.000362" asserts="0">
              <properties>
                <property name="retryIteration" value="0" />
                <property name="repeatIteration" value="0" />
              </properties>
            </test-case>
            <test-case id="1033" name="ArtifactTests_CoreBootstrapScene_IsSpecified" fullname="Lattirune.Tests.AndroidReleaseArtifactTests.ArtifactTests_CoreBootstrapScene_IsSpecified" methodname="ArtifactTests_CoreBootstrapScene_IsSpecified" classname="Lattirune.Tests.AndroidReleaseArtifactTests" runstate="Runnable" seed="446783128" result="Passed" start-time="2026-08-20 10:16:35Z" end-time="2026-08-20 10:16:35Z" duration="0.000133" asserts="0">
              <properties>
                <property name="retryIteration" value="0" />
                <property name="repeatIteration" value="0" />
              </properties>
            </test-case>
            <test-case id="1034" name="ArtifactTests_DungeonTopology_HasExact10Floors" fullname="Lattirune.Tests.AndroidReleaseArtifactTests.ArtifactTests_DungeonTopology_HasExact10Floors" methodname="ArtifactTests_DungeonTopology_HasExact10Floors" classname="Lattirune.Tests.AndroidReleaseArtifactTests" runstate="Runnable" seed="1847821509" result="Passed" start-time="2026-08-20 10:16:35Z" end-time="2026-08-20 10:16:35Z" duration="0.000472" asserts="0">
              <properties>
                <property name="retryIteration" value="0" />
                <property name="repeatIteration" value="0" />
              </properties>
            </test-case>
            <test-case id="1039" name="ArtifactTests_ElementalReactions_HasAll5Reactions" fullname="Lattirune.Tests.AndroidReleaseArtifactTests.ArtifactTests_ElementalReactions_HasAll5Reactions" methodname="ArtifactTests_ElementalReactions_HasAll5Reactions" classname="Lattirune.Tests.AndroidReleaseArtifactTests" runstate="Runnable" seed="214722516" result="Passed" start-time="2026-08-20 10:16:35Z" end-time="2026-08-20 10:16:35Z" duration="0.000856" asserts="0">
              <properties>
                <property name="retryIteration" value="0" />
                <property name="repeatIteration" value="0" />
              </properties>
            </test-case>
            <test-case id="1035" name="ArtifactTests_LichLordBoss_IsLocatedAtFloor10" fullname="Lattirune.Tests.AndroidReleaseArtifactTests.ArtifactTests_LichLordBoss_IsLocatedAtFloor10" methodname="ArtifactTests_LichLordBoss_IsLocatedAtFloor10" classname="Lattirune.Tests.AndroidReleaseArtifactTests" runstate="Runnable" seed="643552076" result="Passed" start-time="2026-08-20 10:16:35Z" end-time="2026-08-20 10:16:35Z" duration="0.000695" asserts="0">
              <properties>
                <property name="retryIteration" value="0" />
                <property name="repeatIteration" value="0" />
              </properties>
            </test-case>
            <test-case id="1038" name="ArtifactTests_MasterSynergies_HasAll5Combinations" fullname="Lattirune.Tests.AndroidReleaseArtifactTests.ArtifactTests_MasterSynergies_HasAll5Combinations" methodname="ArtifactTests_MasterSynergies_HasAll5Combinations" classname="Lattirune.Tests.AndroidReleaseArtifactTests" runstate="Runnable" seed="757173357" result="Passed" start-time="2026-08-20 10:16:35Z" end-time="2026-08-20 10:16:35Z" duration="0.001366" asserts="0">
              <properties>
                <property name="retryIteration" value="0" />
                <property name="repeatIteration" value="0" />
              </properties>
            </test-case>
            <test-case id="1030" name="ArtifactTests_Orientation_IsConfiguredAsPortrait" fullname="Lattirune.Tests.AndroidReleaseArtifactTests.ArtifactTests_Orientation_IsConfiguredAsPortrait" methodname="ArtifactTests_Orientation_IsConfiguredAsPortrait" classname="Lattirune.Tests.AndroidReleaseArtifactTests" runstate="Runnable" seed="2027846746" result="Passed" start-time="2026-08-20 10:16:35Z" end-time="2026-08-20 10:16:35Z" duration="0.000219" asserts="0">
              <properties>
                <property name="retryIteration" value="0" />
                <property name="repeatIteration" value="0" />
              </properties>
            </test-case>
            <test-case id="1029" name="ArtifactTests_PackageIdentifier_MatchesSpecification" fullname="Lattirune.Tests.AndroidReleaseArtifactTests.ArtifactTests_PackageIdentifier_MatchesSpecification" methodname="ArtifactTests_PackageIdentifier_MatchesSpecification" classname="Lattirune.Tests.AndroidReleaseArtifactTests" runstate="Runnable" seed="292127288" result="Passed" start-time="2026-08-20 10:16:35Z" end-time="2026-08-20 10:16:35Z" duration="0.000138" asserts="0">
              <properties>
                <property name="retryIteration" value="0" />
                <property name="repeatIteration" value="0" />
              </properties>
            </test-case>
            <test-case id="1031" name="ArtifactTests_ReleaseArtifactPath_IsConfiguredProperly" fullname="Lattirune.Tests.AndroidReleaseArtifactTests.ArtifactTests_ReleaseArtifactPath_IsConfiguredProperly" methodname="ArtifactTests_ReleaseArtifactPath_IsConfiguredProperly" classname="Lattirune.Tests.AndroidReleaseArtifactTests" runstate="Runnable" seed="1952515159" result="Passed" start-time="2026-08-20 10:16:35Z" end-time="2026-08-20 10:16:35Z" duration="0.000132" asserts="0">
              <properties>
                <property name="retryIteration" value="0" />
                <property name="repeatIteration" value="0" />
              </properties>
            </test-case>
            <test-case id="1032" name="ArtifactTests_SaveVersion_MatchesConstantOne" fullname="Lattirune.Tests.AndroidReleaseArtifactTests.ArtifactTests_SaveVersion_MatchesConstantOne" methodname="ArtifactTests_SaveVersion_MatchesConstantOne" classname="Lattirune.Tests.AndroidReleaseArtifactTests" runstate="Runnable" seed="1388649108" result="Passed" start-time="2026-08-20 10:16:35Z" end-time="2026-08-20 10:16:35Z" duration="0.000226" asserts="0">
              <properties>
                <property name="retryIteration" value="0" />
                <property name="repeatIteration" value="0" />
              </properties>
            </test-case>
            <test-case id="1040" name="ArtifactTests_TouchTargetHeight_ConformsTo52dpMinimum" fullname="Lattirune.Tests.AndroidReleaseArtifactTests.ArtifactTests_TouchTargetHeight_ConformsTo52dpMinimum" methodname="ArtifactTests_TouchTargetHeight_ConformsTo52dpMinimum" classname="Lattirune.Tests.AndroidReleaseArtifactTests" runstate="Runnable" seed="1044182471" result="Passed" start-time="2026-08-20 10:16:35Z" end-time="2026-08-20 10:16:35Z" duration="0.000711" asserts="0">
              <properties>
                <property name="retryIteration" value="0" />
                <property name="repeatIteration" value="0" />
              </properties>
            </test-case>
          </test-suite>
          <test-suite type="TestFixture" id="1041" name="AudioControllerTests" fullname="Lattirune.Tests.AudioControllerTests" classname="Lattirune.Tests.AudioControllerTests" runstate="Runnable" testcasecount="6" result="Passed" start-time="2026-08-20 10:16:35Z" end-time="2026-08-20 10:16:35Z" duration="0.019699" total="6" passed="6" failed="0" inconclusive="0" skipped="0" asserts="0">
            <properties />
            <test-case id="1046" name="AudioController_AllFifteenCues_PlaySafelyWithoutExceptions" fullname="Lattirune.Tests.AudioControllerTests.AudioController_AllFifteenCues_PlaySafelyWithoutExceptions" methodname="AudioController_AllFifteenCues_PlaySafelyWithoutExceptions" classname="Lattirune.Tests.AudioControllerTests" runstate="Runnable" seed="881145820" result="Passed" start-time="2026-08-20 10:16:35Z" end-time="2026-08-20 10:16:35Z" duration="0.014720" asserts="0">
              <properties>
                <property name="retryIteration" value="0" />
                <property name="repeatIteration" value="0" />
              </properties>
            </test-case>
            <test-case id="1047" name="AudioController_BgmPlaybackAndMusicVolume_ControlsTrack" fullname="Lattirune.Tests.AudioControllerTests.AudioController_BgmPlaybackAndMusicVolume_ControlsTrack" methodname="AudioController_BgmPlaybackAndMusicVolume_ControlsTrack" classname="Lattirune.Tests.AudioControllerTests" runstate="Runnable" seed="1044554144" result="Passed" start-time="2026-08-20 10:16:35Z" end-time="2026-08-20 10:16:35Z" duration="0.000897" asserts="0">
              <properties>
                <property name="retryIteration" value="0" />
                <property name="repeatIteration" value="0" />
              </properties>
            </test-case>
            <test-case id="1042" name="AudioController_Initializes_WithDefaultVolumes" fullname="Lattirune.Tests.AudioControllerTests.AudioController_Initializes_WithDefaultVolumes" methodname="AudioController_Initializes_WithDefaultVolumes" classname="Lattirune.Tests.AudioControllerTests" runstate="Runnable" seed="1684441358" result="Passed" start-time="2026-08-20 10:16:35Z" end-time="2026-08-20 10:16:35Z" duration="0.000275" asserts="0">
              <properties>
                <property name="retryIteration" value="0" />
                <property name="repeatIteration" value="0" />
              </properties>
            </test-case>
            <test-case id="1044" name="AudioController_Mute_SetsEffectiveVolumeToZero" fullname="Lattirune.Tests.AudioControllerTests.AudioController_Mute_SetsEffectiveVolumeToZero" methodname="AudioController_Mute_SetsEffectiveVolumeToZero" classname="Lattirune.Tests.AudioControllerTests" runstate="Runnable" seed="1149424078" result="Passed" start-time="2026-08-20 10:16:35Z" end-time="2026-08-20 10:16:35Z" duration="0.000669" asserts="0">
              <properties>
                <property name="retryIteration" value="0" />
                <property name="repeatIteration" value="0" />
              </properties>
            </test-case>
            <test-case id="1045" name="AudioController_PlaySfx_UpdatesTelemetryAndLastCue" fullname="Lattirune.Tests.AudioControllerTests.AudioController_PlaySfx_UpdatesTelemetryAndLastCue" methodname="AudioController_PlaySfx_UpdatesTelemetryAndLastCue" classname="Lattirune.Tests.AudioControllerTests" runstate="Runnable" seed="742027637" result="Passed" start-time="2026-08-20 10:16:35Z" end-time="2026-08-20 10:16:35Z" duration="0.001881" asserts="0">
              <properties>
                <property name="retryIteration" value="0" />
                <property name="repeatIteration" value="0" />
              </properties>
            </test-case>
            <test-case id="1043" name="AudioController_VolumeClamping_RestrictsValuesToZeroOne" fullname="Lattirune.Tests.AudioControllerTests.AudioController_VolumeClamping_RestrictsValuesToZeroOne" methodname="AudioController_VolumeClamping_RestrictsValuesToZeroOne" classname="Lattirune.Tests.AudioControllerTests" runstate="Runnable" seed="1133353648" result="Passed" start-time="2026-08-20 10:16:35Z" end-time="2026-08-20 10:16:35Z" duration="0.000250" asserts="0">
              <properties>
                <property name="retryIteration" value="0" />
                <property name="repeatIteration" value="0" />
              </properties>
            </test-case>
          </test-suite>
          <test-suite type="TestFixture" id="1048" name="BossCombatIntegrationTests" fullname="Lattirune.Tests.BossCombatIntegrationTests" classname="Lattirune.Tests.BossCombatIntegrationTests" runstate="Runnable" testcasecount="1" result="Passed" start-time="2026-08-20 10:16:35Z" end-time="2026-08-20 10:16:35Z" duration="0.005661" total="1" passed="1" failed="0" inconclusive="0" skipped="0" asserts="0">
            <properties />
            <test-case id="1049" name="BossCombat_Victory_TriggersRewardAndRunCompletion" fullname="Lattirune.Tests.BossCombatIntegrationTests.BossCombat_Victory_TriggersRewardAndRunCompletion" methodname="BossCombat_Victory_TriggersRewardAndRunCompletion" classname="Lattirune.Tests.BossCombatIntegrationTests" runstate="Runnable" seed="133122809" result="Passed" start-time="2026-08-20 10:16:35Z" end-time="2026-08-20 10:16:35Z" duration="0.005068" asserts="0">
              <properties>
                <property name="retryIteration" value="0" />
                <property name="repeatIteration" value="0" />
              </properties>
            </test-case>
          </test-suite>
          <test-suite type="TestFixture" id="1050" name="BossPhaseTests" fullname="Lattirune.Tests.BossPhaseTests" classname="Lattirune.Tests.BossPhaseTests" runstate="Runnable" testcasecount="6" result="Passed" start-time="2026-08-20 10:16:35Z" end-time="2026-08-20 10:16:35Z" duration="0.002486" total="6" passed="6" failed="0" inconclusive="0" skipped="0" asserts="0">
            <properties />
            <test-case id="1052" name="BossDefinition_ValidatesCorrectly" fullname="Lattirune.Tests.BossPhaseTests.BossDefinition_ValidatesCorrectly" methodname="BossDefinition_ValidatesCorrectly" classname="Lattirune.Tests.BossPhaseTests" runstate="Runnable" seed="792090935" result="Passed" start-time="2026-08-20 10:16:35Z" end-time="2026-08-20 10:16:35Z" duration="0.000503" asserts="0">
              <properties>
                <property name="retryIteration" value="0" />
                <property name="repeatIteration" value="0" />
              </properties>
            </test-case>
            <test-case id="1056" name="BossPhase_ScriptableObjects_RemainImmutable" fullname="Lattirune.Tests.BossPhaseTests.BossPhase_ScriptableObjects_RemainImmutable" methodname="BossPhase_ScriptableObjects_RemainImmutable" classname="Lattirune.Tests.BossPhaseTests" runstate="Runnable" seed="1722632197" result="Passed" start-time="2026-08-20 10:16:35Z" end-time="2026-08-20 10:16:35Z" duration="0.000192" asserts="0">
              <properties>
                <property name="retryIteration" value="0" />
                <property name="repeatIteration" value="0" />
              </properties>
            </test-case>
            <test-case id="1051" name="BossPhase_ValidatesCorrectly" fullname="Lattirune.Tests.BossPhaseTests.BossPhase_ValidatesCorrectly" methodname="BossPhase_ValidatesCorrectly" classname="Lattirune.Tests.BossPhaseTests" runstate="Runnable" seed="303322461" result="Passed" start-time="2026-08-20 10:16:35Z" end-time="2026-08-20 10:16:35Z" duration="0.000243" asserts="0">
              <properties>
                <property name="retryIteration" value="0" />
                <property name="repeatIteration" value="0" />
              </properties>
            </test-case>
            <test-case id="1053" name="LichLord_BaseStats_MatchPlan" fullname="Lattirune.Tests.BossPhaseTests.LichLord_BaseStats_MatchPlan" methodname="LichLord_BaseStats_MatchPlan" classname="Lattirune.Tests.BossPhaseTests" runstate="Runnable" seed="1999730203" result="Passed" start-time="2026-08-20 10:16:35Z" end-time="2026-08-20 10:16:35Z" duration="0.000180" asserts="0">
              <properties>
                <property name="retryIteration" value="0" />
                <property name="repeatIteration" value="0" />
              </properties>
            </test-case>
            <test-case id="1054" name="LichLord_PhaseCount_IsThree" fullname="Lattirune.Tests.BossPhaseTests.LichLord_PhaseCount_IsThree" methodname="LichLord_PhaseCount_IsThree" classname="Lattirune.Tests.BossPhaseTests" runstate="Runnable" seed="1167344825" result="Passed" start-time="2026-08-20 10:16:35Z" end-time="2026-08-20 10:16:35Z" duration="0.000182" asserts="0">
              <properties>
                <property name="retryIteration" value="0" />
                <property name="repeatIteration" value="0" />
              </properties>
            </test-case>
            <test-case id="1055" name="LichLord_PhaseThresholds_AreDescending" fullname="Lattirune.Tests.BossPhaseTests.LichLord_PhaseThresholds_AreDescending" methodname="LichLord_PhaseThresholds_AreDescending" classname="Lattirune.Tests.BossPhaseTests" runstate="Runnable" seed="1032290425" result="Passed" start-time="2026-08-20 10:16:35Z" end-time="2026-08-20 10:16:35Z" duration="0.000175" asserts="0">
              <properties>
                <property name="retryIteration" value="0" />
                <property name="repeatIteration" value="0" />
              </properties>
            </test-case>
          </test-suite>
          <test-suite type="TestFixture" id="1057" name="BossSystemTests" fullname="Lattirune.Tests.BossSystemTests" classname="Lattirune.Tests.BossSystemTests" runstate="Runnable" testcasecount="7" result="Passed" start-time="2026-08-20 10:16:35Z" end-time="2026-08-20 10:16:35Z" duration="0.003906" total="7" passed="7" failed="0" inconclusive="0" skipped="0" asserts="0">
            <properties />
            <test-case id="1061" name="BossSystem_DeadBoss_CannotTransitionPhases" fullname="Lattirune.Tests.BossSystemTests.BossSystem_DeadBoss_CannotTransitionPhases" methodname="BossSystem_DeadBoss_CannotTransitionPhases" classname="Lattirune.Tests.BossSystemTests" runstate="Runnable" seed="1732862878" result="Passed" start-time="2026-08-20 10:16:35Z" end-time="2026-08-20 10:16:35Z" duration="0.000489" asserts="0">
              <properties>
                <property name="retryIteration" value="0" />
                <property name="repeatIteration" value="0" />
              </properties>
            </test-case>
            <test-case id="1064" name="BossSystem_GraveGoliathMidBoss_TransitionsAtHalfHp" fullname="Lattirune.Tests.BossSystemTests.BossSystem_GraveGoliathMidBoss_TransitionsAtHalfHp" methodname="BossSystem_GraveGoliathMidBoss_TransitionsAtHalfHp" classname="Lattirune.Tests.BossSystemTests" runstate="Runnable" seed="2130132596" result="Passed" start-time="2026-08-20 10:16:35Z" end-time="2026-08-20 10:16:35Z" duration="0.000500" asserts="0">
              <properties>
                <property name="retryIteration" value="0" />
                <property name="repeatIteration" value="0" />
              </properties>
            </test-case>
            <test-case id="1062" name="BossSystem_ResetBoss_RestoresInitialState" fullname="Lattirune.Tests.BossSystemTests.BossSystem_ResetBoss_RestoresInitialState" methodname="BossSystem_ResetBoss_RestoresInitialState" classname="Lattirune.Tests.BossSystemTests" runstate="Runnable" seed="863231935" result="Passed" start-time="2026-08-20 10:16:35Z" end-time="2026-08-20 10:16:35Z" duration="0.000327" asserts="0">
              <properties>
                <property name="retryIteration" value="0" />
                <property name="repeatIteration" value="0" />
              </properties>
            </test-case>
            <test-case id="1058" name="BossSystem_StartsInPhase1" fullname="Lattirune.Tests.BossSystemTests.BossSystem_StartsInPhase1" methodname="BossSystem_StartsInPhase1" classname="Lattirune.Tests.BossSystemTests" runstate="Runnable" seed="2104677487" result="Passed" start-time="2026-08-20 10:16:35Z" end-time="2026-08-20 10:16:35Z" duration="0.000321" asserts="0">
              <properties>
                <property name="retryIteration" value="0" />
                <property name="repeatIteration" value="0" />
              </properties>
            </test-case>
            <test-case id="1063" name="BossSystem_Telemetry_MatchesRuntimeState" fullname="Lattirune.Tests.BossSystemTests.BossSystem_Telemetry_MatchesRuntimeState" methodname="BossSystem_Telemetry_MatchesRuntimeState" classname="Lattirune.Tests.BossSystemTests" runstate="Runnable" seed="972408698" result="Passed" start-time="2026-08-20 10:16:35Z" end-time="2026-08-20 10:16:35Z" duration="0.000514" asserts="0">
              <properties>
                <property name="retryIteration" value="0" />
                <property name="repeatIteration" value="0" />
              </properties>
            </test-case>
            <test-case id="1059" name="BossSystem_ThresholdTransition_MovesToPhase2" fullname="Lattirune.Tests.BossSystemTests.BossSystem_ThresholdTransition_MovesToPhase2" methodname="BossSystem_ThresholdTransition_MovesToPhase2" classname="Lattirune.Tests.BossSystemTests" runstate="Runnable" seed="412342738" result="Passed" start-time="2026-08-20 10:16:35Z" end-time="2026-08-20 10:16:35Z" duration="0.000430" asserts="0">
              <properties>
                <property name="retryIteration" value="0" />
                <property name="repeatIteration" value="0" />
              </properties>
            </test-case>
            <test-case id="1060" name="BossSystem_ThresholdTransition_MovesToPhase3" fullname="Lattirune.Tests.BossSystemTests.BossSystem_ThresholdTransition_MovesToPhase3" methodname="BossSystem_ThresholdTransition_MovesToPhase3" classname="Lattirune.Tests.BossSystemTests" runstate="Runnable" seed="229451089" result="Passed" start-time="2026-08-20 10:16:35Z" end-time="2026-08-20 10:16:35Z" duration="0.000299" asserts="0">
              <properties>
                <property name="retryIteration" value="0" />
                <property name="repeatIteration" value="0" />
              </properties>
            </test-case>
          </test-suite>
          <test-suite type="TestFixture" id="1065" name="CampfireRestAndTutorialTests" fullname="Lattirune.Tests.CampfireRestAndTutorialTests" classname="Lattirune.Tests.CampfireRestAndTutorialTests" runstate="Runnable" testcasecount="4" result="Passed" start-time="2026-08-20 10:16:35Z" end-time="2026-08-20 10:16:35Z" duration="0.004996" total="4" passed="4" failed="0" inconclusive="0" skipped="0" asserts="0">
            <properties />
            <test-case id="1067" name="CampfireRest_CleanseCurse_RemovesVulnerabilityModifier" fullname="Lattirune.Tests.CampfireRestAndTutorialTests.CampfireRest_CleanseCurse_RemovesVulnerabilityModifier" methodname="CampfireRest_CleanseCurse_RemovesVulnerabilityModifier" classname="Lattirune.Tests.CampfireRestAndTutorialTests" runstate="Runnable" seed="1503459606" result="Passed" start-time="2026-08-20 10:16:35Z" end-time="2026-08-20 10:16:35Z" duration="0.002554" asserts="0">
              <properties>
                <property name="retryIteration" value="0" />
                <property name="repeatIteration" value="0" />
              </properties>
            </test-case>
            <test-case id="1066" name="CampfireRest_Heal40Percent_RestoresPlayerHealth" fullname="Lattirune.Tests.CampfireRestAndTutorialTests.CampfireRest_Heal40Percent_RestoresPlayerHealth" methodname="CampfireRest_Heal40Percent_RestoresPlayerHealth" classname="Lattirune.Tests.CampfireRestAndTutorialTests" runstate="Runnable" seed="169048237" result="Passed" start-time="2026-08-20 10:16:35Z" end-time="2026-08-20 10:16:35Z" duration="0.000575" asserts="0">
              <properties>
                <property name="retryIteration" value="0" />
                <property name="repeatIteration" value="0" />
              </properties>
            </test-case>
            <test-case id="1068" name="TutorialManager_StepProgressionAndSkip" fullname="Lattirune.Tests.CampfireRestAndTutorialTests.TutorialManager_StepProgressionAndSkip" methodname="TutorialManager_StepProgressionAndSkip" classname="Lattirune.Tests.CampfireRestAndTutorialTests" runstate="Runnable" seed="1920625568" result="Passed" start-time="2026-08-20 10:16:35Z" end-time="2026-08-20 10:16:35Z" duration="0.000433" asserts="0">
              <properties>
                <property name="retryIteration" value="0" />
                <property name="repeatIteration" value="0" />
              </properties>
            </test-case>
            <test-case id="1069" name="TutorialSavePersistence_PreservesCompletedFlag" fullname="Lattirune.Tests.CampfireRestAndTutorialTests.TutorialSavePersistence_PreservesCompletedFlag" methodname="TutorialSavePersistence_PreservesCompletedFlag" classname="Lattirune.Tests.CampfireRestAndTutorialTests" runstate="Runnable" seed="553821847" result="Passed" start-time="2026-08-20 10:16:35Z" end-time="2026-08-20 10:16:35Z" duration="0.000699" asserts="0">
              <properties>
                <property name="retryIteration" value="0" />
                <property name="repeatIteration" value="0" />
              </properties>
            </test-case>
          </test-suite>
          <test-suite type="TestFixture" id="1070" name="CodexSystemTests" fullname="Lattirune.Tests.CodexSystemTests" classname="Lattirune.Tests.CodexSystemTests" runstate="Runnable" testcasecount="4" result="Passed" start-time="2026-08-20 10:16:35Z" end-time="2026-08-20 10:16:35Z" duration="0.006408" total="4" passed="4" failed="0" inconclusive="0" skipped="0" asserts="0">
            <properties />
            <test-case id="1071" name="CanonicalBestiaryDatabase_ContainsAll7CanonicalEnemies" fullname="Lattirune.Tests.CodexSystemTests.CanonicalBestiaryDatabase_ContainsAll7CanonicalEnemies" methodname="CanonicalBestiaryDatabase_ContainsAll7CanonicalEnemies" classname="Lattirune.Tests.CodexSystemTests" runstate="Runnable" seed="859023093" result="Passed" start-time="2026-08-20 10:16:35Z" end-time="2026-08-20 10:16:35Z" duration="0.002409" asserts="0">
              <properties>
                <property name="retryIteration" value="0" />
                <property name="repeatIteration" value="0" />
              </properties>
            </test-case>
            <test-case id="1072" name="RecordEnemyEncounterAndDefeat_IncrementsTelemetryAccurately" fullname="Lattirune.Tests.CodexSystemTests.RecordEnemyEncounterAndDefeat_IncrementsTelemetryAccurately" methodname="RecordEnemyEncounterAndDefeat_IncrementsTelemetryAccurately" classname="Lattirune.Tests.CodexSystemTests" runstate="Runnable" seed="271512161" result="Passed" start-time="2026-08-20 10:16:35Z" end-time="2026-08-20 10:16:35Z" duration="0.000701" asserts="0">
              <properties>
                <property name="retryIteration" value="0" />
                <property name="repeatIteration" value="0" />
              </properties>
            </test-case>
            <test-case id="1073" name="RecordSynergiesAndReactions_TracksUniqueDiscoveries" fullname="Lattirune.Tests.CodexSystemTests.RecordSynergiesAndReactions_TracksUniqueDiscoveries" methodname="RecordSynergiesAndReactions_TracksUniqueDiscoveries" classname="Lattirune.Tests.CodexSystemTests" runstate="Runnable" seed="1212083093" result="Passed" start-time="2026-08-20 10:16:35Z" end-time="2026-08-20 10:16:35Z" duration="0.001010" asserts="0">
              <properties>
                <property name="retryIteration" value="0" />
                <property name="repeatIteration" value="0" />
              </properties>
            </test-case>
            <test-case id="1074" name="SaveLoadPersistence_PreservesCompleteCodexState" fullname="Lattirune.Tests.CodexSystemTests.SaveLoadPersistence_PreservesCompleteCodexState" methodname="SaveLoadPersistence_PreservesCompleteCodexState" classname="Lattirune.Tests.CodexSystemTests" runstate="Runnable" seed="645942359" result="Passed" start-time="2026-08-20 10:16:35Z" end-time="2026-08-20 10:16:35Z" duration="0.001515" asserts="0">
              <properties>
                <property name="retryIteration" value="0" />
                <property name="repeatIteration" value="0" />
              </properties>
            </test-case>
          </test-suite>
          <test-suite type="TestFixture" id="1075" name="CombatAgencyAndEconomyTests" fullname="Lattirune.Tests.CombatAgencyAndEconomyTests" classname="Lattirune.Tests.CombatAgencyAndEconomyTests" runstate="Runnable" testcasecount="22" result="Passed" start-time="2026-08-20 10:16:35Z" end-time="2026-08-20 10:16:35Z" duration="0.032330" total="22" passed="22" failed="0" inconclusive="0" skipped="0" asserts="0">
            <properties />
            <test-case id="1095" name="Campfire_Heal_Restores40PercentMaxHp" fullname="Lattirune.Tests.CombatAgencyAndEconomyTests.Campfire_Heal_Restores40PercentMaxHp" methodname="Campfire_Heal_Restores40PercentMaxHp" classname="Lattirune.Tests.CombatAgencyAndEconomyTests" runstate="Runnable" seed="1687821374" result="Passed" start-time="2026-08-20 10:16:35Z" end-time="2026-08-20 10:16:35Z" duration="0.001546" asserts="0">
              <properties>
                <property name="retryIteration" value="0" />
                <property name="repeatIteration" value="0" />
              </properties>
            </test-case>
            <test-case id="1096" name="Campfire_RuneUpgrade_StoresRuntimeBonus_LeavesAssetImmutable" fullname="Lattirune.Tests.CombatAgencyAndEconomyTests.Campfire_RuneUpgrade_StoresRuntimeBonus_LeavesAssetImmutable" methodname="Campfire_RuneUpgrade_StoresRuntimeBonus_LeavesAssetImmutable" classname="Lattirune.Tests.CombatAgencyAndEconomyTests" runstate="Runnable" seed="469587716" result="Passed" start-time="2026-08-20 10:16:35Z" end-time="2026-08-20 10:16:35Z" duration="0.001445" asserts="0">
              <properties>
                <property name="retryIteration" value="0" />
                <property name="repeatIteration" value="0" />
              </properties>
            </test-case>
            <test-case id="1076" name="CombatSpeed_1x_2x_3x_AreAccepted" fullname="Lattirune.Tests.CombatAgencyAndEconomyTests.CombatSpeed_1x_2x_3x_AreAccepted" methodname="CombatSpeed_1x_2x_3x_AreAccepted" classname="Lattirune.Tests.CombatAgencyAndEconomyTests" runstate="Runnable" seed="1619998398" result="Passed" start-time="2026-08-20 10:16:35Z" end-time="2026-08-20 10:16:35Z" duration="0.001269" asserts="0">
              <properties>
                <property name="retryIteration" value="0" />
                <property name="repeatIteration" value="0" />
              </properties>
            </test-case>
            <test-case id="1078" name="CombatSpeed_AffectsCooldownProgressionDeterministically" fullname="Lattirune.Tests.CombatAgencyAndEconomyTests.CombatSpeed_AffectsCooldownProgressionDeterministically" methodname="CombatSpeed_AffectsCooldownProgressionDeterministically" classname="Lattirune.Tests.CombatAgencyAndEconomyTests" runstate="Runnable" seed="502201913" result="Passed" start-time="2026-08-20 10:16:35Z" end-time="2026-08-20 10:16:35Z" duration="0.001619" asserts="0">
              <properties>
                <property name="retryIteration" value="0" />
                <property name="repeatIteration" value="0" />
              </properties>
            </test-case>
            <test-case id="1077" name="CombatSpeed_Invalid_IsRejected" fullname="Lattirune.Tests.CombatAgencyAndEconomyTests.CombatSpeed_Invalid_IsRejected" methodname="CombatSpeed_Invalid_IsRejected" classname="Lattirune.Tests.CombatAgencyAndEconomyTests" runstate="Runnable" seed="1788998818" result="Passed" start-time="2026-08-20 10:16:35Z" end-time="2026-08-20 10:16:35Z" duration="0.003340" asserts="0">
              <properties>
                <property name="retryIteration" value="0" />
                <property name="repeatIteration" value="0" />
              </properties>
              <output><![CDATA[[Lattirune.Combat] Unsupported combat speed multiplier: 0.5. Only 1.0x, 2.0x, and 3.0x are supported.
[Lattirune.Combat] Unsupported combat speed multiplier: 4. Only 1.0x, 2.0x, and 3.0x are supported.
[Lattirune.Combat] Unsupported combat speed multiplier: -1. Only 1.0x, 2.0x, and 3.0x are supported.
]]></output>
            </test-case>
            <test-case id="1079" name="CombatSpeed_ResetCombat_Restores1x" fullname="Lattirune.Tests.CombatAgencyAndEconomyTests.CombatSpeed_ResetCombat_Restores1x" methodname="CombatSpeed_ResetCombat_Restores1x" classname="Lattirune.Tests.CombatAgencyAndEconomyTests" runstate="Runnable" seed="1978182397" result="Passed" start-time="2026-08-20 10:16:35Z" end-time="2026-08-20 10:16:35Z" duration="0.001288" asserts="0">
              <properties>
                <property name="retryIteration" value="0" />
                <property name="repeatIteration" value="0" />
              </properties>
            </test-case>
            <test-case id="1097" name="Dungeon_RoomTopology_MatchesSection11" fullname="Lattirune.Tests.CombatAgencyAndEconomyTests.Dungeon_RoomTopology_MatchesSection11" methodname="Dungeon_RoomTopology_MatchesSection11" classname="Lattirune.Tests.CombatAgencyAndEconomyTests" runstate="Runnable" seed="614437627" result="Passed" start-time="2026-08-20 10:16:35Z" end-time="2026-08-20 10:16:35Z" duration="0.001178" asserts="0">
              <properties>
                <property name="retryIteration" value="0" />
                <property name="repeatIteration" value="0" />
              </properties>
            </test-case>
            <test-case id="1085" name="EconomyManager_BossEmbers_Within80To120" fullname="Lattirune.Tests.CombatAgencyAndEconomyTests.EconomyManager_BossEmbers_Within80To120" methodname="EconomyManager_BossEmbers_Within80To120" classname="Lattirune.Tests.CombatAgencyAndEconomyTests" runstate="Runnable" seed="1278511525" result="Passed" start-time="2026-08-20 10:16:35Z" end-time="2026-08-20 10:16:35Z" duration="0.001329" asserts="0">
              <properties>
                <property name="retryIteration" value="0" />
                <property name="repeatIteration" value="0" />
              </properties>
            </test-case>
            <test-case id="1084" name="EconomyManager_EliteMobGold_Within20To35" fullname="Lattirune.Tests.CombatAgencyAndEconomyTests.EconomyManager_EliteMobGold_Within20To35" methodname="EconomyManager_EliteMobGold_Within20To35" classname="Lattirune.Tests.CombatAgencyAndEconomyTests" runstate="Runnable" seed="1760101692" result="Passed" start-time="2026-08-20 10:16:35Z" end-time="2026-08-20 10:16:35Z" duration="0.001181" asserts="0">
              <properties>
                <property name="retryIteration" value="0" />
                <property name="repeatIteration" value="0" />
              </properties>
            </test-case>
            <test-case id="1083" name="EconomyManager_NormalMobGold_Within6To12" fullname="Lattirune.Tests.CombatAgencyAndEconomyTests.EconomyManager_NormalMobGold_Within6To12" methodname="EconomyManager_NormalMobGold_Within6To12" classname="Lattirune.Tests.CombatAgencyAndEconomyTests" runstate="Runnable" seed="469826106" result="Passed" start-time="2026-08-20 10:16:35Z" end-time="2026-08-20 10:16:35Z" duration="0.001193" asserts="0">
              <properties>
                <property name="retryIteration" value="0" />
                <property name="repeatIteration" value="0" />
              </properties>
            </test-case>
            <test-case id="1086" name="EconomyManager_Prices_MatchSection13" fullname="Lattirune.Tests.CombatAgencyAndEconomyTests.EconomyManager_Prices_MatchSection13" methodname="EconomyManager_Prices_MatchSection13" classname="Lattirune.Tests.CombatAgencyAndEconomyTests" runstate="Runnable" seed="1431443452" result="Passed" start-time="2026-08-20 10:16:35Z" end-time="2026-08-20 10:16:35Z" duration="0.001104" asserts="0">
              <properties>
                <property name="retryIteration" value="0" />
                <property name="repeatIteration" value="0" />
              </properties>
            </test-case>
            <test-case id="1081" name="EmergencyPotion_DeadPlayer_IsRejected" fullname="Lattirune.Tests.CombatAgencyAndEconomyTests.EmergencyPotion_DeadPlayer_IsRejected" methodname="EmergencyPotion_DeadPlayer_IsRejected" classname="Lattirune.Tests.CombatAgencyAndEconomyTests" runstate="Runnable" seed="296849065" result="Passed" start-time="2026-08-20 10:16:35Z" end-time="2026-08-20 10:16:35Z" duration="0.001258" asserts="0">
              <properties>
                <property name="retryIteration" value="0" />
                <property name="repeatIteration" value="0" />
              </properties>
            </test-case>
            <test-case id="1080" name="EmergencyPotion_HealsPlayer_ClampsAtMaxHp" fullname="Lattirune.Tests.CombatAgencyAndEconomyTests.EmergencyPotion_HealsPlayer_ClampsAtMaxHp" methodname="EmergencyPotion_HealsPlayer_ClampsAtMaxHp" classname="Lattirune.Tests.CombatAgencyAndEconomyTests" runstate="Runnable" seed="573584878" result="Passed" start-time="2026-08-20 10:16:35Z" end-time="2026-08-20 10:16:35Z" duration="0.001149" asserts="0">
              <properties>
                <property name="retryIteration" value="0" />
                <property name="repeatIteration" value="0" />
              </properties>
            </test-case>
            <test-case id="1082" name="EmergencyPotion_InvalidHeal_IsRejected" fullname="Lattirune.Tests.CombatAgencyAndEconomyTests.EmergencyPotion_InvalidHeal_IsRejected" methodname="EmergencyPotion_InvalidHeal_IsRejected" classname="Lattirune.Tests.CombatAgencyAndEconomyTests" runstate="Runnable" seed="512868247" result="Passed" start-time="2026-08-20 10:16:35Z" end-time="2026-08-20 10:16:35Z" duration="0.001049" asserts="0">
              <properties>
                <property name="retryIteration" value="0" />
                <property name="repeatIteration" value="0" />
              </properties>
            </test-case>
            <test-case id="1094" name="MerchantStall_InsufficientFunds_RejectsPurchase" fullname="Lattirune.Tests.CombatAgencyAndEconomyTests.MerchantStall_InsufficientFunds_RejectsPurchase" methodname="MerchantStall_InsufficientFunds_RejectsPurchase" classname="Lattirune.Tests.CombatAgencyAndEconomyTests" runstate="Runnable" seed="143492461" result="Passed" start-time="2026-08-20 10:16:35Z" end-time="2026-08-20 10:16:35Z" duration="0.001327" asserts="0">
              <properties>
                <property name="retryIteration" value="0" />
                <property name="repeatIteration" value="0" />
              </properties>
            </test-case>
            <test-case id="1093" name="MerchantStall_PurchaseBagExpansion_Deducts40Gold" fullname="Lattirune.Tests.CombatAgencyAndEconomyTests.MerchantStall_PurchaseBagExpansion_Deducts40Gold" methodname="MerchantStall_PurchaseBagExpansion_Deducts40Gold" classname="Lattirune.Tests.CombatAgencyAndEconomyTests" runstate="Runnable" seed="1863709165" result="Passed" start-time="2026-08-20 10:16:35Z" end-time="2026-08-20 10:16:35Z" duration="0.001129" asserts="0">
              <properties>
                <property name="retryIteration" value="0" />
                <property name="repeatIteration" value="0" />
              </properties>
            </test-case>
            <test-case id="1090" name="MerchantStall_PurchaseCommonItem_Deducts20Gold" fullname="Lattirune.Tests.CombatAgencyAndEconomyTests.MerchantStall_PurchaseCommonItem_Deducts20Gold" methodname="MerchantStall_PurchaseCommonItem_Deducts20Gold" classname="Lattirune.Tests.CombatAgencyAndEconomyTests" runstate="Runnable" seed="1416634259" result="Passed" start-time="2026-08-20 10:16:35Z" end-time="2026-08-20 10:16:35Z" duration="0.001314" asserts="0">
              <properties>
                <property name="retryIteration" value="0" />
                <property name="repeatIteration" value="0" />
              </properties>
            </test-case>
            <test-case id="1091" name="MerchantStall_PurchaseRareItem_Deducts40Gold" fullname="Lattirune.Tests.CombatAgencyAndEconomyTests.MerchantStall_PurchaseRareItem_Deducts40Gold" methodname="MerchantStall_PurchaseRareItem_Deducts40Gold" classname="Lattirune.Tests.CombatAgencyAndEconomyTests" runstate="Runnable" seed="2060848429" result="Passed" start-time="2026-08-20 10:16:35Z" end-time="2026-08-20 10:16:35Z" duration="0.001105" asserts="0">
              <properties>
                <property name="retryIteration" value="0" />
                <property name="repeatIteration" value="0" />
              </properties>
            </test-case>
            <test-case id="1092" name="MerchantStall_PurchaseRune_Deducts35Gold" fullname="Lattirune.Tests.CombatAgencyAndEconomyTests.MerchantStall_PurchaseRune_Deducts35Gold" methodname="MerchantStall_PurchaseRune_Deducts35Gold" classname="Lattirune.Tests.CombatAgencyAndEconomyTests" runstate="Runnable" seed="1889888129" result="Passed" start-time="2026-08-20 10:16:35Z" end-time="2026-08-20 10:16:35Z" duration="0.001329" asserts="0">
              <properties>
                <property name="retryIteration" value="0" />
                <property name="repeatIteration" value="0" />
              </properties>
            </test-case>
            <test-case id="1087" name="RunManager_AddGold_SpendGold_Work" fullname="Lattirune.Tests.CombatAgencyAndEconomyTests.RunManager_AddGold_SpendGold_Work" methodname="RunManager_AddGold_SpendGold_Work" classname="Lattirune.Tests.CombatAgencyAndEconomyTests" runstate="Runnable" seed="1153698968" result="Passed" start-time="2026-08-20 10:16:35Z" end-time="2026-08-20 10:16:35Z" duration="0.001293" asserts="0">
              <properties>
                <property name="retryIteration" value="0" />
                <property name="repeatIteration" value="0" />
              </properties>
            </test-case>
            <test-case id="1088" name="RunManager_InsufficientFunds_IsRejected_NoNegativeGold" fullname="Lattirune.Tests.CombatAgencyAndEconomyTests.RunManager_InsufficientFunds_IsRejected_NoNegativeGold" methodname="RunManager_InsufficientFunds_IsRejected_NoNegativeGold" classname="Lattirune.Tests.CombatAgencyAndEconomyTests" runstate="Runnable" seed="157517459" result="Passed" start-time="2026-08-20 10:16:35Z" end-time="2026-08-20 10:16:35Z" duration="0.001117" asserts="0">
              <properties>
                <property name="retryIteration" value="0" />
                <property name="repeatIteration" value="0" />
              </properties>
            </test-case>
            <test-case id="1089" name="RunManager_ResetRun_ClearsGoldAndEmbers" fullname="Lattirune.Tests.CombatAgencyAndEconomyTests.RunManager_ResetRun_ClearsGoldAndEmbers" methodname="RunManager_ResetRun_ClearsGoldAndEmbers" classname="Lattirune.Tests.CombatAgencyAndEconomyTests" runstate="Runnable" seed="294133912" result="Passed" start-time="2026-08-20 10:16:35Z" end-time="2026-08-20 10:16:35Z" duration="0.001211" asserts="0">
              <properties>
                <property name="retryIteration" value="0" />
                <property name="repeatIteration" value="0" />
              </properties>
            </test-case>
          </test-suite>
          <test-suite type="TestFixture" id="1098" name="CombatEffectSystemTests" fullname="Lattirune.Tests.CombatEffectSystemTests" classname="Lattirune.Tests.CombatEffectSystemTests" runstate="Runnable" testcasecount="7" result="Passed" start-time="2026-08-20 10:16:35Z" end-time="2026-08-20 10:16:35Z" duration="0.006225" total="7" passed="7" failed="0" inconclusive="0" skipped="0" asserts="0">
            <properties />
            <test-case id="1099" name="CombatEffect_AppliesToTarget_IncreasesActiveCount" fullname="Lattirune.Tests.CombatEffectSystemTests.CombatEffect_AppliesToTarget_IncreasesActiveCount" methodname="CombatEffect_AppliesToTarget_IncreasesActiveCount" classname="Lattirune.Tests.CombatEffectSystemTests" runstate="Runnable" seed="126736007" result="Passed" start-time="2026-08-20 10:16:35Z" end-time="2026-08-20 10:16:35Z" duration="0.002152" asserts="0">
              <properties>
                <property name="retryIteration" value="0" />
                <property name="repeatIteration" value="0" />
              </properties>
            </test-case>
            <test-case id="1103" name="CombatEffect_ArmorModifier_ReducesArmorCorrectly" fullname="Lattirune.Tests.CombatEffectSystemTests.CombatEffect_ArmorModifier_ReducesArmorCorrectly" methodname="CombatEffect_ArmorModifier_ReducesArmorCorrectly" classname="Lattirune.Tests.CombatEffectSystemTests" runstate="Runnable" seed="2082466459" result="Passed" start-time="2026-08-20 10:16:35Z" end-time="2026-08-20 10:16:35Z" duration="0.000436" asserts="0">
              <properties>
                <property name="retryIteration" value="0" />
                <property name="repeatIteration" value="0" />
              </properties>
            </test-case>
            <test-case id="1105" name="CombatEffect_DeadTarget_CleansUpImmediately" fullname="Lattirune.Tests.CombatEffectSystemTests.CombatEffect_DeadTarget_CleansUpImmediately" methodname="CombatEffect_DeadTarget_CleansUpImmediately" classname="Lattirune.Tests.CombatEffectSystemTests" runstate="Runnable" seed="51913690" result="Passed" start-time="2026-08-20 10:16:35Z" end-time="2026-08-20 10:16:35Z" duration="0.000836" asserts="0">
              <properties>
                <property name="retryIteration" value="0" />
                <property name="repeatIteration" value="0" />
              </properties>
            </test-case>
            <test-case id="1102" name="CombatEffect_DirectDamage_AppliesImmediatelyWithoutDuration" fullname="Lattirune.Tests.CombatEffectSystemTests.CombatEffect_DirectDamage_AppliesImmediatelyWithoutDuration" methodname="CombatEffect_DirectDamage_AppliesImmediatelyWithoutDuration" classname="Lattirune.Tests.CombatEffectSystemTests" runstate="Runnable" seed="541331554" result="Passed" start-time="2026-08-20 10:16:35Z" end-time="2026-08-20 10:16:35Z" duration="0.000414" asserts="0">
              <properties>
                <property name="retryIteration" value="0" />
                <property name="repeatIteration" value="0" />
              </properties>
            </test-case>
            <test-case id="1101" name="CombatEffect_DoT_TicksAtConfiguredInterval" fullname="Lattirune.Tests.CombatEffectSystemTests.CombatEffect_DoT_TicksAtConfiguredInterval" methodname="CombatEffect_DoT_TicksAtConfiguredInterval" classname="Lattirune.Tests.CombatEffectSystemTests" runstate="Runnable" seed="1513498989" result="Passed" start-time="2026-08-20 10:16:35Z" end-time="2026-08-20 10:16:35Z" duration="0.000439" asserts="0">
              <properties>
                <property name="retryIteration" value="0" />
                <property name="repeatIteration" value="0" />
              </properties>
            </test-case>
            <test-case id="1104" name="CombatEffect_DuplicateApplication_RefreshesDuration" fullname="Lattirune.Tests.CombatEffectSystemTests.CombatEffect_DuplicateApplication_RefreshesDuration" methodname="CombatEffect_DuplicateApplication_RefreshesDuration" classname="Lattirune.Tests.CombatEffectSystemTests" runstate="Runnable" seed="545499420" result="Passed" start-time="2026-08-20 10:16:35Z" end-time="2026-08-20 10:16:35Z" duration="0.000387" asserts="0">
              <properties>
                <property name="retryIteration" value="0" />
                <property name="repeatIteration" value="0" />
              </properties>
            </test-case>
            <test-case id="1100" name="CombatEffect_DurationDecreasesDeterministically_AndExpires" fullname="Lattirune.Tests.CombatEffectSystemTests.CombatEffect_DurationDecreasesDeterministically_AndExpires" methodname="CombatEffect_DurationDecreasesDeterministically_AndExpires" classname="Lattirune.Tests.CombatEffectSystemTests" runstate="Runnable" seed="691593062" result="Passed" start-time="2026-08-20 10:16:35Z" end-time="2026-08-20 10:16:35Z" duration="0.000334" asserts="0">
              <properties>
                <property name="retryIteration" value="0" />
                <property name="repeatIteration" value="0" />
              </properties>
            </test-case>
          </test-suite>
          <test-suite type="TestFixture" id="1106" name="CombatJuiceSystemTests" fullname="Lattirune.Tests.CombatJuiceSystemTests" classname="Lattirune.Tests.CombatJuiceSystemTests" runstate="Runnable" testcasecount="4" result="Failed" site="Child" start-time="2026-08-20 10:16:35Z" end-time="2026-08-20 10:16:35Z" duration="0.008308" total="4" passed="3" failed="1" inconclusive="0" skipped="0" asserts="0">
            <properties />
            <failure>
              <message><![CDATA[One or more child tests had errors]]></message>
            </failure>
            <test-case id="1108" name="CombatCameraShake_AddsTraumaAndDecaysSmoothly" fullname="Lattirune.Tests.CombatJuiceSystemTests.CombatCameraShake_AddsTraumaAndDecaysSmoothly" methodname="CombatCameraShake_AddsTraumaAndDecaysSmoothly" classname="Lattirune.Tests.CombatJuiceSystemTests" runstate="Runnable" seed="1735888690" result="Passed" start-time="2026-08-20 10:16:35Z" end-time="2026-08-20 10:16:35Z" duration="0.002257" asserts="0">
              <properties>
                <property name="retryIteration" value="0" />
                <property name="repeatIteration" value="0" />
              </properties>
            </test-case>
            <test-case id="1109" name="FloatingCombatTextPool_EmergencyPotion_SpawnsHealFloaty" fullname="Lattirune.Tests.CombatJuiceSystemTests.FloatingCombatTextPool_EmergencyPotion_SpawnsHealFloaty" methodname="FloatingCombatTextPool_EmergencyPotion_SpawnsHealFloaty" classname="Lattirune.Tests.CombatJuiceSystemTests" runstate="Runnable" seed="488384309" result="Passed" start-time="2026-08-20 10:16:35Z" end-time="2026-08-20 10:16:35Z" duration="0.001043" asserts="0">
              <properties>
                <property name="retryIteration" value="0" />
                <property name="repeatIteration" value="0" />
              </properties>
            </test-case>
            <test-case id="1110" name="FloatingCombatTextPool_ReflectedDamage_SpawnsThornsFloaty" fullname="Lattirune.Tests.CombatJuiceSystemTests.FloatingCombatTextPool_ReflectedDamage_SpawnsThornsFloaty" methodname="FloatingCombatTextPool_ReflectedDamage_SpawnsThornsFloaty" classname="Lattirune.Tests.CombatJuiceSystemTests" runstate="Runnable" seed="1264241436" result="Failed" start-time="2026-08-20 10:16:35Z" end-time="2026-08-20 10:16:35Z" duration="0.003725" asserts="0">
              <properties>
                <property name="retryIteration" value="0" />
                <property name="repeatIteration" value="0" />
              </properties>
              <failure>
                <message><![CDATA[  Damage reflection must spawn THORNS! floaty.
  Expected: True
  But was:  False
]]></message>
                <stack-trace><![CDATA[at Lattirune.Tests.CombatJuiceSystemTests.FloatingCombatTextPool_ReflectedDamage_SpawnsThornsFloaty () [0x00103] in C:\GAME PLAN\Assets\_Project\Tests\CombatJuiceSystemTests.cs:140
]]></stack-trace>
              </failure>
            </test-case>
            <test-case id="1107" name="FloatingCombatTextPool_SpawnsAndRecyclesSlots" fullname="Lattirune.Tests.CombatJuiceSystemTests.FloatingCombatTextPool_SpawnsAndRecyclesSlots" methodname="FloatingCombatTextPool_SpawnsAndRecyclesSlots" classname="Lattirune.Tests.CombatJuiceSystemTests" runstate="Runnable" seed="172676623" result="Passed" start-time="2026-08-20 10:16:35Z" end-time="2026-08-20 10:16:35Z" duration="0.000502" asserts="0">
              <properties>
                <property name="retryIteration" value="0" />
                <property name="repeatIteration" value="0" />
              </properties>
            </test-case>
          </test-suite>
          <test-suite type="TestFixture" id="1111" name="CombatSystemTests" fullname="Lattirune.Tests.CombatSystemTests" classname="Lattirune.Tests.CombatSystemTests" runstate="Runnable" testcasecount="14" result="Passed" start-time="2026-08-20 10:16:35Z" end-time="2026-08-20 10:16:35Z" duration="0.012334" total="14" passed="14" failed="0" inconclusive="0" skipped="0" asserts="0">
            <properties />
            <test-case id="1119" name="Combat_BreakingSynergy_RemovesBonusFromCombat" fullname="Lattirune.Tests.CombatSystemTests.Combat_BreakingSynergy_RemovesBonusFromCombat" methodname="Combat_BreakingSynergy_RemovesBonusFromCombat" classname="Lattirune.Tests.CombatSystemTests" runstate="Runnable" seed="1335393703" result="Passed" start-time="2026-08-20 10:16:35Z" end-time="2026-08-20 10:16:35Z" duration="0.005111" asserts="0">
              <properties>
                <property name="retryIteration" value="0" />
                <property name="repeatIteration" value="0" />
              </properties>
            </test-case>
            <test-case id="1117" name="Combat_Defeat_TriggersWhenPlayerReachesZeroHp" fullname="Lattirune.Tests.CombatSystemTests.Combat_Defeat_TriggersWhenPlayerReachesZeroHp" methodname="Combat_Defeat_TriggersWhenPlayerReachesZeroHp" classname="Lattirune.Tests.CombatSystemTests" runstate="Runnable" seed="1468240034" result="Passed" start-time="2026-08-20 10:16:35Z" end-time="2026-08-20 10:16:35Z" duration="0.000534" asserts="0">
              <properties>
                <property name="retryIteration" value="0" />
                <property name="repeatIteration" value="0" />
              </properties>
            </test-case>
            <test-case id="1125" name="Combat_EliteAffix_Frenzied_IncreasesAttackSpeed" fullname="Lattirune.Tests.CombatSystemTests.Combat_EliteAffix_Frenzied_IncreasesAttackSpeed" methodname="Combat_EliteAffix_Frenzied_IncreasesAttackSpeed" classname="Lattirune.Tests.CombatSystemTests" runstate="Runnable" seed="1529727153" result="Passed" start-time="2026-08-20 10:16:35Z" end-time="2026-08-20 10:16:35Z" duration="0.000462" asserts="0">
              <properties>
                <property name="retryIteration" value="0" />
                <property name="repeatIteration" value="0" />
              </properties>
            </test-case>
            <test-case id="1123" name="Combat_EliteAffix_Juggernaut_IncreasesHpAndArmor" fullname="Lattirune.Tests.CombatSystemTests.Combat_EliteAffix_Juggernaut_IncreasesHpAndArmor" methodname="Combat_EliteAffix_Juggernaut_IncreasesHpAndArmor" classname="Lattirune.Tests.CombatSystemTests" runstate="Runnable" seed="2007211346" result="Passed" start-time="2026-08-20 10:16:35Z" end-time="2026-08-20 10:16:35Z" duration="0.000322" asserts="0">
              <properties>
                <property name="retryIteration" value="0" />
                <property name="repeatIteration" value="0" />
              </properties>
            </test-case>
            <test-case id="1124" name="Combat_EliteAffix_Vampiric_LeechesHealthOnHit" fullname="Lattirune.Tests.CombatSystemTests.Combat_EliteAffix_Vampiric_LeechesHealthOnHit" methodname="Combat_EliteAffix_Vampiric_LeechesHealthOnHit" classname="Lattirune.Tests.CombatSystemTests" runstate="Runnable" seed="1971797610" result="Passed" start-time="2026-08-20 10:16:35Z" end-time="2026-08-20 10:16:35Z" duration="0.000296" asserts="0">
              <properties>
                <property name="retryIteration" value="0" />
                <property name="repeatIteration" value="0" />
              </properties>
            </test-case>
            <test-case id="1115" name="Combat_EnemyAttack_ReducesPlayerHp" fullname="Lattirune.Tests.CombatSystemTests.Combat_EnemyAttack_ReducesPlayerHp" methodname="Combat_EnemyAttack_ReducesPlayerHp" classname="Lattirune.Tests.CombatSystemTests" runstate="Runnable" seed="1540491560" result="Passed" start-time="2026-08-20 10:16:35Z" end-time="2026-08-20 10:16:35Z" duration="0.000247" asserts="0">
              <properties>
                <property name="retryIteration" value="0" />
                <property name="repeatIteration" value="0" />
              </properties>
            </test-case>
            <test-case id="1120" name="Combat_EnemyDamageReflect_DamagesPlayerOnHit" fullname="Lattirune.Tests.CombatSystemTests.Combat_EnemyDamageReflect_DamagesPlayerOnHit" methodname="Combat_EnemyDamageReflect_DamagesPlayerOnHit" classname="Lattirune.Tests.CombatSystemTests" runstate="Runnable" seed="217181738" result="Passed" start-time="2026-08-20 10:16:35Z" end-time="2026-08-20 10:16:35Z" duration="0.000314" asserts="0">
              <properties>
                <property name="retryIteration" value="0" />
                <property name="repeatIteration" value="0" />
              </properties>
            </test-case>
            <test-case id="1121" name="Combat_EnemyPoisonOnHit_AppliesPoisonDoT" fullname="Lattirune.Tests.CombatSystemTests.Combat_EnemyPoisonOnHit_AppliesPoisonDoT" methodname="Combat_EnemyPoisonOnHit_AppliesPoisonDoT" classname="Lattirune.Tests.CombatSystemTests" runstate="Runnable" seed="752250608" result="Passed" start-time="2026-08-20 10:16:35Z" end-time="2026-08-20 10:16:35Z" duration="0.000771" asserts="0">
              <properties>
                <property name="retryIteration" value="0" />
                <property name="repeatIteration" value="0" />
              </properties>
            </test-case>
            <test-case id="1122" name="Combat_EnemyStartTraits_TriggeredOnCombatStart" fullname="Lattirune.Tests.CombatSystemTests.Combat_EnemyStartTraits_TriggeredOnCombatStart" methodname="Combat_EnemyStartTraits_TriggeredOnCombatStart" classname="Lattirune.Tests.CombatSystemTests" runstate="Runnable" seed="1887124296" result="Passed" start-time="2026-08-20 10:16:35Z" end-time="2026-08-20 10:16:35Z" duration="0.000418" asserts="0">
              <properties>
                <property name="retryIteration" value="0" />
                <property name="repeatIteration" value="0" />
              </properties>
            </test-case>
            <test-case id="1118" name="Combat_FireSynergy_ContributesBonusDamageToCombat" fullname="Lattirune.Tests.CombatSystemTests.Combat_FireSynergy_ContributesBonusDamageToCombat" methodname="Combat_FireSynergy_ContributesBonusDamageToCombat" classname="Lattirune.Tests.CombatSystemTests" runstate="Runnable" seed="2101614926" result="Passed" start-time="2026-08-20 10:16:35Z" end-time="2026-08-20 10:16:35Z" duration="0.000756" asserts="0">
              <properties>
                <property name="retryIteration" value="0" />
                <property name="repeatIteration" value="0" />
              </properties>
            </test-case>
            <test-case id="1114" name="Combat_PlayerAttack_ReducesEnemyHp" fullname="Lattirune.Tests.CombatSystemTests.Combat_PlayerAttack_ReducesEnemyHp" methodname="Combat_PlayerAttack_ReducesEnemyHp" classname="Lattirune.Tests.CombatSystemTests" runstate="Runnable" seed="502079569" result="Passed" start-time="2026-08-20 10:16:35Z" end-time="2026-08-20 10:16:35Z" duration="0.000275" asserts="0">
              <properties>
                <property name="retryIteration" value="0" />
                <property name="repeatIteration" value="0" />
              </properties>
            </test-case>
[...]
              <properties>
                <property name="retryIteration" value="0" />
                <property name="repeatIteration" value="0" />
              </properties>
            </test-case>
            <test-case id="1758" name="StoreAssets_SigningSecrets_NotTracked" fullname="Lattirune.Tests.StoreAssetReadinessTests.StoreAssets_SigningSecrets_NotTracked" methodname="StoreAssets_SigningSecrets_NotTracked" classname="Lattirune.Tests.StoreAssetReadinessTests" runstate="Runnable" seed="1790707297" result="Passed" start-time="2026-08-20 10:16:36Z" end-time="2026-08-20 10:16:36Z" duration="0.000161" asserts="0">
              <properties>
                <property name="retryIteration" value="0" />
                <property name="repeatIteration" value="0" />
              </properties>
            </test-case>
            <test-case id="1750" name="StoreAssets_StoreAssetManifestDoc_Exists" fullname="Lattirune.Tests.StoreAssetReadinessTests.StoreAssets_StoreAssetManifestDoc_Exists" methodname="StoreAssets_StoreAssetManifestDoc_Exists" classname="Lattirune.Tests.StoreAssetReadinessTests" runstate="Runnable" seed="2123111533" result="Passed" start-time="2026-08-20 10:16:36Z" end-time="2026-08-20 10:16:36Z" duration="0.000155" asserts="0">
              <properties>
                <property name="retryIteration" value="0" />
                <property name="repeatIteration" value="0" />
              </properties>
            </test-case>
            <test-case id="1753" name="StoreAssets_StoreListingDoc_Exists" fullname="Lattirune.Tests.StoreAssetReadinessTests.StoreAssets_StoreListingDoc_Exists" methodname="StoreAssets_StoreListingDoc_Exists" classname="Lattirune.Tests.StoreAssetReadinessTests" runstate="Runnable" seed="1530546311" result="Passed" start-time="2026-08-20 10:16:36Z" end-time="2026-08-20 10:16:36Z" duration="0.000149" asserts="0">
              <properties>
                <property name="retryIteration" value="0" />
                <property name="repeatIteration" value="0" />
              </properties>
            </test-case>
            <test-case id="1755" name="StoreAssets_SubmissionChecklistDoc_Exists" fullname="Lattirune.Tests.StoreAssetReadinessTests.StoreAssets_SubmissionChecklistDoc_Exists" methodname="StoreAssets_SubmissionChecklistDoc_Exists" classname="Lattirune.Tests.StoreAssetReadinessTests" runstate="Runnable" seed="1071228936" result="Passed" start-time="2026-08-20 10:16:36Z" end-time="2026-08-20 10:16:36Z" duration="0.000149" asserts="0">
              <properties>
                <property name="retryIteration" value="0" />
                <property name="repeatIteration" value="0" />
              </properties>
            </test-case>
            <test-case id="1748" name="StoreAssets_VersionCode_Matches" fullname="Lattirune.Tests.StoreAssetReadinessTests.StoreAssets_VersionCode_Matches" methodname="StoreAssets_VersionCode_Matches" classname="Lattirune.Tests.StoreAssetReadinessTests" runstate="Runnable" seed="764474353" result="Passed" start-time="2026-08-20 10:16:36Z" end-time="2026-08-20 10:16:36Z" duration="0.000149" asserts="0">
              <properties>
                <property name="retryIteration" value="0" />
                <property name="repeatIteration" value="0" />
              </properties>
            </test-case>
            <test-case id="1747" name="StoreAssets_VersionName_Matches" fullname="Lattirune.Tests.StoreAssetReadinessTests.StoreAssets_VersionName_Matches" methodname="StoreAssets_VersionName_Matches" classname="Lattirune.Tests.StoreAssetReadinessTests" runstate="Runnable" seed="1298802530" result="Passed" start-time="2026-08-20 10:16:36Z" end-time="2026-08-20 10:16:36Z" duration="0.000140" asserts="0">
              <properties>
                <property name="retryIteration" value="0" />
                <property name="repeatIteration" value="0" />
              </properties>
            </test-case>
          </test-suite>
          <test-suite type="TestFixture" id="1759" name="SynergyMatrixTests" fullname="Lattirune.Tests.SynergyMatrixTests" classname="Lattirune.Tests.SynergyMatrixTests" runstate="Runnable" testcasecount="9" result="Passed" start-time="2026-08-20 10:16:36Z" end-time="2026-08-20 10:16:36Z" duration="0.011729" total="9" passed="9" failed="0" inconclusive="0" skipped="0" asserts="0">
            <properties />
            <test-case id="1767" name="SynergyMatrix_DatabaseValidation_DetectsDuplicatesAndErrors" fullname="Lattirune.Tests.SynergyMatrixTests.SynergyMatrix_DatabaseValidation_DetectsDuplicatesAndErrors" methodname="SynergyMatrix_DatabaseValidation_DetectsDuplicatesAndErrors" classname="Lattirune.Tests.SynergyMatrixTests" runstate="Runnable" seed="617896383" result="Passed" start-time="2026-08-20 10:16:36Z" end-time="2026-08-20 10:16:36Z" duration="0.001249" asserts="0">
              <properties>
                <property name="retryIteration" value="0" />
                <property name="repeatIteration" value="0" />
              </properties>
            </test-case>
            <test-case id="1760" name="SynergyMatrix_FireRune_Plus_Sword_ResolvesFlameboundEdge" fullname="Lattirune.Tests.SynergyMatrixTests.SynergyMatrix_FireRune_Plus_Sword_ResolvesFlameboundEdge" methodname="SynergyMatrix_FireRune_Plus_Sword_ResolvesFlameboundEdge" classname="Lattirune.Tests.SynergyMatrixTests" runstate="Runnable" seed="701259618" result="Passed" start-time="2026-08-20 10:16:36Z" end-time="2026-08-20 10:16:36Z" duration="0.000877" asserts="0">
              <properties>
                <property name="retryIteration" value="0" />
                <property name="repeatIteration" value="0" />
              </properties>
            </test-case>
            <test-case id="1761" name="SynergyMatrix_IceRune_Plus_Shield_ResolvesGlacialBastion" fullname="Lattirune.Tests.SynergyMatrixTests.SynergyMatrix_IceRune_Plus_Shield_ResolvesGlacialBastion" methodname="SynergyMatrix_IceRune_Plus_Shield_ResolvesGlacialBastion" classname="Lattirune.Tests.SynergyMatrixTests" runstate="Runnable" seed="1667715178" result="Passed" start-time="2026-08-20 10:16:36Z" end-time="2026-08-20 10:16:36Z" duration="0.000775" asserts="0">
              <properties>
                <property name="retryIteration" value="0" />
                <property name="repeatIteration" value="0" />
              </properties>
            </test-case>
            <test-case id="1768" name="SynergyMatrix_ItemDataSO_RemainsImmutable" fullname="Lattirune.Tests.SynergyMatrixTests.SynergyMatrix_ItemDataSO_RemainsImmutable" methodname="SynergyMatrix_ItemDataSO_RemainsImmutable" classname="Lattirune.Tests.SynergyMatrixTests" runstate="Runnable" seed="1858778328" result="Passed" start-time="2026-08-20 10:16:36Z" end-time="2026-08-20 10:16:36Z" duration="0.000849" asserts="0">
              <properties>
                <property name="retryIteration" value="0" />
                <property name="repeatIteration" value="0" />
              </properties>
            </test-case>
            <test-case id="1762" name="SynergyMatrix_LightningRune_Plus_Weapon_ResolvesStormSurge" fullname="Lattirune.Tests.SynergyMatrixTests.SynergyMatrix_LightningRune_Plus_Weapon_ResolvesStormSurge" methodname="SynergyMatrix_LightningRune_Plus_Weapon_ResolvesStormSurge" classname="Lattirune.Tests.SynergyMatrixTests" runstate="Runnable" seed="1651186999" result="Passed" start-time="2026-08-20 10:16:36Z" end-time="2026-08-20 10:16:36Z" duration="0.000801" asserts="0">
              <properties>
                <property name="retryIteration" value="0" />
                <property name="repeatIteration" value="0" />
              </properties>
            </test-case>
            <test-case id="1764" name="SynergyMatrix_LightRune_Plus_Relic_ResolvesRadiantDawn" fullname="Lattirune.Tests.SynergyMatrixTests.SynergyMatrix_LightRune_Plus_Relic_ResolvesRadiantDawn" methodname="SynergyMatrix_LightRune_Plus_Relic_ResolvesRadiantDawn" classname="Lattirune.Tests.SynergyMatrixTests" runstate="Runnable" seed="1219252458" result="Passed" start-time="2026-08-20 10:16:36Z" end-time="2026-08-20 10:16:36Z" duration="0.000812" asserts="0">
              <properties>
                <property name="retryIteration" value="0" />
                <property name="repeatIteration" value="0" />
              </properties>
            </test-case>
            <test-case id="1765" name="SynergyMatrix_MismatchedItemCategory_RejectsSynergy" fullname="Lattirune.Tests.SynergyMatrixTests.SynergyMatrix_MismatchedItemCategory_RejectsSynergy" methodname="SynergyMatrix_MismatchedItemCategory_RejectsSynergy" classname="Lattirune.Tests.SynergyMatrixTests" runstate="Runnable" seed="688191392" result="Passed" start-time="2026-08-20 10:16:36Z" end-time="2026-08-20 10:16:36Z" duration="0.000782" asserts="0">
              <properties>
                <property name="retryIteration" value="0" />
                <property name="repeatIteration" value="0" />
              </properties>
            </test-case>
            <test-case id="1766" name="SynergyMatrix_MultipleItemInstances_RemainIndependent" fullname="Lattirune.Tests.SynergyMatrixTests.SynergyMatrix_MultipleItemInstances_RemainIndependent" methodname="SynergyMatrix_MultipleItemInstances_RemainIndependent" classname="Lattirune.Tests.SynergyMatrixTests" runstate="Runnable" seed="491194127" result="Passed" start-time="2026-08-20 10:16:36Z" end-time="2026-08-20 10:16:36Z" duration="0.001221" asserts="0">
              <properties>
                <property name="retryIteration" value="0" />
                <property name="repeatIteration" value="0" />
              </properties>
            </test-case>
            <test-case id="1763" name="SynergyMatrix_PoisonRune_Plus_Weapon_ResolvesVenomousStrike" fullname="Lattirune.Tests.SynergyMatrixTests.SynergyMatrix_PoisonRune_Plus_Weapon_ResolvesVenomousStrike" methodname="SynergyMatrix_PoisonRune_Plus_Weapon_ResolvesVenomousStrike" classname="Lattirune.Tests.SynergyMatrixTests" runstate="Runnable" seed="476502751" result="Passed" start-time="2026-08-20 10:16:36Z" end-time="2026-08-20 10:16:36Z" duration="0.000774" asserts="0">
              <properties>
                <property name="retryIteration" value="0" />
                <property name="repeatIteration" value="0" />
              </properties>
            </test-case>
          </test-suite>
          <test-suite type="TestFixture" id="1769" name="SynergySystemTests" fullname="Lattirune.Tests.SynergySystemTests" classname="Lattirune.Tests.SynergySystemTests" runstate="Runnable" testcasecount="8" result="Passed" start-time="2026-08-20 10:16:36Z" end-time="2026-08-20 10:16:36Z" duration="0.008774" total="8" passed="8" failed="0" inconclusive="0" skipped="0" asserts="0">
            <properties />
            <test-case id="1776" name="Synergy_Events_FireActivationAndDeactivationExactlyOnce" fullname="Lattirune.Tests.SynergySystemTests.Synergy_Events_FireActivationAndDeactivationExactlyOnce" methodname="Synergy_Events_FireActivationAndDeactivationExactlyOnce" classname="Lattirune.Tests.SynergySystemTests" runstate="Runnable" seed="437353266" result="Passed" start-time="2026-08-20 10:16:36Z" end-time="2026-08-20 10:16:36Z" duration="0.001587" asserts="0">
              <properties>
                <property name="retryIteration" value="0" />
                <property name="repeatIteration" value="0" />
              </properties>
            </test-case>
            <test-case id="1771" name="Synergy_FireRuneAndNonSword_DoesNotActivate" fullname="Lattirune.Tests.SynergySystemTests.Synergy_FireRuneAndNonSword_DoesNotActivate" methodname="Synergy_FireRuneAndNonSword_DoesNotActivate" classname="Lattirune.Tests.SynergySystemTests" runstate="Runnable" seed="1752723627" result="Passed" start-time="2026-08-20 10:16:36Z" end-time="2026-08-20 10:16:36Z" duration="0.000718" asserts="0">
              <properties>
                <property name="retryIteration" value="0" />
                <property name="repeatIteration" value="0" />
              </properties>
            </test-case>
            <test-case id="1770" name="Synergy_FireRuneAndSword_ActivatesFlameboundEdge" fullname="Lattirune.Tests.SynergySystemTests.Synergy_FireRuneAndSword_ActivatesFlameboundEdge" methodname="Synergy_FireRuneAndSword_ActivatesFlameboundEdge" classname="Lattirune.Tests.SynergySystemTests" runstate="Runnable" seed="752003349" result="Passed" start-time="2026-08-20 10:16:36Z" end-time="2026-08-20 10:16:36Z" duration="0.000770" asserts="0">
              <properties>
                <property name="retryIteration" value="0" />
                <property name="repeatIteration" value="0" />
              </properties>
            </test-case>
            <test-case id="1772" name="Synergy_FireRuneOutsideRange_DoesNotActivate" fullname="Lattirune.Tests.SynergySystemTests.Synergy_FireRuneOutsideRange_DoesNotActivate" methodname="Synergy_FireRuneOutsideRange_DoesNotActivate" classname="Lattirune.Tests.SynergySystemTests" runstate="Runnable" seed="741905667" result="Passed" start-time="2026-08-20 10:16:36Z" end-time="2026-08-20 10:16:36Z" duration="0.000687" asserts="0">
              <properties>
                <property name="retryIteration" value="0" />
                <property name="repeatIteration" value="0" />
              </properties>
            </test-case>
            <test-case id="1773" name="Synergy_ItemDataSO_RemainsImmutableDuringEvaluation" fullname="Lattirune.Tests.SynergySystemTests.Synergy_ItemDataSO_RemainsImmutableDuringEvaluation" methodname="Synergy_ItemDataSO_RemainsImmutableDuringEvaluation" classname="Lattirune.Tests.SynergySystemTests" runstate="Runnable" seed="52614399" result="Passed" start-time="2026-08-20 10:16:36Z" end-time="2026-08-20 10:16:36Z" duration="0.000761" asserts="0">
              <properties>
                <property name="retryIteration" value="0" />
                <property name="repeatIteration" value="0" />
              </properties>
            </test-case>
            <test-case id="1775" name="Synergy_MovingSwordAway_DeactivatesSynergyCleanly" fullname="Lattirune.Tests.SynergySystemTests.Synergy_MovingSwordAway_DeactivatesSynergyCleanly" methodname="Synergy_MovingSwordAway_DeactivatesSynergyCleanly" classname="Lattirune.Tests.SynergySystemTests" runstate="Runnable" seed="12925210" result="Passed" start-time="2026-08-20 10:16:36Z" end-time="2026-08-20 10:16:36Z" duration="0.001077" asserts="0">
              <properties>
                <property name="retryIteration" value="0" />
                <property name="repeatIteration" value="0" />
              </properties>
            </test-case>
            <test-case id="1774" name="Synergy_MultipleSwords_OnlyActivatesConnectedSword" fullname="Lattirune.Tests.SynergySystemTests.Synergy_MultipleSwords_OnlyActivatesConnectedSword" methodname="Synergy_MultipleSwords_OnlyActivatesConnectedSword" classname="Lattirune.Tests.SynergySystemTests" runstate="Runnable" seed="2101223616" result="Passed" start-time="2026-08-20 10:16:36Z" end-time="2026-08-20 10:16:36Z" duration="0.001203" asserts="0">
              <properties>
                <property name="retryIteration" value="0" />
                <property name="repeatIteration" value="0" />
              </properties>
            </test-case>
            <test-case id="1777" name="Synergy_NonFireRune_DoesNotTriggerFireSword" fullname="Lattirune.Tests.SynergySystemTests.Synergy_NonFireRune_DoesNotTriggerFireSword" methodname="Synergy_NonFireRune_DoesNotTriggerFireSword" classname="Lattirune.Tests.SynergySystemTests" runstate="Runnable" seed="1742699251" result="Passed" start-time="2026-08-20 10:16:36Z" end-time="2026-08-20 10:16:36Z" duration="0.000708" asserts="0">
              <properties>
                <property name="retryIteration" value="0" />
                <property name="repeatIteration" value="0" />
              </properties>
            </test-case>
          </test-suite>
          <test-suite type="TestFixture" id="1778" name="TenFloorDungeonProgressionTests" fullname="Lattirune.Tests.TenFloorDungeonProgressionTests" classname="Lattirune.Tests.TenFloorDungeonProgressionTests" runstate="Runnable" testcasecount="4" result="Passed" start-time="2026-08-20 10:16:36Z" end-time="2026-08-20 10:16:36Z" duration="0.005956" total="4" passed="4" failed="0" inconclusive="0" skipped="0" asserts="0">
            <properties />
            <test-case id="1782" name="TenFloorDungeon_ConsecutiveRuns_ResetAndTrackIndependently" fullname="Lattirune.Tests.TenFloorDungeonProgressionTests.TenFloorDungeon_ConsecutiveRuns_ResetAndTrackIndependently" methodname="TenFloorDungeon_ConsecutiveRuns_ResetAndTrackIndependently" classname="Lattirune.Tests.TenFloorDungeonProgressionTests" runstate="Runnable" seed="872960950" result="Passed" start-time="2026-08-20 10:16:36Z" end-time="2026-08-20 10:16:36Z" duration="0.001051" asserts="0">
              <properties>
                <property name="retryIteration" value="0" />
                <property name="repeatIteration" value="0" />
              </properties>
            </test-case>
            <test-case id="1779" name="TenFloorDungeon_Definition_Contains10FloorsAndCorrectEncounters" fullname="Lattirune.Tests.TenFloorDungeonProgressionTests.TenFloorDungeon_Definition_Contains10FloorsAndCorrectEncounters" methodname="TenFloorDungeon_Definition_Contains10FloorsAndCorrectEncounters" classname="Lattirune.Tests.TenFloorDungeonProgressionTests" runstate="Runnable" seed="38137065" result="Passed" start-time="2026-08-20 10:16:36Z" end-time="2026-08-20 10:16:36Z" duration="0.000944" asserts="0">
              <properties>
                <property name="retryIteration" value="0" />
                <property name="repeatIteration" value="0" />
              </properties>
            </test-case>
            <test-case id="1780" name="TenFloorDungeon_Full10FloorRun_Floor1ToFloor10LichLord_ReachesRunComplete" fullname="Lattirune.Tests.TenFloorDungeonProgressionTests.TenFloorDungeon_Full10FloorRun_Floor1ToFloor10LichLord_ReachesRunComplete" methodname="TenFloorDungeon_Full10FloorRun_Floor1ToFloor10LichLord_ReachesRunComplete" classname="Lattirune.Tests.TenFloorDungeonProgressionTests" runstate="Runnable" seed="1443888615" result="Passed" start-time="2026-08-20 10:16:36Z" end-time="2026-08-20 10:16:36Z" duration="0.000954" asserts="0">
              <properties>
                <property name="retryIteration" value="0" />
                <property name="repeatIteration" value="0" />
              </properties>
            </test-case>
            <test-case id="1781" name="TenFloorDungeon_MidRunSaveAndRestore_RestoresFloorIndexCorrectly" fullname="Lattirune.Tests.TenFloorDungeonProgressionTests.TenFloorDungeon_MidRunSaveAndRestore_RestoresFloorIndexCorrectly" methodname="TenFloorDungeon_MidRunSaveAndRestore_RestoresFloorIndexCorrectly" classname="Lattirune.Tests.TenFloorDungeonProgressionTests" runstate="Runnable" seed="396874157" result="Passed" start-time="2026-08-20 10:16:36Z" end-time="2026-08-20 10:16:36Z" duration="0.001035" asserts="0">
              <properties>
                <property name="retryIteration" value="0" />
                <property name="repeatIteration" value="0" />
              </properties>
              <output><![CDATA[Saving results to: C:/Users/k deswanth/AppData/LocalLow/Developer/Lattirune\TestResults.xml
]]></output>
            </test-case>
          </test-suite>
        </test-suite>
      </test-suite>
    </test-suite>
  </test-suite>
</test-run>