<?xml version="1.0" encoding="utf-8"?>
<test-run id="2" testcasecount="680" result="Failed(Child)" total="680" passed="639" failed="41" inconclusive="0" skipped="0" asserts="0" engine-version="3.5.0.0" clr-version="4.0.30319.42000" start-time="2026-08-19 14:15:36Z" end-time="2026-08-19 14:15:37Z" duration="1.2257681">
  <test-suite type="TestSuite" id="1000" name="Lattirune" fullname="Lattirune" runstate="Runnable" testcasecount="680" result="Failed" site="Child" start-time="2026-08-19 14:15:36Z" end-time="2026-08-19 14:15:37Z" duration="1.225768" total="680" passed="639" failed="41" inconclusive="0" skipped="0" asserts="0">
    <properties>
      <property name="platform" value="EditMode" />
    </properties>
    <failure>
      <message><![CDATA[One or more child tests had errors]]></message>
    </failure>
    <test-suite type="Assembly" id="1762" name="Lattirune.Tests.dll" fullname="C:/GAME PLAN/Library/ScriptAssemblies/Lattirune.Tests.dll" runstate="Runnable" testcasecount="680" result="Failed" site="Child" start-time="2026-08-19 14:15:36Z" end-time="2026-08-19 14:15:37Z" duration="1.218412" total="680" passed="639" failed="41" inconclusive="0" skipped="0" asserts="0">
      <properties>
        <property name="_PID" value="29616" />
        <property name="_APPDOMAIN" value="Unity Child Domain" />
        <property name="platform" value="EditMode" />
        <property name="EditorOnly" value="True" />
      </properties>
      <failure>
        <message><![CDATA[One or more child tests had errors]]></message>
      </failure>
      <test-suite type="TestSuite" id="1763" name="Lattirune" fullname="Lattirune" runstate="Runnable" testcasecount="680" result="Failed" site="Child" start-time="2026-08-19 14:15:36Z" end-time="2026-08-19 14:15:37Z" duration="1.213324" total="680" passed="639" failed="41" inconclusive="0" skipped="0" asserts="0">
        <properties />
        <failure>
          <message><![CDATA[One or more child tests had errors]]></message>
        </failure>
        <test-suite type="TestSuite" id="1764" name="Tests" fullname="Lattirune.Tests" runstate="Runnable" testcasecount="680" result="Failed" site="Child" start-time="2026-08-19 14:15:36Z" end-time="2026-08-19 14:15:37Z" duration="1.208091" total="680" passed="639" failed="41" inconclusive="0" skipped="0" asserts="0">
          <properties />
          <failure>
            <message><![CDATA[One or more child tests had errors]]></message>
          </failure>
          <test-suite type="TestFixture" id="1001" name="AabReleaseConfigurationTests" fullname="Lattirune.Tests.AabReleaseConfigurationTests" classname="Lattirune.Tests.AabReleaseConfigurationTests" runstate="Runnable" testcasecount="13" result="Passed" start-time="2026-08-19 14:15:36Z" end-time="2026-08-19 14:15:36Z" duration="0.026422" total="13" passed="13" failed="0" inconclusive="0" skipped="0" asserts="0">
            <properties />
            <test-case id="1011" name="AabRelease_BuildArtifactsIgnored_ByGit" fullname="Lattirune.Tests.AabReleaseConfigurationTests.AabRelease_BuildArtifactsIgnored_ByGit" methodname="AabRelease_BuildArtifactsIgnored_ByGit" classname="Lattirune.Tests.AabReleaseConfigurationTests" runstate="Runnable" seed="1585541503" result="Passed" start-time="2026-08-19 14:15:36Z" end-time="2026-08-19 14:15:36Z" duration="0.011267" asserts="0">
              <properties>
                <property name="retryIteration" value="0" />
                <property name="repeatIteration" value="0" />
              </properties>
            </test-case>
            <test-case id="1010" name="AabRelease_NoHardcodedSecretsInSource" fullname="Lattirune.Tests.AabReleaseConfigurationTests.AabRelease_NoHardcodedSecretsInSource" methodname="AabRelease_NoHardcodedSecretsInSource" classname="Lattirune.Tests.AabReleaseConfigurationTests" runstate="Runnable" seed="1233815778" result="Passed" start-time="2026-08-19 14:15:36Z" end-time="2026-08-19 14:15:36Z" duration="0.000407" asserts="0">
              <properties>
                <property name="retryIteration" value="0" />
                <property name="repeatIteration" value="0" />
              </properties>
            </test-case>
            <test-case id="1002" name="AabRelease_PackageIdentifier_Matches" fullname="Lattirune.Tests.AabReleaseConfigurationTests.AabRelease_PackageIdentifier_Matches" methodname="AabRelease_PackageIdentifier_Matches" classname="Lattirune.Tests.AabReleaseConfigurationTests" runstate="Runnable" seed="16181973" result="Passed" start-time="2026-08-19 14:15:36Z" end-time="2026-08-19 14:15:36Z" duration="0.000131" asserts="0">
              <properties>
                <property name="retryIteration" value="0" />
                <property name="repeatIteration" value="0" />
              </properties>
            </test-case>
            <test-case id="1012" name="AabRelease_PhysicalQAStatus_RemainsNotCompleted" fullname="Lattirune.Tests.AabReleaseConfigurationTests.AabRelease_PhysicalQAStatus_RemainsNotCompleted" methodname="AabRelease_PhysicalQAStatus_RemainsNotCompleted" classname="Lattirune.Tests.AabReleaseConfigurationTests" runstate="Runnable" seed="994708880" result="Passed" start-time="2026-08-19 14:15:36Z" end-time="2026-08-19 14:15:36Z" duration="0.000163" asserts="0">
              <properties>
                <property name="retryIteration" value="0" />
                <property name="repeatIteration" value="0" />
              </properties>
            </test-case>
            <test-case id="1008" name="AabRelease_PrivacyPolicyDoc_Exists" fullname="Lattirune.Tests.AabReleaseConfigurationTests.AabRelease_PrivacyPolicyDoc_Exists" methodname="AabRelease_PrivacyPolicyDoc_Exists" classname="Lattirune.Tests.AabReleaseConfigurationTests" runstate="Runnable" seed="1228020043" result="Passed" start-time="2026-08-19 14:15:36Z" end-time="2026-08-19 14:15:36Z" duration="0.001189" asserts="0">
              <properties>
                <property name="retryIteration" value="0" />
                <property name="repeatIteration" value="0" />
              </properties>
            </test-case>
            <test-case id="1014" name="AabRelease_PrivacyPolicyUrlStatus_IsNotHosted" fullname="Lattirune.Tests.AabReleaseConfigurationTests.AabRelease_PrivacyPolicyUrlStatus_IsNotHosted" methodname="AabRelease_PrivacyPolicyUrlStatus_IsNotHosted" classname="Lattirune.Tests.AabReleaseConfigurationTests" runstate="Runnable" seed="723209533" result="Passed" start-time="2026-08-19 14:15:36Z" end-time="2026-08-19 14:15:36Z" duration="0.000153" asserts="0">
              <properties>
                <property name="retryIteration" value="0" />
                <property name="repeatIteration" value="0" />
              </properties>
            </test-case>
            <test-case id="1005" name="AabRelease_SaveVersion_IsOne" fullname="Lattirune.Tests.AabReleaseConfigurationTests.AabRelease_SaveVersion_IsOne" methodname="AabRelease_SaveVersion_IsOne" classname="Lattirune.Tests.AabReleaseConfigurationTests" runstate="Runnable" seed="522484058" result="Passed" start-time="2026-08-19 14:15:36Z" end-time="2026-08-19 14:15:36Z" duration="0.001984" asserts="0">
              <properties>
                <property name="retryIteration" value="0" />
                <property name="repeatIteration" value="0" />
              </properties>
            </test-case>
            <test-case id="1009" name="AabRelease_SubmissionChecklistDoc_Exists" fullname="Lattirune.Tests.AabReleaseConfigurationTests.AabRelease_SubmissionChecklistDoc_Exists" methodname="AabRelease_SubmissionChecklistDoc_Exists" classname="Lattirune.Tests.AabReleaseConfigurationTests" runstate="Runnable" seed="292006339" result="Passed" start-time="2026-08-19 14:15:36Z" end-time="2026-08-19 14:15:36Z" duration="0.000152" asserts="0">
              <properties>
                <property name="retryIteration" value="0" />
                <property name="repeatIteration" value="0" />
              </properties>
            </test-case>
            <test-case id="1006" name="AabRelease_TargetAabOutputPath_IsLattirune100Aab" fullname="Lattirune.Tests.AabReleaseConfigurationTests.AabRelease_TargetAabOutputPath_IsLattirune100Aab" methodname="AabRelease_TargetAabOutputPath_IsLattirune100Aab" classname="Lattirune.Tests.AabReleaseConfigurationTests" runstate="Runnable" seed="805531858" result="Passed" start-time="2026-08-19 14:15:36Z" end-time="2026-08-19 14:15:36Z" duration="0.000126" asserts="0">
              <properties>
                <property name="retryIteration" value="0" />
                <property name="repeatIteration" value="0" />
              </properties>
            </test-case>
            <test-case id="1007" name="AabRelease_TargetApkOutputPath_IsLattirune100Apk" fullname="Lattirune.Tests.AabReleaseConfigurationTests.AabRelease_TargetApkOutputPath_IsLattirune100Apk" methodname="AabRelease_TargetApkOutputPath_IsLattirune100Apk" classname="Lattirune.Tests.AabReleaseConfigurationTests" runstate="Runnable" seed="2067380714" result="Passed" start-time="2026-08-19 14:15:36Z" end-time="2026-08-19 14:15:36Z" duration="0.000114" asserts="0">
              <properties>
                <property name="retryIteration" value="0" />
                <property name="repeatIteration" value="0" />
              </properties>
            </test-case>
            <test-case id="1004" name="AabRelease_VersionCode_IsOne" fullname="Lattirune.Tests.AabReleaseConfigurationTests.AabRelease_VersionCode_IsOne" methodname="AabRelease_VersionCode_IsOne" classname="Lattirune.Tests.AabReleaseConfigurationTests" runstate="Runnable" seed="285569419" result="Passed" start-time="2026-08-19 14:15:36Z" end-time="2026-08-19 14:15:36Z" duration="0.000132" asserts="0">
              <properties>
                <property name="retryIteration" value="0" />
                <property name="repeatIteration" value="0" />
              </properties>
            </test-case>
            <test-case id="1003" name="AabRelease_VersionName_IsOnePointZeroPointZero" fullname="Lattirune.Tests.AabReleaseConfigurationTests.AabRelease_VersionName_IsOnePointZeroPointZero" methodname="AabRelease_VersionName_IsOnePointZeroPointZero" classname="Lattirune.Tests.AabReleaseConfigurationTests" runstate="Runnable" seed="1379631805" result="Passed" start-time="2026-08-19 14:15:36Z" end-time="2026-08-19 14:15:36Z" duration="0.000112" asserts="0">
              <properties>
                <property name="retryIteration" value="0" />
                <property name="repeatIteration" value="0" />
              </properties>
            </test-case>
            <test-case id="1013" name="AabRelease_ZeroTelemetryAndZeroAds" fullname="Lattirune.Tests.AabReleaseConfigurationTests.AabRelease_ZeroTelemetryAndZeroAds" methodname="AabRelease_ZeroTelemetryAndZeroAds" classname="Lattirune.Tests.AabReleaseConfigurationTests" runstate="Runnable" seed="94844615" result="Passed" start-time="2026-08-19 14:15:36Z" end-time="2026-08-19 14:15:36Z" duration="0.000155" asserts="0">
              <properties>
                <property name="retryIteration" value="0" />
                <property name="repeatIteration" value="0" />
              </properties>
            </test-case>
          </test-suite>
          <test-suite type="TestFixture" id="1015" name="AndroidDeviceQARecordTests" fullname="Lattirune.Tests.AndroidDeviceQARecordTests" classname="Lattirune.Tests.AndroidDeviceQARecordTests" runstate="Runnable" testcasecount="12" result="Failed" site="Child" start-time="2026-08-19 14:15:36Z" end-time="2026-08-19 14:15:36Z" duration="0.013865" total="12" passed="10" failed="2" inconclusive="0" skipped="0" asserts="0">
            <properties />
            <failure>
              <message><![CDATA[One or more child tests had errors]]></message>
            </failure>
            <test-case id="1024" name="DeviceQARecord_CanonicalItemCatalogue_Has20Items" fullname="Lattirune.Tests.AndroidDeviceQARecordTests.DeviceQARecord_CanonicalItemCatalogue_Has20Items" methodname="DeviceQARecord_CanonicalItemCatalogue_Has20Items" classname="Lattirune.Tests.AndroidDeviceQARecordTests" runstate="Runnable" seed="339976977" result="Failed" start-time="2026-08-19 14:15:36Z" end-time="2026-08-19 14:15:36Z" duration="0.006176" asserts="0">
              <properties>
                <property name="retryIteration" value="0" />
                <property name="repeatIteration" value="0" />
              </properties>
              <failure>
                <message><![CDATA[  Expected: 20
  But was:  25
]]></message>
                <stack-trace><![CDATA[at Lattirune.Tests.AndroidDeviceQARecordTests.DeviceQARecord_CanonicalItemCatalogue_Has20Items () [0x00006] in C:\GAME PLAN\Assets\_Project\Tests\AndroidDeviceQARecordTests.cs:107
]]></stack-trace>
              </failure>
            </test-case>
            <test-case id="1025" name="DeviceQARecord_CanonicalRuneCatalogue_Has10Runes" fullname="Lattirune.Tests.AndroidDeviceQARecordTests.DeviceQARecord_CanonicalRuneCatalogue_Has10Runes" methodname="DeviceQARecord_CanonicalRuneCatalogue_Has10Runes" classname="Lattirune.Tests.AndroidDeviceQARecordTests" runstate="Runnable" seed="813296658" result="Failed" start-time="2026-08-19 14:15:36Z" end-time="2026-08-19 14:15:36Z" duration="0.001474" asserts="0">
              <properties>
                <property name="retryIteration" value="0" />
                <property name="repeatIteration" value="0" />
              </properties>
              <failure>
                <message><![CDATA[  Expected: 10
  But was:  14
]]></message>
                <stack-trace><![CDATA[at Lattirune.Tests.AndroidDeviceQARecordTests.DeviceQARecord_CanonicalRuneCatalogue_Has10Runes () [0x00006] in C:\GAME PLAN\Assets\_Project\Tests\AndroidDeviceQARecordTests.cs:114
]]></stack-trace>
              </failure>
            </test-case>
            <test-case id="1027" name="DeviceQARecord_LichLordBoss_HasThreePhases" fullname="Lattirune.Tests.AndroidDeviceQARecordTests.DeviceQARecord_LichLordBoss_HasThreePhases" methodname="DeviceQARecord_LichLordBoss_HasThreePhases" classname="Lattirune.Tests.AndroidDeviceQARecordTests" runstate="Runnable" seed="1558359293" result="Passed" start-time="2026-08-19 14:15:36Z" end-time="2026-08-19 14:15:36Z" duration="0.000817" asserts="0">
              <properties>
                <property name="retryIteration" value="0" />
                <property name="repeatIteration" value="0" />
              </properties>
            </test-case>
            <test-case id="1016" name="DeviceQARecord_ManualChecklistDocument_Exists" fullname="Lattirune.Tests.AndroidDeviceQARecordTests.DeviceQARecord_ManualChecklistDocument_Exists" methodname="DeviceQARecord_ManualChecklistDocument_Exists" classname="Lattirune.Tests.AndroidDeviceQARecordTests" runstate="Runnable" seed="2035284228" result="Passed" start-time="2026-08-19 14:15:36Z" end-time="2026-08-19 14:15:36Z" duration="0.000186" asserts="0">
              <properties>
                <property name="retryIteration" value="0" />
                <property name="repeatIteration" value="0" />
              </properties>
            </test-case>
            <test-case id="1019" name="DeviceQARecord_PackageIdentifier_Matches" fullname="Lattirune.Tests.AndroidDeviceQARecordTests.DeviceQARecord_PackageIdentifier_Matches" methodname="DeviceQARecord_PackageIdentifier_Matches" classname="Lattirune.Tests.AndroidDeviceQARecordTests" runstate="Runnable" seed="1070094633" result="Passed" start-time="2026-08-19 14:15:36Z" end-time="2026-08-19 14:15:36Z" duration="0.000130" asserts="0">
              <properties>
                <property name="retryIteration" value="0" />
                <property name="repeatIteration" value="0" />
              </properties>
            </test-case>
            <test-case id="1023" name="DeviceQARecord_PhysicalQAStatus_IsExplicitlyNotTested" fullname="Lattirune.Tests.AndroidDeviceQARecordTests.DeviceQARecord_PhysicalQAStatus_IsExplicitlyNotTested" methodname="DeviceQARecord_PhysicalQAStatus_IsExplicitlyNotTested" classname="Lattirune.Tests.AndroidDeviceQARecordTests" runstate="Runnable" seed="784504382" result="Passed" start-time="2026-08-19 14:15:36Z" end-time="2026-08-19 14:15:36Z" duration="0.000148" asserts="0">
              <properties>
                <property name="retryIteration" value="0" />
                <property name="repeatIteration" value="0" />
              </properties>
            </test-case>
            <test-case id="1018" name="DeviceQARecord_ReleaseApkPath_IsLattirune100" fullname="Lattirune.Tests.AndroidDeviceQARecordTests.DeviceQARecord_ReleaseApkPath_IsLattirune100" methodname="DeviceQARecord_ReleaseApkPath_IsLattirune100" classname="Lattirune.Tests.AndroidDeviceQARecordTests" runstate="Runnable" seed="604437406" result="Passed" start-time="2026-08-19 14:15:36Z" end-time="2026-08-19 14:15:36Z" duration="0.000125" asserts="0">
              <properties>
                <property name="retryIteration" value="0" />
                <property name="repeatIteration" value="0" />
              </properties>
            </test-case>
            <test-case id="1017" name="DeviceQARecord_ReleaseNotesDocument_Exists" fullname="Lattirune.Tests.AndroidDeviceQARecordTests.DeviceQARecord_ReleaseNotesDocument_Exists" methodname="DeviceQARecord_ReleaseNotesDocument_Exists" classname="Lattirune.Tests.AndroidDeviceQARecordTests" runstate="Runnable" seed="120660514" result="Passed" start-time="2026-08-19 14:15:36Z" end-time="2026-08-19 14:15:36Z" duration="0.000144" asserts="0">
              <properties>
                <property name="retryIteration" value="0" />
                <property name="repeatIteration" value="0" />
              </properties>
            </test-case>
            <test-case id="1022" name="DeviceQARecord_SaveVersion_MatchesOne" fullname="Lattirune.Tests.AndroidDeviceQARecordTests.DeviceQARecord_SaveVersion_MatchesOne" methodname="DeviceQARecord_SaveVersion_MatchesOne" classname="Lattirune.Tests.AndroidDeviceQARecordTests" runstate="Runnable" seed="1857256587" result="Passed" start-time="2026-08-19 14:15:36Z" end-time="2026-08-19 14:15:36Z" duration="0.000161" asserts="0">
              <properties>
                <property name="retryIteration" value="0" />
                <property name="repeatIteration" value="0" />
              </properties>
            </test-case>
            <test-case id="1026" name="DeviceQARecord_TenFloorDungeon_Has10Floors" fullname="Lattirune.Tests.AndroidDeviceQARecordTests.DeviceQARecord_TenFloorDungeon_Has10Floors" methodname="DeviceQARecord_TenFloorDungeon_Has10Floors" classname="Lattirune.Tests.AndroidDeviceQARecordTests" runstate="Runnable" seed="1443045434" result="Passed" start-time="2026-08-19 14:15:36Z" end-time="2026-08-19 14:15:36Z" duration="0.002287" asserts="0">
              <properties>
                <property name="retryIteration" value="0" />
                <property name="repeatIteration" value="0" />
              </properties>
            </test-case>
            <test-case id="1020" name="DeviceQARecord_Version_Matches100" fullname="Lattirune.Tests.AndroidDeviceQARecordTests.DeviceQARecord_Version_Matches100" methodname="DeviceQARecord_Version_Matches100" classname="Lattirune.Tests.AndroidDeviceQARecordTests" runstate="Runnable" seed="167785963" result="Passed" start-time="2026-08-19 14:15:36Z" end-time="2026-08-19 14:15:36Z" duration="0.000141" asserts="0">
              <properties>
                <property name="retryIteration" value="0" />
                <property name="repeatIteration" value="0" />
              </properties>
            </test-case>
            <test-case id="1021" name="DeviceQARecord_VersionCode_MatchesOne" fullname="Lattirune.Tests.AndroidDeviceQARecordTests.DeviceQARecord_VersionCode_MatchesOne" methodname="DeviceQARecord_VersionCode_MatchesOne" classname="Lattirune.Tests.AndroidDeviceQARecordTests" runstate="Runnable" seed="397451686" result="Passed" start-time="2026-08-19 14:15:36Z" end-time="2026-08-19 14:15:36Z" duration="0.000137" asserts="0">
              <properties>
                <property name="retryIteration" value="0" />
                <property name="repeatIteration" value="0" />
              </properties>
            </test-case>
          </test-suite>
          <test-suite type="TestFixture" id="1028" name="AndroidReleaseArtifactTests" fullname="Lattirune.Tests.AndroidReleaseArtifactTests" classname="Lattirune.Tests.AndroidReleaseArtifactTests" runstate="Runnable" testcasecount="12" result="Failed" site="Child" start-time="2026-08-19 14:15:36Z" end-time="2026-08-19 14:15:36Z" duration="0.009765" total="12" passed="9" failed="3" inconclusive="0" skipped="0" asserts="0">
            <properties />
            <failure>
              <message><![CDATA[One or more child tests had errors]]></message>
            </failure>
            <test-case id="1036" name="ArtifactTests_CanonicalItemCatalogue_HasExact20Items" fullname="Lattirune.Tests.AndroidReleaseArtifactTests.ArtifactTests_CanonicalItemCatalogue_HasExact20Items" methodname="ArtifactTests_CanonicalItemCatalogue_HasExact20Items" classname="Lattirune.Tests.AndroidReleaseArtifactTests" runstate="Runnable" seed="402349692" result="Failed" start-time="2026-08-19 14:15:36Z" end-time="2026-08-19 14:15:36Z" duration="0.000906" asserts="0">
              <properties>
                <property name="retryIteration" value="0" />
                <property name="repeatIteration" value="0" />
              </properties>
              <failure>
                <message><![CDATA[  Expected: 20
  But was:  25
]]></message>
                <stack-trace><![CDATA[at Lattirune.Tests.AndroidReleaseArtifactTests.ArtifactTests_CanonicalItemCatalogue_HasExact20Items () [0x00006] in C:\GAME PLAN\Assets\_Project\Tests\AndroidReleaseArtifactTests.cs:107
]]></stack-trace>
              </failure>
            </test-case>
            <test-case id="1037" name="ArtifactTests_CanonicalRuneCatalogue_HasExact10Runes" fullname="Lattirune.Tests.AndroidReleaseArtifactTests.ArtifactTests_CanonicalRuneCatalogue_HasExact10Runes" methodname="ArtifactTests_CanonicalRuneCatalogue_HasExact10Runes" classname="Lattirune.Tests.AndroidReleaseArtifactTests" runstate="Runnable" seed="681148622" result="Failed" start-time="2026-08-19 14:15:36Z" end-time="2026-08-19 14:15:36Z" duration="0.000561" asserts="0">
              <properties>
                <property name="retryIteration" value="0" />
                <property name="repeatIteration" value="0" />
              </properties>
              <failure>
                <message><![CDATA[  Expected: 10
  But was:  14
]]></message>
                <stack-trace><![CDATA[at Lattirune.Tests.AndroidReleaseArtifactTests.ArtifactTests_CanonicalRuneCatalogue_HasExact10Runes () [0x00006] in C:\GAME PLAN\Assets\_Project\Tests\AndroidReleaseArtifactTests.cs:114
]]></stack-trace>
              </failure>
            </test-case>
            <test-case id="1033" name="ArtifactTests_CoreBootstrapScene_IsSpecified" fullname="Lattirune.Tests.AndroidReleaseArtifactTests.ArtifactTests_CoreBootstrapScene_IsSpecified" methodname="ArtifactTests_CoreBootstrapScene_IsSpecified" classname="Lattirune.Tests.AndroidReleaseArtifactTests" runstate="Runnable" seed="80858235" result="Passed" start-time="2026-08-19 14:15:36Z" end-time="2026-08-19 14:15:36Z" duration="0.000338" asserts="0">
              <properties>
                <property name="retryIteration" value="0" />
                <property name="repeatIteration" value="0" />
              </properties>
            </test-case>
            <test-case id="1034" name="ArtifactTests_DungeonTopology_HasExact10Floors" fullname="Lattirune.Tests.AndroidReleaseArtifactTests.ArtifactTests_DungeonTopology_HasExact10Floors" methodname="ArtifactTests_DungeonTopology_HasExact10Floors" classname="Lattirune.Tests.AndroidReleaseArtifactTests" runstate="Runnable" seed="1071646827" result="Passed" start-time="2026-08-19 14:15:36Z" end-time="2026-08-19 14:15:36Z" duration="0.000700" asserts="0">
              <properties>
                <property name="retryIteration" value="0" />
                <property name="repeatIteration" value="0" />
              </properties>
            </test-case>
            <test-case id="1039" name="ArtifactTests_ElementalReactions_HasAll5Reactions" fullname="Lattirune.Tests.AndroidReleaseArtifactTests.ArtifactTests_ElementalReactions_HasAll5Reactions" methodname="ArtifactTests_ElementalReactions_HasAll5Reactions" classname="Lattirune.Tests.AndroidReleaseArtifactTests" runstate="Runnable" seed="1093928352" result="Passed" start-time="2026-08-19 14:15:36Z" end-time="2026-08-19 14:15:36Z" duration="0.000832" asserts="0">
              <properties>
                <property name="retryIteration" value="0" />
                <property name="repeatIteration" value="0" />
              </properties>
            </test-case>
            <test-case id="1035" name="ArtifactTests_LichLordBoss_IsLocatedAtFloor10" fullname="Lattirune.Tests.AndroidReleaseArtifactTests.ArtifactTests_LichLordBoss_IsLocatedAtFloor10" methodname="ArtifactTests_LichLordBoss_IsLocatedAtFloor10" classname="Lattirune.Tests.AndroidReleaseArtifactTests" runstate="Runnable" seed="1623041340" result="Failed" label="Error" start-time="2026-08-19 14:15:36Z" end-time="2026-08-19 14:15:36Z" duration="0.001606" asserts="0">
              <properties>
                <property name="retryIteration" value="0" />
                <property name="repeatIteration" value="0" />
              </properties>
              <failure>
                <message><![CDATA[System.NullReferenceException : Object reference not set to an instance of an object]]></message>
                <stack-trace><![CDATA[  at Lattirune.Tests.AndroidReleaseArtifactTests.ArtifactTests_LichLordBoss_IsLocatedAtFloor10 () [0x0002e] in C:\GAME PLAN\Assets\_Project\Tests\AndroidReleaseArtifactTests.cs:100 
  at (wrapper managed-to-native) System.Reflection.RuntimeMethodInfo.InternalInvoke(System.Reflection.RuntimeMethodInfo,object,object[],System.Exception&)
  at System.Reflection.RuntimeMethodInfo.Invoke (System.Object obj, System.Reflection.BindingFlags invokeAttr, System.Reflection.Binder binder, System.Object[] parameters, System.Globalization.CultureInfo culture) [0x0006a] in <eb0ef51e5908461ca908fdf6b2dbd966>:0 ]]></stack-trace>
              </failure>
            </test-case>
            <test-case id="1038" name="ArtifactTests_MasterSynergies_HasAll5Combinations" fullname="Lattirune.Tests.AndroidReleaseArtifactTests.ArtifactTests_MasterSynergies_HasAll5Combinations" methodname="ArtifactTests_MasterSynergies_HasAll5Combinations" classname="Lattirune.Tests.AndroidReleaseArtifactTests" runstate="Runnable" seed="312312485" result="Passed" start-time="2026-08-19 14:15:36Z" end-time="2026-08-19 14:15:36Z" duration="0.001788" asserts="0">
              <properties>
                <property name="retryIteration" value="0" />
                <property name="repeatIteration" value="0" />
              </properties>
            </test-case>
            <test-case id="1030" name="ArtifactTests_Orientation_IsConfiguredAsPortrait" fullname="Lattirune.Tests.AndroidReleaseArtifactTests.ArtifactTests_Orientation_IsConfiguredAsPortrait" methodname="ArtifactTests_Orientation_IsConfiguredAsPortrait" classname="Lattirune.Tests.AndroidReleaseArtifactTests" runstate="Runnable" seed="1089038761" result="Passed" start-time="2026-08-19 14:15:36Z" end-time="2026-08-19 14:15:36Z" duration="0.000211" asserts="0">
              <properties>
                <property name="retryIteration" value="0" />
                <property name="repeatIteration" value="0" />
              </properties>
            </test-case>
            <test-case id="1029" name="ArtifactTests_PackageIdentifier_MatchesSpecification" fullname="Lattirune.Tests.AndroidReleaseArtifactTests.ArtifactTests_PackageIdentifier_MatchesSpecification" methodname="ArtifactTests_PackageIdentifier_MatchesSpecification" classname="Lattirune.Tests.AndroidReleaseArtifactTests" runstate="Runnable" seed="1062047966" result="Passed" start-time="2026-08-19 14:15:36Z" end-time="2026-08-19 14:15:36Z" duration="0.000132" asserts="0">
              <properties>
                <property name="retryIteration" value="0" />
                <property name="repeatIteration" value="0" />
              </properties>
            </test-case>
            <test-case id="1031" name="ArtifactTests_ReleaseArtifactPath_IsConfiguredProperly" fullname="Lattirune.Tests.AndroidReleaseArtifactTests.ArtifactTests_ReleaseArtifactPath_IsConfiguredProperly" methodname="ArtifactTests_ReleaseArtifactPath_IsConfiguredProperly" classname="Lattirune.Tests.AndroidReleaseArtifactTests" runstate="Runnable" seed="719003873" result="Passed" start-time="2026-08-19 14:15:36Z" end-time="2026-08-19 14:15:36Z" duration="0.000123" asserts="0">
              <properties>
                <property name="retryIteration" value="0" />
                <property name="repeatIteration" value="0" />
              </properties>
            </test-case>
            <test-case id="1032" name="ArtifactTests_SaveVersion_MatchesConstantOne" fullname="Lattirune.Tests.AndroidReleaseArtifactTests.ArtifactTests_SaveVersion_MatchesConstantOne" methodname="ArtifactTests_SaveVersion_MatchesConstantOne" classname="Lattirune.Tests.AndroidReleaseArtifactTests" runstate="Runnable" seed="1465305699" result="Passed" start-time="2026-08-19 14:15:36Z" end-time="2026-08-19 14:15:36Z" duration="0.000178" asserts="0">
              <properties>
                <property name="retryIteration" value="0" />
                <property name="repeatIteration" value="0" />
              </properties>
            </test-case>
            <test-case id="1040" name="ArtifactTests_TouchTargetHeight_ConformsTo52dpMinimum" fullname="Lattirune.Tests.AndroidReleaseArtifactTests.ArtifactTests_TouchTargetHeight_ConformsTo52dpMinimum" methodname="ArtifactTests_TouchTargetHeight_ConformsTo52dpMinimum" classname="Lattirune.Tests.AndroidReleaseArtifactTests" runstate="Runnable" seed="480858878" result="Passed" start-time="2026-08-19 14:15:36Z" end-time="2026-08-19 14:15:36Z" duration="0.000616" asserts="0">
              <properties>
                <property name="retryIteration" value="0" />
                <property name="repeatIteration" value="0" />
              </properties>
            </test-case>
          </test-suite>
          <test-suite type="TestFixture" id="1041" name="AudioControllerTests" fullname="Lattirune.Tests.AudioControllerTests" classname="Lattirune.Tests.AudioControllerTests" runstate="Runnable" testcasecount="5" result="Failed" site="Child" start-time="2026-08-19 14:15:36Z" end-time="2026-08-19 14:15:36Z" duration="0.019183" total="5" passed="4" failed="1" inconclusive="0" skipped="0" asserts="0">
            <properties />
            <failure>
              <message><![CDATA[One or more child tests had errors]]></message>
            </failure>
            <test-case id="1046" name="AudioController_AllFifteenCues_PlaySafelyWithoutExceptions" fullname="Lattirune.Tests.AudioControllerTests.AudioController_AllFifteenCues_PlaySafelyWithoutExceptions" methodname="AudioController_AllFifteenCues_PlaySafelyWithoutExceptions" classname="Lattirune.Tests.AudioControllerTests" runstate="Runnable" seed="668064933" result="Failed" start-time="2026-08-19 14:15:36Z" end-time="2026-08-19 14:15:36Z" duration="0.014688" asserts="0">
              <properties>
                <property name="retryIteration" value="0" />
                <property name="repeatIteration" value="0" />
              </properties>
              <failure>
                <message><![CDATA[  Expected: 15
  But was:  21
]]></message>
                <stack-trace><![CDATA[at Lattirune.Tests.AudioControllerTests.AudioController_AllFifteenCues_PlaySafelyWithoutExceptions () [0x00030] in C:\GAME PLAN\Assets\_Project\Tests\AudioControllerTests.cs:92
]]></stack-trace>
              </failure>
            </test-case>
            <test-case id="1042" name="AudioController_Initializes_WithDefaultVolumes" fullname="Lattirune.Tests.AudioControllerTests.AudioController_Initializes_WithDefaultVolumes" methodname="AudioController_Initializes_WithDefaultVolumes" classname="Lattirune.Tests.AudioControllerTests" runstate="Runnable" seed="1240488170" result="Passed" start-time="2026-08-19 14:15:36Z" end-time="2026-08-19 14:15:36Z" duration="0.000708" asserts="0">
              <properties>
                <property name="retryIteration" value="0" />
                <property name="repeatIteration" value="0" />
              </properties>
            </test-case>
            <test-case id="1044" name="AudioController_Mute_SetsEffectiveVolumeToZero" fullname="Lattirune.Tests.AudioControllerTests.AudioController_Mute_SetsEffectiveVolumeToZero" methodname="AudioController_Mute_SetsEffectiveVolumeToZero" classname="Lattirune.Tests.AudioControllerTests" runstate="Runnable" seed="1680612170" result="Passed" start-time="2026-08-19 14:15:36Z" end-time="2026-08-19 14:15:36Z" duration="0.000671" asserts="0">
              <properties>
                <property name="retryIteration" value="0" />
                <property name="repeatIteration" value="0" />
              </properties>
            </test-case>
            <test-case id="1045" name="AudioController_PlaySfx_UpdatesTelemetryAndLastCue" fullname="Lattirune.Tests.AudioControllerTests.AudioController_PlaySfx_UpdatesTelemetryAndLastCue" methodname="AudioController_PlaySfx_UpdatesTelemetryAndLastCue" classname="Lattirune.Tests.AudioControllerTests" runstate="Runnable" seed="802575826" result="Passed" start-time="2026-08-19 14:15:36Z" end-time="2026-08-19 14:15:36Z" duration="0.001902" asserts="0">
              <properties>
                <property name="retryIteration" value="0" />
                <property name="repeatIteration" value="0" />
              </properties>
            </test-case>
            <test-case id="1043" name="AudioController_VolumeClamping_RestrictsValuesToZeroOne" fullname="Lattirune.Tests.AudioControllerTests.AudioController_VolumeClamping_RestrictsValuesToZeroOne" methodname="AudioController_VolumeClamping_RestrictsValuesToZeroOne" classname="Lattirune.Tests.AudioControllerTests" runstate="Runnable" seed="1665570620" result="Passed" start-time="2026-08-19 14:15:36Z" end-time="2026-08-19 14:15:36Z" duration="0.000264" asserts="0">
              <properties>
                <property name="retryIteration" value="0" />
                <property name="repeatIteration" value="0" />
              </properties>
            </test-case>
          </test-suite>
          <test-suite type="TestFixture" id="1047" name="BossCombatIntegrationTests" fullname="Lattirune.Tests.BossCombatIntegrationTests" classname="Lattirune.Tests.BossCombatIntegrationTests" runstate="Runnable" testcasecount="1" result="Passed" start-time="2026-08-19 14:15:36Z" end-time="2026-08-19 14:15:36Z" duration="0.004622" total="1" passed="1" failed="0" inconclusive="0" skipped="0" asserts="0">
            <properties />
            <test-case id="1048" name="BossCombat_Victory_TriggersRewardAndRunCompletion" fullname="Lattirune.Tests.BossCombatIntegrationTests.BossCombat_Victory_TriggersRewardAndRunCompletion" methodname="BossCombat_Victory_TriggersRewardAndRunCompletion" classname="Lattirune.Tests.BossCombatIntegrationTests" runstate="Runnable" seed="85604720" result="Passed" start-time="2026-08-19 14:15:36Z" end-time="2026-08-19 14:15:36Z" duration="0.003980" asserts="0">
              <properties>
                <property name="retryIteration" value="0" />
                <property name="repeatIteration" value="0" />
              </properties>
            </test-case>
          </test-suite>
          <test-suite type="TestFixture" id="1049" name="BossPhaseTests" fullname="Lattirune.Tests.BossPhaseTests" classname="Lattirune.Tests.BossPhaseTests" runstate="Runnable" testcasecount="6" result="Passed" start-time="2026-08-19 14:15:36Z" end-time="2026-08-19 14:15:36Z" duration="0.002391" total="6" passed="6" failed="0" inconclusive="0" skipped="0" asserts="0">
            <properties />
            <test-case id="1051" name="BossDefinition_ValidatesCorrectly" fullname="Lattirune.Tests.BossPhaseTests.BossDefinition_ValidatesCorrectly" methodname="BossDefinition_ValidatesCorrectly" classname="Lattirune.Tests.BossPhaseTests" runstate="Runnable" seed="1140813749" result="Passed" start-time="2026-08-19 14:15:36Z" end-time="2026-08-19 14:15:36Z" duration="0.000510" asserts="0">
              <properties>
                <property name="retryIteration" value="0" />
                <property name="repeatIteration" value="0" />
              </properties>
            </test-case>
            <test-case id="1055" name="BossPhase_ScriptableObjects_RemainImmutable" fullname="Lattirune.Tests.BossPhaseTests.BossPhase_ScriptableObjects_RemainImmutable" methodname="BossPhase_ScriptableObjects_RemainImmutable" classname="Lattirune.Tests.BossPhaseTests" runstate="Runnable" seed="1850948072" result="Passed" start-time="2026-08-19 14:15:36Z" end-time="2026-08-19 14:15:36Z" duration="0.000202" asserts="0">
              <properties>
                <property name="retryIteration" value="0" />
                <property name="repeatIteration" value="0" />
              </properties>
            </test-case>
            <test-case id="1050" name="BossPhase_ValidatesCorrectly" fullname="Lattirune.Tests.BossPhaseTests.BossPhase_ValidatesCorrectly" methodname="BossPhase_ValidatesCorrectly" classname="Lattirune.Tests.BossPhaseTests" runstate="Runnable" seed="115719117" result="Passed" start-time="2026-08-19 14:15:36Z" end-time="2026-08-19 14:15:36Z" duration="0.000258" asserts="0">
              <properties>
                <property name="retryIteration" value="0" />
                <property name="repeatIteration" value="0" />
              </properties>
            </test-case>
            <test-case id="1052" name="LichLord_BaseStats_MatchPlan" fullname="Lattirune.Tests.BossPhaseTests.LichLord_BaseStats_MatchPlan" methodname="LichLord_BaseStats_MatchPlan" classname="Lattirune.Tests.BossPhaseTests" runstate="Runnable" seed="721457068" result="Passed" start-time="2026-08-19 14:15:36Z" end-time="2026-08-19 14:15:36Z" duration="0.000192" asserts="0">
              <properties>
                <property name="retryIteration" value="0" />
                <property name="repeatIteration" value="0" />
              </properties>
            </test-case>
            <test-case id="1053" name="LichLord_PhaseCount_IsThree" fullname="Lattirune.Tests.BossPhaseTests.LichLord_PhaseCount_IsThree" methodname="LichLord_PhaseCount_IsThree" classname="Lattirune.Tests.BossPhaseTests" runstate="Runnable" seed="575173548" result="Passed" start-time="2026-08-19 14:15:36Z" end-time="2026-08-19 14:15:36Z" duration="0.000180" asserts="0">
              <properties>
                <property name="retryIteration" value="0" />
                <property name="repeatIteration" value="0" />
              </properties>
            </test-case>
            <test-case id="1054" name="LichLord_PhaseThresholds_AreDescending" fullname="Lattirune.Tests.BossPhaseTests.LichLord_PhaseThresholds_AreDescending" methodname="LichLord_PhaseThresholds_AreDescending" classname="Lattirune.Tests.BossPhaseTests" runstate="Runnable" seed="191295861" result="Passed" start-time="2026-08-19 14:15:36Z" end-time="2026-08-19 14:15:36Z" duration="0.000187" asserts="0">
              <properties>
                <property name="retryIteration" value="0" />
                <property name="repeatIteration" value="0" />
              </properties>
            </test-case>
          </test-suite>
          <test-suite type="TestFixture" id="1056" name="BossSystemTests" fullname="Lattirune.Tests.BossSystemTests" classname="Lattirune.Tests.BossSystemTests" runstate="Runnable" testcasecount="6" result="Passed" start-time="2026-08-19 14:15:36Z" end-time="2026-08-19 14:15:36Z" duration="0.003790" total="6" passed="6" failed="0" inconclusive="0" skipped="0" asserts="0">
            <properties />
            <test-case id="1060" name="BossSystem_DeadBoss_CannotTransitionPhases" fullname="Lattirune.Tests.BossSystemTests.BossSystem_DeadBoss_CannotTransitionPhases" methodname="BossSystem_DeadBoss_CannotTransitionPhases" classname="Lattirune.Tests.BossSystemTests" runstate="Runnable" seed="1893443512" result="Passed" start-time="2026-08-19 14:15:36Z" end-time="2026-08-19 14:15:36Z" duration="0.000556" asserts="0">
              <properties>
                <property name="retryIteration" value="0" />
                <property name="repeatIteration" value="0" />
              </properties>
            </test-case>
            <test-case id="1061" name="BossSystem_ResetBoss_RestoresInitialState" fullname="Lattirune.Tests.BossSystemTests.BossSystem_ResetBoss_RestoresInitialState" methodname="BossSystem_ResetBoss_RestoresInitialState" classname="Lattirune.Tests.BossSystemTests" runstate="Runnable" seed="1538216342" result="Passed" start-time="2026-08-19 14:15:36Z" end-time="2026-08-19 14:15:36Z" duration="0.000382" asserts="0">
              <properties>
                <property name="retryIteration" value="0" />
                <property name="repeatIteration" value="0" />
              </properties>
            </test-case>
            <test-case id="1057" name="BossSystem_StartsInPhase1" fullname="Lattirune.Tests.BossSystemTests.BossSystem_StartsInPhase1" methodname="BossSystem_StartsInPhase1" classname="Lattirune.Tests.BossSystemTests" runstate="Runnable" seed="671702166" result="Passed" start-time="2026-08-19 14:15:36Z" end-time="2026-08-19 14:15:36Z" duration="0.000353" asserts="0">
              <properties>
                <property name="retryIteration" value="0" />
                <property name="repeatIteration" value="0" />
              </properties>
            </test-case>
            <test-case id="1062" name="BossSystem_Telemetry_MatchesRuntimeState" fullname="Lattirune.Tests.BossSystemTests.BossSystem_Telemetry_MatchesRuntimeState" methodname="BossSystem_Telemetry_MatchesRuntimeState" classname="Lattirune.Tests.BossSystemTests" runstate="Runnable" seed="612444125" result="Passed" start-time="2026-08-19 14:15:36Z" end-time="2026-08-19 14:15:36Z" duration="0.000537" asserts="0">
              <properties>
                <property name="retryIteration" value="0" />
                <property name="repeatIteration" value="0" />
              </properties>
            </test-case>
            <test-case id="1058" name="BossSystem_ThresholdTransition_MovesToPhase2" fullname="Lattirune.Tests.BossSystemTests.BossSystem_ThresholdTransition_MovesToPhase2" methodname="BossSystem_ThresholdTransition_MovesToPhase2" classname="Lattirune.Tests.BossSystemTests" runstate="Runnable" seed="566995349" result="Passed" start-time="2026-08-19 14:15:36Z" end-time="2026-08-19 14:15:36Z" duration="0.000441" asserts="0">
              <properties>
                <property name="retryIteration" value="0" />
                <property name="repeatIteration" value="0" />
              </properties>
            </test-case>
            <test-case id="1059" name="BossSystem_ThresholdTransition_MovesToPhase3" fullname="Lattirune.Tests.BossSystemTests.BossSystem_ThresholdTransition_MovesToPhase3" methodname="BossSystem_ThresholdTransition_MovesToPhase3" classname="Lattirune.Tests.BossSystemTests" runstate="Runnable" seed="1536934734" result="Passed" start-time="2026-08-19 14:15:36Z" end-time="2026-08-19 14:15:36Z" duration="0.000320" asserts="0">
              <properties>
                <property name="retryIteration" value="0" />
                <property name="repeatIteration" value="0" />
              </properties>
            </test-case>
          </test-suite>
          <test-suite type="TestFixture" id="1063" name="CampfireRestAndTutorialTests" fullname="Lattirune.Tests.CampfireRestAndTutorialTests" classname="Lattirune.Tests.CampfireRestAndTutorialTests" runstate="Runnable" testcasecount="4" result="Passed" start-time="2026-08-19 14:15:36Z" end-time="2026-08-19 14:15:36Z" duration="0.004984" total="4" passed="4" failed="0" inconclusive="0" skipped="0" asserts="0">
            <properties />
            <test-case id="1065" name="CampfireRest_CleanseCurse_RemovesVulnerabilityModifier" fullname="Lattirune.Tests.CampfireRestAndTutorialTests.CampfireRest_CleanseCurse_RemovesVulnerabilityModifier" methodname="CampfireRest_CleanseCurse_RemovesVulnerabilityModifier" classname="Lattirune.Tests.CampfireRestAndTutorialTests" runstate="Runnable" seed="1396878906" result="Passed" start-time="2026-08-19 14:15:36Z" end-time="2026-08-19 14:15:36Z" duration="0.002560" asserts="0">
              <properties>
                <property name="retryIteration" value="0" />
                <property name="repeatIteration" value="0" />
              </properties>
            </test-case>
            <test-case id="1064" name="CampfireRest_Heal40Percent_RestoresPlayerHealth" fullname="Lattirune.Tests.CampfireRestAndTutorialTests.CampfireRest_Heal40Percent_RestoresPlayerHealth" methodname="CampfireRest_Heal40Percent_RestoresPlayerHealth" classname="Lattirune.Tests.CampfireRestAndTutorialTests" runstate="Runnable" seed="1453904405" result="Passed" start-time="2026-08-19 14:15:36Z" end-time="2026-08-19 14:15:36Z" duration="0.000595" asserts="0">
              <properties>
                <property name="retryIteration" value="0" />
                <property name="repeatIteration" value="0" />
              </properties>
            </test-case>
            <test-case id="1066" name="TutorialManager_StepProgressionAndSkip" fullname="Lattirune.Tests.CampfireRestAndTutorialTests.TutorialManager_StepProgressionAndSkip" methodname="TutorialManager_StepProgressionAndSkip" classname="Lattirune.Tests.CampfireRestAndTutorialTests" runstate="Runnable" seed="1533970259" result="Passed" start-time="2026-08-19 14:15:36Z" end-time="2026-08-19 14:15:36Z" duration="0.000420" asserts="0">
              <properties>
                <property name="retryIteration" value="0" />
                <property name="repeatIteration" value="0" />
              </properties>
            </test-case>
            <test-case id="1067" name="TutorialSavePersistence_PreservesCompletedFlag" fullname="Lattirune.Tests.CampfireRestAndTutorialTests.TutorialSavePersistence_PreservesCompletedFlag" methodname="TutorialSavePersistence_PreservesCompletedFlag" classname="Lattirune.Tests.CampfireRestAndTutorialTests" runstate="Runnable" seed="1791986395" result="Passed" start-time="2026-08-19 14:15:36Z" end-time="2026-08-19 14:15:36Z" duration="0.000673" asserts="0">
              <properties>
                <property name="retryIteration" value="0" />
                <property name="repeatIteration" value="0" />
              </properties>
            </test-case>
          </test-suite>
          <test-suite type="TestFixture" id="1068" name="CodexSystemTests" fullname="Lattirune.Tests.CodexSystemTests" classname="Lattirune.Tests.CodexSystemTests" runstate="Runnable" testcasecount="4" result="Passed" start-time="2026-08-19 14:15:36Z" end-time="2026-08-19 14:15:36Z" duration="0.006179" total="4" passed="4" failed="0" inconclusive="0" skipped="0" asserts="0">
            <properties />
            <test-case id="1069" name="CanonicalBestiaryDatabase_ContainsAll7CanonicalEnemies" fullname="Lattirune.Tests.CodexSystemTests.CanonicalBestiaryDatabase_ContainsAll7CanonicalEnemies" methodname="CanonicalBestiaryDatabase_ContainsAll7CanonicalEnemies" classname="Lattirune.Tests.CodexSystemTests" runstate="Runnable" seed="597834360" result="Passed" start-time="2026-08-19 14:15:36Z" end-time="2026-08-19 14:15:36Z" duration="0.002019" asserts="0">
              <properties>
                <property name="retryIteration" value="0" />
                <property name="repeatIteration" value="0" />
              </properties>
            </test-case>
            <test-case id="1070" name="RecordEnemyEncounterAndDefeat_IncrementsTelemetryAccurately" fullname="Lattirune.Tests.CodexSystemTests.RecordEnemyEncounterAndDefeat_IncrementsTelemetryAccurately" methodname="RecordEnemyEncounterAndDefeat_IncrementsTelemetryAccurately" classname="Lattirune.Tests.CodexSystemTests" runstate="Runnable" seed="2004931542" result="Passed" start-time="2026-08-19 14:15:36Z" end-time="2026-08-19 14:15:36Z" duration="0.000682" asserts="0">
              <properties>
                <property name="retryIteration" value="0" />
                <property name="repeatIteration" value="0" />
              </properties>
            </test-case>
            <test-case id="1071" name="RecordSynergiesAndReactions_TracksUniqueDiscoveries" fullname="Lattirune.Tests.CodexSystemTests.RecordSynergiesAndReactions_TracksUniqueDiscoveries" methodname="RecordSynergiesAndReactions_TracksUniqueDiscoveries" classname="Lattirune.Tests.CodexSystemTests" runstate="Runnable" seed="1872327276" result="Passed" start-time="2026-08-19 14:15:36Z" end-time="2026-08-19 14:15:36Z" duration="0.000958" asserts="0">
              <properties>
                <property name="retryIteration" value="0" />
                <property name="repeatIteration" value="0" />
              </properties>
            </test-case>
            <test-case id="1072" name="SaveLoadPersistence_PreservesCompleteCodexState" fullname="Lattirune.Tests.CodexSystemTests.SaveLoadPersistence_PreservesCompleteCodexState" methodname="SaveLoadPersistence_PreservesCompleteCodexState" classname="Lattirune.Tests.CodexSystemTests" runstate="Runnable" seed="172057265" result="Passed" start-time="2026-08-19 14:15:36Z" end-time="2026-08-19 14:15:36Z" duration="0.001485" asserts="0">
              <properties>
                <property name="retryIteration" value="0" />
                <property name="repeatIteration" value="0" />
              </properties>
            </test-case>
          </test-suite>
          <test-suite type="TestFixture" id="1073" name="CombatAgencyAndEconomyTests" fullname="Lattirune.Tests.CombatAgencyAndEconomyTests" classname="Lattirune.Tests.CombatAgencyAndEconomyTests" runstate="Runnable" testcasecount="22" result="Passed" start-time="2026-08-19 14:15:36Z" end-time="2026-08-19 14:15:36Z" duration="0.032810" total="22" passed="22" failed="0" inconclusive="0" skipped="0" asserts="0">
            <properties />
            <test-case id="1093" name="Campfire_Heal_Restores40PercentMaxHp" fullname="Lattirune.Tests.CombatAgencyAndEconomyTests.Campfire_Heal_Restores40PercentMaxHp" methodname="Campfire_Heal_Restores40PercentMaxHp" classname="Lattirune.Tests.CombatAgencyAndEconomyTests" runstate="Runnable" seed="922705666" result="Passed" start-time="2026-08-19 14:15:36Z" end-time="2026-08-19 14:15:36Z" duration="0.001736" asserts="0">
              <properties>
                <property name="retryIteration" value="0" />
                <property name="repeatIteration" value="0" />
              </properties>
            </test-case>
            <test-case id="1094" name="Campfire_RuneUpgrade_StoresRuntimeBonus_LeavesAssetImmutable" fullname="Lattirune.Tests.CombatAgencyAndEconomyTests.Campfire_RuneUpgrade_StoresRuntimeBonus_LeavesAssetImmutable" methodname="Campfire_RuneUpgrade_StoresRuntimeBonus_LeavesAssetImmutable" classname="Lattirune.Tests.CombatAgencyAndEconomyTests" runstate="Runnable" seed="517645393" result="Passed" start-time="2026-08-19 14:15:36Z" end-time="2026-08-19 14:15:36Z" duration="0.001517" asserts="0">
              <properties>
                <property name="retryIteration" value="0" />
                <property name="repeatIteration" value="0" />
              </properties>
            </test-case>
            <test-case id="1074" name="CombatSpeed_1x_2x_3x_AreAccepted" fullname="Lattirune.Tests.CombatAgencyAndEconomyTests.CombatSpeed_1x_2x_3x_AreAccepted" methodname="CombatSpeed_1x_2x_3x_AreAccepted" classname="Lattirune.Tests.CombatAgencyAndEconomyTests" runstate="Runnable" seed="672686490" result="Passed" start-time="2026-08-19 14:15:36Z" end-time="2026-08-19 14:15:36Z" duration="0.001326" asserts="0">
              <properties>
                <property name="retryIteration" value="0" />
                <property name="repeatIteration" value="0" />
              </properties>
            </test-case>
            <test-case id="1076" name="CombatSpeed_AffectsCooldownProgressionDeterministically" fullname="Lattirune.Tests.CombatAgencyAndEconomyTests.CombatSpeed_AffectsCooldownProgressionDeterministically" methodname="CombatSpeed_AffectsCooldownProgressionDeterministically" classname="Lattirune.Tests.CombatAgencyAndEconomyTests" runstate="Runnable" seed="1919068799" result="Passed" start-time="2026-08-19 14:15:36Z" end-time="2026-08-19 14:15:36Z" duration="0.001210" asserts="0">
              <properties>
                <property name="retryIteration" value="0" />
                <property name="repeatIteration" value="0" />
              </properties>
            </test-case>
            <test-case id="1075" name="CombatSpeed_Invalid_IsRejected" fullname="Lattirune.Tests.CombatAgencyAndEconomyTests.CombatSpeed_Invalid_IsRejected" methodname="CombatSpeed_Invalid_IsRejected" classname="Lattirune.Tests.CombatAgencyAndEconomyTests" runstate="Runnable" seed="1699651374" result="Passed" start-time="2026-08-19 14:15:36Z" end-time="2026-08-19 14:15:36Z" duration="0.002857" asserts="0">
              <properties>
                <property name="retryIteration" value="0" />
                <property name="repeatIteration" value="0" />
              </properties>
              <output><![CDATA[[Lattirune.Combat] Unsupported combat speed multiplier: 0.5. Only 1.0x, 2.0x, and 3.0x are supported.
[Lattirune.Combat] Unsupported combat speed multiplier: 4. Only 1.0x, 2.0x, and 3.0x are supported.
[Lattirune.Combat] Unsupported combat speed multiplier: -1. Only 1.0x, 2.0x, and 3.0x are supported.
]]></output>
            </test-case>
            <test-case id="1077" name="CombatSpeed_ResetCombat_Restores1x" fullname="Lattirune.Tests.CombatAgencyAndEconomyTests.CombatSpeed_ResetCombat_Restores1x" methodname="CombatSpeed_ResetCombat_Restores1x" classname="Lattirune.Tests.CombatAgencyAndEconomyTests" runstate="Runnable" seed="1305825493" result="Passed" start-time="2026-08-19 14:15:36Z" end-time="2026-08-19 14:15:36Z" duration="0.001215" asserts="0">
              <properties>
                <property name="retryIteration" value="0" />
                <property name="repeatIteration" value="0" />
              </properties>
            </test-case>
            <test-case id="1095" name="Dungeon_RoomTopology_MatchesSection11" fullname="Lattirune.Tests.CombatAgencyAndEconomyTests.Dungeon_RoomTopology_MatchesSection11" methodname="Dungeon_RoomTopology_MatchesSection11" classname="Lattirune.Tests.CombatAgencyAndEconomyTests" runstate="Runnable" seed="1546239973" result="Passed" start-time="2026-08-19 14:15:36Z" end-time="2026-08-19 14:15:36Z" duration="0.001200" asserts="0">
              <properties>
                <property name="retryIteration" value="0" />
                <property name="repeatIteration" value="0" />
              </properties>
            </test-case>
            <test-case id="1083" name="EconomyManager_BossEmbers_Within80To120" fullname="Lattirune.Tests.CombatAgencyAndEconomyTests.EconomyManager_BossEmbers_Within80To120" methodname="EconomyManager_BossEmbers_Within80To120" classname="Lattirune.Tests.CombatAgencyAndEconomyTests" runstate="Runnable" seed="871497563" result="Passed" start-time="2026-08-19 14:15:36Z" end-time="2026-08-19 14:15:36Z" duration="0.001362" asserts="0">
              <properties>
                <property name="retryIteration" value="0" />
                <property name="repeatIteration" value="0" />
              </properties>
            </test-case>
            <test-case id="1082" name="EconomyManager_EliteMobGold_Within20To35" fullname="Lattirune.Tests.CombatAgencyAndEconomyTests.EconomyManager_EliteMobGold_Within20To35" methodname="EconomyManager_EliteMobGold_Within20To35" classname="Lattirune.Tests.CombatAgencyAndEconomyTests" runstate="Runnable" seed="203574547" result="Passed" start-time="2026-08-19 14:15:36Z" end-time="2026-08-19 14:15:36Z" duration="0.001251" asserts="0">
              <properties>
                <property name="retryIteration" value="0" />
                <property name="repeatIteration" value="0" />
              </properties>
            </test-case>
            <test-case id="1081" name="EconomyManager_NormalMobGold_Within6To12" fullname="Lattirune.Tests.CombatAgencyAndEconomyTests.EconomyManager_NormalMobGold_Within6To12" methodname="EconomyManager_NormalMobGold_Within6To12" classname="Lattirune.Tests.CombatAgencyAndEconomyTests" runstate="Runnable" seed="449660096" result="Passed" start-time="2026-08-19 14:15:36Z" end-time="2026-08-19 14:15:36Z" duration="0.001275" asserts="0">
              <properties>
                <property name="retryIteration" value="0" />
                <property name="repeatIteration" value="0" />
              </properties>
            </test-case>
            <test-case id="1084" name="EconomyManager_Prices_MatchSection13" fullname="Lattirune.Tests.CombatAgencyAndEconomyTests.EconomyManager_Prices_MatchSection13" methodname="EconomyManager_Prices_MatchSection13" classname="Lattirune.Tests.CombatAgencyAndEconomyTests" runstate="Runnable" seed="226342474" result="Passed" start-time="2026-08-19 14:15:36Z" end-time="2026-08-19 14:15:36Z" duration="0.001351" asserts="0">
              <properties>
                <property name="retryIteration" value="0" />
                <property name="repeatIteration" value="0" />
              </properties>
            </test-case>
            <test-case id="1079" name="EmergencyPotion_DeadPlayer_IsRejected" fullname="Lattirune.Tests.CombatAgencyAndEconomyTests.EmergencyPotion_DeadPlayer_IsRejected" methodname="EmergencyPotion_DeadPlayer_IsRejected" classname="Lattirune.Tests.CombatAgencyAndEconomyTests" runstate="Runnable" seed="2116134968" result="Passed" start-time="2026-08-19 14:15:36Z" end-time="2026-08-19 14:15:36Z" duration="0.001322" asserts="0">
              <properties>
                <property name="retryIteration" value="0" />
                <property name="repeatIteration" value="0" />
              </properties>
            </test-case>
            <test-case id="1078" name="EmergencyPotion_HealsPlayer_ClampsAtMaxHp" fullname="Lattirune.Tests.CombatAgencyAndEconomyTests.EmergencyPotion_HealsPlayer_ClampsAtMaxHp" methodname="EmergencyPotion_HealsPlayer_ClampsAtMaxHp" classname="Lattirune.Tests.CombatAgencyAndEconomyTests" runstate="Runnable" seed="944272345" result="Passed" start-time="2026-08-19 14:15:36Z" end-time="2026-08-19 14:15:36Z" duration="0.001363" asserts="0">
              <properties>
                <property name="retryIteration" value="0" />
                <property name="repeatIteration" value="0" />
              </properties>
            </test-case>
            <test-case id="1080" name="EmergencyPotion_InvalidHeal_IsRejected" fullname="Lattirune.Tests.CombatAgencyAndEconomyTests.EmergencyPotion_InvalidHeal_IsRejected" methodname="EmergencyPotion_InvalidHeal_IsRejected" classname="Lattirune.Tests.CombatAgencyAndEconomyTests" runstate="Runnable" seed="2003306404" result="Passed" start-time="2026-08-19 14:15:36Z" end-time="2026-08-19 14:15:36Z" duration="0.001237" asserts="0">
              <properties>
                <property name="retryIteration" value="0" />
                <property name="repeatIteration" value="0" />
              </properties>
            </test-case>
            <test-case id="1092" name="MerchantStall_InsufficientFunds_RejectsPurchase" fullname="Lattirune.Tests.CombatAgencyAndEconomyTests.MerchantStall_InsufficientFunds_RejectsPurchase" methodname="MerchantStall_InsufficientFunds_RejectsPurchase" classname="Lattirune.Tests.CombatAgencyAndEconomyTests" runstate="Runnable" seed="1682749421" result="Passed" start-time="2026-08-19 14:15:36Z" end-time="2026-08-19 14:15:36Z" duration="0.001412" asserts="0">
              <properties>
                <property name="retryIteration" value="0" />
                <property name="repeatIteration" value="0" />
              </properties>
            </test-case>
            <test-case id="1091" name="MerchantStall_PurchaseBagExpansion_Deducts40Gold" fullname="Lattirune.Tests.CombatAgencyAndEconomyTests.MerchantStall_PurchaseBagExpansion_Deducts40Gold" methodname="MerchantStall_PurchaseBagExpansion_Deducts40Gold" classname="Lattirune.Tests.CombatAgencyAndEconomyTests" runstate="Runnable" seed="1506361262" result="Passed" start-time="2026-08-19 14:15:36Z" end-time="2026-08-19 14:15:36Z" duration="0.001247" asserts="0">
              <properties>
                <property name="retryIteration" value="0" />
                <property name="repeatIteration" value="0" />
              </properties>
            </test-case>
            <test-case id="1088" name="MerchantStall_PurchaseCommonItem_Deducts20Gold" fullname="Lattirune.Tests.CombatAgencyAndEconomyTests.MerchantStall_PurchaseCommonItem_Deducts20Gold" methodname="MerchantStall_PurchaseCommonItem_Deducts20Gold" classname="Lattirune.Tests.CombatAgencyAndEconomyTests" runstate="Runnable" seed="289015911" result="Passed" start-time="2026-08-19 14:15:36Z" end-time="2026-08-19 14:15:36Z" duration="0.001232" asserts="0">
              <properties>
                <property name="retryIteration" value="0" />
                <property name="repeatIteration" value="0" />
              </properties>
            </test-case>
            <test-case id="1089" name="MerchantStall_PurchaseRareItem_Deducts40Gold" fullname="Lattirune.Tests.CombatAgencyAndEconomyTests.MerchantStall_PurchaseRareItem_Deducts40Gold" methodname="MerchantStall_PurchaseRareItem_Deducts40Gold" classname="Lattirune.Tests.CombatAgencyAndEconomyTests" runstate="Runnable" seed="2024084192" result="Passed" start-time="2026-08-19 14:15:36Z" end-time="2026-08-19 14:15:36Z" duration="0.001158" asserts="0">
              <properties>
                <property name="retryIteration" value="0" />
                <property name="repeatIteration" value="0" />
              </properties>
            </test-case>
            <test-case id="1090" name="MerchantStall_PurchaseRune_Deducts35Gold" fullname="Lattirune.Tests.CombatAgencyAndEconomyTests.MerchantStall_PurchaseRune_Deducts35Gold" methodname="MerchantStall_PurchaseRune_Deducts35Gold" classname="Lattirune.Tests.CombatAgencyAndEconomyTests" runstate="Runnable" seed="394745597" result="Passed" start-time="2026-08-19 14:15:36Z" end-time="2026-08-19 14:15:36Z" duration="0.001218" asserts="0">
              <properties>
                <property name="retryIteration" value="0" />
                <property name="repeatIteration" value="0" />
              </properties>
            </test-case>
            <test-case id="1085" name="RunManager_AddGold_SpendGold_Work" fullname="Lattirune.Tests.CombatAgencyAndEconomyTests.RunManager_AddGold_SpendGold_Work" methodname="RunManager_AddGold_SpendGold_Work" classname="Lattirune.Tests.CombatAgencyAndEconomyTests" runstate="Runnable" seed="1948129140" result="Passed" start-time="2026-08-19 14:15:36Z" end-time="2026-08-19 14:15:36Z" duration="0.001186" asserts="0">
              <properties>
                <property name="retryIteration" value="0" />
                <property name="repeatIteration" value="0" />
              </properties>
            </test-case>
            <test-case id="1086" name="RunManager_InsufficientFunds_IsRejected_NoNegativeGold" fullname="Lattirune.Tests.CombatAgencyAndEconomyTests.RunManager_InsufficientFunds_IsRejected_NoNegativeGold" methodname="RunManager_InsufficientFunds_IsRejected_NoNegativeGold" classname="Lattirune.Tests.CombatAgencyAndEconomyTests" runstate="Runnable" seed="182552914" result="Passed" start-time="2026-08-19 14:15:36Z" end-time="2026-08-19 14:15:36Z" duration="0.001223" asserts="0">
              <properties>
                <property name="retryIteration" value="0" />
                <property name="repeatIteration" value="0" />
              </properties>
            </test-case>
            <test-case id="1087" name="RunManager_ResetRun_ClearsGoldAndEmbers" fullname="Lattirune.Tests.CombatAgencyAndEconomyTests.RunManager_ResetRun_ClearsGoldAndEmbers" methodname="RunManager_ResetRun_ClearsGoldAndEmbers" classname="Lattirune.Tests.CombatAgencyAndEconomyTests" runstate="Runnable" seed="2067059910" result="Passed" start-time="2026-08-19 14:15:36Z" end-time="2026-08-19 14:15:36Z" duration="0.001219" asserts="0">
              <properties>
                <property name="retryIteration" value="0" />
                <property name="repeatIteration" value="0" />
              </properties>
            </test-case>
          </test-suite>
          <test-suite type="TestFixture" id="1096" name="CombatEffectSystemTests" fullname="Lattirune.Tests.CombatEffectSystemTests" classname="Lattirune.Tests.CombatEffectSystemTests" runstate="Runnable" testcasecount="7" result="Passed" start-time="2026-08-19 14:15:36Z" end-time="2026-08-19 14:15:36Z" duration="0.007203" total="7" passed="7" failed="0" inconclusive="0" skipped="0" asserts="0">
            <properties />
            <test-case id="1097" name="CombatEffect_AppliesToTarget_IncreasesActiveCount" fullname="Lattirune.Tests.CombatEffectSystemTests.CombatEffect_AppliesToTarget_IncreasesActiveCount" methodname="CombatEffect_AppliesToTarget_IncreasesActiveCount" classname="Lattirune.Tests.CombatEffectSystemTests" runstate="Runnable" seed="789364593" result="Passed" start-time="2026-08-19 14:15:36Z" end-time="2026-08-19 14:15:36Z" duration="0.002445" asserts="0">
              <properties>
                <property name="retryIteration" value="0" />
                <property name="repeatIteration" value="0" />
              </properties>
            </test-case>
            <test-case id="1101" name="CombatEffect_ArmorModifier_ReducesArmorCorrectly" fullname="Lattirune.Tests.CombatEffectSystemTests.CombatEffect_ArmorModifier_ReducesArmorCorrectly" methodname="CombatEffect_ArmorModifier_ReducesArmorCorrectly" classname="Lattirune.Tests.CombatEffectSystemTests" runstate="Runnable" seed="1035557130" result="Passed" start-time="2026-08-19 14:15:36Z" end-time="2026-08-19 14:15:36Z" duration="0.000461" asserts="0">
              <properties>
                <property name="retryIteration" value="0" />
                <property name="repeatIteration" value="0" />
              </properties>
            </test-case>
            <test-case id="1103" name="CombatEffect_DeadTarget_CleansUpImmediately" fullname="Lattirune.Tests.CombatEffectSystemTests.CombatEffect_DeadTarget_CleansUpImmediately" methodname="CombatEffect_DeadTarget_CleansUpImmediately" classname="Lattirune.Tests.CombatEffectSystemTests" runstate="Runnable" seed="474679682" result="Passed" start-time="2026-08-19 14:15:36Z" end-time="2026-08-19 14:15:36Z" duration="0.000890" asserts="0">
              <properties>
                <property name="retryIteration" value="0" />
                <property name="repeatIteration" value="0" />
              </properties>
            </test-case>
            <test-case id="1100" name="CombatEffect_DirectDamage_AppliesImmediatelyWithoutDuration" fullname="Lattirune.Tests.CombatEffectSystemTests.CombatEffect_DirectDamage_AppliesImmediatelyWithoutDuration" methodname="CombatEffect_DirectDamage_AppliesImmediatelyWithoutDuration" classname="Lattirune.Tests.CombatEffectSystemTests" runstate="Runnable" seed="481116398" result="Passed" start-time="2026-08-19 14:15:36Z" end-time="2026-08-19 14:15:36Z" duration="0.000412" asserts="0">
              <properties>
                <property name="retryIteration" value="0" />
                <property name="repeatIteration" value="0" />
              </properties>
            </test-case>
            <test-case id="1099" name="CombatEffect_DoT_TicksAtConfiguredInterval" fullname="Lattirune.Tests.CombatEffectSystemTests.CombatEffect_DoT_TicksAtConfiguredInterval" methodname="CombatEffect_DoT_TicksAtConfiguredInterval" classname="Lattirune.Tests.CombatEffectSystemTests" runstate="Runnable" seed="500414383" result="Passed" start-time="2026-08-19 14:15:36Z" end-time="2026-08-19 14:15:36Z" duration="0.000465" asserts="0">
              <properties>
                <property name="retryIteration" value="0" />
                <property name="repeatIteration" value="0" />
              </properties>
            </test-case>
            <test-case id="1102" name="CombatEffect_DuplicateApplication_RefreshesDuration" fullname="Lattirune.Tests.CombatEffectSystemTests.CombatEffect_DuplicateApplication_RefreshesDuration" methodname="CombatEffect_DuplicateApplication_RefreshesDuration" classname="Lattirune.Tests.CombatEffectSystemTests" runstate="Runnable" seed="1904646785" result="Passed" start-time="2026-08-19 14:15:36Z" end-time="2026-08-19 14:15:36Z" duration="0.000412" asserts="0">
              <properties>
                <property name="retryIteration" value="0" />
                <property name="repeatIteration" value="0" />
              </properties>
            </test-case>
            <test-case id="1098" name="CombatEffect_DurationDecreasesDeterministically_AndExpires" fullname="Lattirune.Tests.CombatEffectSystemTests.CombatEffect_DurationDecreasesDeterministically_AndExpires" methodname="CombatEffect_DurationDecreasesDeterministically_AndExpires" classname="Lattirune.Tests.CombatEffectSystemTests" runstate="Runnable" seed="1989757981" result="Passed" start-time="2026-08-19 14:15:36Z" end-time="2026-08-19 14:15:36Z" duration="0.000354" asserts="0">
              <properties>
                <property name="retryIteration" value="0" />
                <property name="repeatIteration" value="0" />
              </properties>
            </test-case>
          </test-suite>
          <test-suite type="TestFixture" id="1104" name="CombatJuiceSystemTests" fullname="Lattirune.Tests.CombatJuiceSystemTests" classname="Lattirune.Tests.CombatJuiceSystemTests" runstate="Runnable" testcasecount="2" result="Failed" site="Child" start-time="2026-08-19 14:15:36Z" end-time="2026-08-19 14:15:36Z" duration="0.004327" total="2" passed="1" failed="1" inconclusive="0" skipped="0" asserts="0">
            <properties />
            <failure>
              <message><![CDATA[One or more child tests had errors]]></message>
            </failure>
            <test-case id="1106" name="CombatCameraShake_AddsTraumaAndDecaysSmoothly" fullname="Lattirune.Tests.CombatJuiceSystemTests.CombatCameraShake_AddsTraumaAndDecaysSmoothly" methodname="CombatCameraShake_AddsTraumaAndDecaysSmoothly" classname="Lattirune.Tests.CombatJuiceSystemTests" runstate="Runnable" seed="235478931" result="Failed" start-time="2026-08-19 14:15:36Z" end-time="2026-08-19 14:15:36Z" duration="0.002845" asserts="0">
              <properties>
                <property name="retryIteration" value="0" />
                <property name="repeatIteration" value="0" />
              </properties>
              <failure>
                <message><![CDATA[  Expected: (0.00, 0.00, 0.00)
  But was:  (0.19, -0.29, 0.00)
]]></message>
                <stack-trace><![CDATA[at Lattirune.Tests.CombatJuiceSystemTests.CombatCameraShake_AddsTraumaAndDecaysSmoothly () [0x000a3] in C:\GAME PLAN\Assets\_Project\Tests\CombatJuiceSystemTests.cs:73
]]></stack-trace>
              </failure>
            </test-case>
            <test-case id="1105" name="FloatingCombatTextPool_SpawnsAndRecyclesSlots" fullname="Lattirune.Tests.CombatJuiceSystemTests.FloatingCombatTextPool_SpawnsAndRecyclesSlots" methodname="FloatingCombatTextPool_SpawnsAndRecyclesSlots" classname="Lattirune.Tests.CombatJuiceSystemTests" runstate="Runnable" seed="570511378" result="Passed" start-time="2026-08-19 14:15:36Z" end-time="2026-08-19 14:15:36Z" duration="0.000833" asserts="0">
              <properties>
                <property name="retryIteration" value="0" />
                <property name="repeatIteration" value="0" />
              </properties>
            </test-case>
          </test-suite>
          <test-suite type="TestFixture" id="1107" name="CombatSystemTests" fullname="Lattirune.Tests.CombatSystemTests" classname="Lattirune.Tests.CombatSystemTests" runstate="Runnable" testcasecount="8" result="Passed" start-time="2026-08-19 14:15:36Z" end-time="2026-08-19 14:15:36Z" duration="0.009568" total="8" passed="8" failed="0" inconclusive="0" skipped="0" asserts="0">
            <properties />
            <test-case id="1115" name="Combat_BreakingSynergy_RemovesBonusFromCombat" fullname="Lattirune.Tests.CombatSystemTests.Combat_BreakingSynergy_RemovesBonusFromCombat" methodname="Combat_BreakingSynergy_RemovesBonusFromCombat" classname="Lattirune.Tests.CombatSystemTests" runstate="Runnable" seed="297467478" result="Passed" start-time="2026-08-19 14:15:36Z" end-time="2026-08-19 14:15:36Z" duration="0.005253" asserts="0">
              <properties>
                <property name="retryIteration" value="0" />
                <property name="repeatIteration" value="0" />
              </properties>
            </test-case>
            <test-case id="1113" name="Combat_Defeat_TriggersWhenPlayerReachesZeroHp" fullname="Lattirune.Tests.CombatSystemTests.Combat_Defeat_TriggersWhenPlayerReachesZeroHp" methodname="Combat_Defeat_TriggersWhenPlayerReachesZeroHp" classname="Lattirune.Tests.CombatSystemTests" runstate="Runnable" seed="538273767" result="Passed" start-time="2026-08-19 14:15:36Z" end-time="2026-08-19 14:15:36Z" duration="0.000506" asserts="0">
              <properties>
                <property name="retryIteration" value="0" />
                <property name="repeatIteration" value="0" />
              </properties>
            </test-case>
            <test-case id="1111" name="Combat_EnemyAttack_ReducesPlayerHp" fullname="Lattirune.Tests.CombatSystemTests.Combat_EnemyAttack_ReducesPlayerHp" methodname="Combat_EnemyAttack_ReducesPlayerHp" classname="Lattirune.Tests.CombatSystemTests" runstate="Runnable" seed="2070278389" result="Passed" start-time="2026-08-19 14:15:36Z" end-time="2026-08-19 14:15:36Z" duration="0.000268" asserts="0">
              <properties>
                <property name="retryIteration" value="0" />
                <property name="repeatIteration" value="0" />
              </properties>
            </test-case>
            <test-case id="1114" name="Combat_FireSynergy_ContributesBonusDamageToCombat" fullname="Lattirune.Tests.CombatSystemTests.Combat_FireSynergy_ContributesBonusDamageToCombat" methodname="Combat_FireSynergy_ContributesBonusDamageToCombat" classname="Lattirune.Tests.CombatSystemTests" runstate="Runnable" seed="2030904758" result="Passed" start-time="2026-08-19 14:15:36Z" end-time="2026-08-19 14:15:36Z" duration="0.000911" asserts="0">
              <properties>
                <property name="retryIteration" value="0" />
                <property name="repeatIteration" value="0" />
              </properties>
            </test-case>
            <test-case id="1110" name="Combat_PlayerAttack_ReducesEnemyHp" fullname="Lattirune.Tests.CombatSystemTests.Combat_PlayerAttack_ReducesEnemyHp" methodname="Combat_PlayerAttack_ReducesEnemyHp" classname="Lattirune.Tests.CombatSystemTests" runstate="Runnable" seed="1596124541" result="Passed" start-time="2026-08-19 14:15:36Z" end-time="2026-08-19 14:15:36Z" duration="0.000287" asserts="0">
              <properties>
                <property name="retryIteration" value="0" />
                <property name="repeatIteration" value="0" />
              </properties>
            </test-case>
            <test-case id="1112" name="Combat_Victory_TriggersWhenEnemyReachesZeroHp" fullname="Lattirune.Tests.CombatSystemTests.Combat_Victory_TriggersWhenEnemyReachesZeroHp" methodname="Combat_Victory_TriggersWhenEnemyReachesZeroHp" classname="Lattirune.Tests.CombatSystemTests" runstate="Runnable" seed="2036158206" result="Passed" start-time="2026-08-19 14:15:36Z" end-time="2026-08-19 14:15:36Z" duration="0.000360" asserts="0">
              <properties>
                <property name="retryIteration" value="0" />
                <property name="repeatIteration" value="0" />
              </properties>
            </test-case>
            <test-case id="1108" name="Combatant_InitializesAndClampsHpCorrectly" fullname="Lattirune.Tests.CombatSystemTests.Combatant_InitializesAndClampsHpCorrectly" methodname="Combatant_InitializesAndClampsHpCorrectly" classname="Lattirune.Tests.CombatSystemTests" runstate="Runnable" seed="1252586986" result="Passed" start-time="2026-08-19 14:15:36Z" end-time="2026-08-19 14:15:36Z" duration="0.000395" asserts="0">
              <properties>
                <property name="retryIteration" value="0" />
                <property name="repeatIteration" value="0" />
              </properties>
            </test-case>
            <test-case id="1109" name="DeadCombatant_CannotAttackOrTickCooldown" fullname="Lattirune.Tests.CombatSystemTests.DeadCombatant_CannotAttackOrTickCooldown" methodname="DeadCombatant_CannotAttackOrTickCooldown" classname="Lattirune.Tests.CombatSystemTests" runstate="Runnable" seed="1981886829" result="Passed" start-time="2026-08-19 14:15:36Z" end-time="2026-08-19 14:15:36Z" duration="0.000241" asserts="0">
              <properties>
                <property name="retryIteration" value="0" />
                <property name="repeatIteration" value="0" />
              </properties>
            </test-case>
          </test-suite>
          <test-suite type="TestFixture" id="1116" name="ComboGameplayIntegrationTests" fullname="Lattirune.Tests.ComboGameplayIntegrationTests" classname="Lattirune.Tests.ComboGameplayIntegrationTests" runstate="Runnable" testcasecount="2" result="Passed" start-time="2026-08-19 14:15:36Z" end-time="2026-08-19 14:15:36Z" duration="0.003414" total="2" passed="2" failed="0" inconclusive="0" skipped="0" asserts="0">
            <properties />
            <test-case id="1117" name="CombatSystem_IncrementsComboOnSuccessfulAttack" fullname="Lattirune.Tests.ComboGameplayIntegrationTests.CombatSystem_IncrementsComboOnSuccessfulAttack" methodname="CombatSystem_IncrementsComboOnSuccessfulAttack" classname="Lattirune.Tests.ComboGameplayIntegrationTests" runstate="Runnable" seed="1324979798" result="Passed" start-time="2026-08-19 14:15:36Z" end-time="2026-08-19 14:15:36Z" duration="0.001030" asserts="0">
              <properties>
                <property name="retryIteration" value="0" />
                <property name="repeatIteration" value="0" />
              </properties>
            </test-case>
            <test-case id="1118" name="RunManager_GrantsBonusGoldAndEmbersFromComboDepthOnVictory" fullname="Lattirune.Tests.ComboGameplayIntegrationTests.RunManager_GrantsBonusGoldAndEmbersFromComboDepthOnVictory" methodname="RunManager_GrantsBonusGoldAndEmbersFromComboDepthOnVictory" classname="Lattirune.Tests.ComboGameplayIntegrationTests" runstate="Runnable" seed="1874849283" result="Passed" start-time="2026-08-19 14:15:36Z" end-time="2026-08-19 14:15:36Z" duration="0.001021" asserts="0">
              <properties>
                <property name="retryIteration" value="0" />
                <property name="repeatIteration" value="0" />
              </properties>
            </test-case>
          </test-suite>
[...]
            </test-case>
            <test-case id="1737" name="StoreAssets_SigningSecrets_NotTracked" fullname="Lattirune.Tests.StoreAssetReadinessTests.StoreAssets_SigningSecrets_NotTracked" methodname="StoreAssets_SigningSecrets_NotTracked" classname="Lattirune.Tests.StoreAssetReadinessTests" runstate="Runnable" seed="1544182334" result="Passed" start-time="2026-08-19 14:15:37Z" end-time="2026-08-19 14:15:37Z" duration="0.000153" asserts="0">
              <properties>
                <property name="retryIteration" value="0" />
                <property name="repeatIteration" value="0" />
              </properties>
            </test-case>
            <test-case id="1729" name="StoreAssets_StoreAssetManifestDoc_Exists" fullname="Lattirune.Tests.StoreAssetReadinessTests.StoreAssets_StoreAssetManifestDoc_Exists" methodname="StoreAssets_StoreAssetManifestDoc_Exists" classname="Lattirune.Tests.StoreAssetReadinessTests" runstate="Runnable" seed="2127934142" result="Passed" start-time="2026-08-19 14:15:37Z" end-time="2026-08-19 14:15:37Z" duration="0.000143" asserts="0">
              <properties>
                <property name="retryIteration" value="0" />
                <property name="repeatIteration" value="0" />
              </properties>
            </test-case>
            <test-case id="1732" name="StoreAssets_StoreListingDoc_Exists" fullname="Lattirune.Tests.StoreAssetReadinessTests.StoreAssets_StoreListingDoc_Exists" methodname="StoreAssets_StoreListingDoc_Exists" classname="Lattirune.Tests.StoreAssetReadinessTests" runstate="Runnable" seed="1621853293" result="Passed" start-time="2026-08-19 14:15:37Z" end-time="2026-08-19 14:15:37Z" duration="0.000140" asserts="0">
              <properties>
                <property name="retryIteration" value="0" />
                <property name="repeatIteration" value="0" />
              </properties>
            </test-case>
            <test-case id="1734" name="StoreAssets_SubmissionChecklistDoc_Exists" fullname="Lattirune.Tests.StoreAssetReadinessTests.StoreAssets_SubmissionChecklistDoc_Exists" methodname="StoreAssets_SubmissionChecklistDoc_Exists" classname="Lattirune.Tests.StoreAssetReadinessTests" runstate="Runnable" seed="1151549464" result="Passed" start-time="2026-08-19 14:15:37Z" end-time="2026-08-19 14:15:37Z" duration="0.000137" asserts="0">
              <properties>
                <property name="retryIteration" value="0" />
                <property name="repeatIteration" value="0" />
              </properties>
            </test-case>
            <test-case id="1727" name="StoreAssets_VersionCode_Matches" fullname="Lattirune.Tests.StoreAssetReadinessTests.StoreAssets_VersionCode_Matches" methodname="StoreAssets_VersionCode_Matches" classname="Lattirune.Tests.StoreAssetReadinessTests" runstate="Runnable" seed="1930720512" result="Passed" start-time="2026-08-19 14:15:37Z" end-time="2026-08-19 14:15:37Z" duration="0.000151" asserts="0">
              <properties>
                <property name="retryIteration" value="0" />
                <property name="repeatIteration" value="0" />
              </properties>
            </test-case>
            <test-case id="1726" name="StoreAssets_VersionName_Matches" fullname="Lattirune.Tests.StoreAssetReadinessTests.StoreAssets_VersionName_Matches" methodname="StoreAssets_VersionName_Matches" classname="Lattirune.Tests.StoreAssetReadinessTests" runstate="Runnable" seed="65752270" result="Passed" start-time="2026-08-19 14:15:37Z" end-time="2026-08-19 14:15:37Z" duration="0.000136" asserts="0">
              <properties>
                <property name="retryIteration" value="0" />
                <property name="repeatIteration" value="0" />
              </properties>
            </test-case>
          </test-suite>
          <test-suite type="TestFixture" id="1738" name="SynergyMatrixTests" fullname="Lattirune.Tests.SynergyMatrixTests" classname="Lattirune.Tests.SynergyMatrixTests" runstate="Runnable" testcasecount="9" result="Failed" site="Child" start-time="2026-08-19 14:15:37Z" end-time="2026-08-19 14:15:37Z" duration="0.011528" total="9" passed="8" failed="1" inconclusive="0" skipped="0" asserts="0">
            <properties />
            <failure>
              <message><![CDATA[One or more child tests had errors]]></message>
            </failure>
            <test-case id="1746" name="SynergyMatrix_DatabaseValidation_DetectsDuplicatesAndErrors" fullname="Lattirune.Tests.SynergyMatrixTests.SynergyMatrix_DatabaseValidation_DetectsDuplicatesAndErrors" methodname="SynergyMatrix_DatabaseValidation_DetectsDuplicatesAndErrors" classname="Lattirune.Tests.SynergyMatrixTests" runstate="Runnable" seed="289498803" result="Failed" start-time="2026-08-19 14:15:37Z" end-time="2026-08-19 14:15:37Z" duration="0.001341" asserts="0">
              <properties>
                <property name="retryIteration" value="0" />
                <property name="repeatIteration" value="0" />
              </properties>
              <failure>
                <message><![CDATA[  Duplicate ID must not increase count.
  Expected: 5
  But was:  10
]]></message>
                <stack-trace><![CDATA[at Lattirune.Tests.SynergyMatrixTests.SynergyMatrix_DatabaseValidation_DetectsDuplicatesAndErrors () [0x00059] in C:\GAME PLAN\Assets\_Project\Tests\SynergyMatrixTests.cs:200
]]></stack-trace>
              </failure>
            </test-case>
            <test-case id="1739" name="SynergyMatrix_FireRune_Plus_Sword_ResolvesFlameboundEdge" fullname="Lattirune.Tests.SynergyMatrixTests.SynergyMatrix_FireRune_Plus_Sword_ResolvesFlameboundEdge" methodname="SynergyMatrix_FireRune_Plus_Sword_ResolvesFlameboundEdge" classname="Lattirune.Tests.SynergyMatrixTests" runstate="Runnable" seed="1265838789" result="Passed" start-time="2026-08-19 14:15:37Z" end-time="2026-08-19 14:15:37Z" duration="0.001177" asserts="0">
              <properties>
                <property name="retryIteration" value="0" />
                <property name="repeatIteration" value="0" />
              </properties>
            </test-case>
            <test-case id="1740" name="SynergyMatrix_IceRune_Plus_Shield_ResolvesGlacialBastion" fullname="Lattirune.Tests.SynergyMatrixTests.SynergyMatrix_IceRune_Plus_Shield_ResolvesGlacialBastion" methodname="SynergyMatrix_IceRune_Plus_Shield_ResolvesGlacialBastion" classname="Lattirune.Tests.SynergyMatrixTests" runstate="Runnable" seed="1757840660" result="Passed" start-time="2026-08-19 14:15:37Z" end-time="2026-08-19 14:15:37Z" duration="0.000886" asserts="0">
              <properties>
                <property name="retryIteration" value="0" />
                <property name="repeatIteration" value="0" />
              </properties>
            </test-case>
            <test-case id="1747" name="SynergyMatrix_ItemDataSO_RemainsImmutable" fullname="Lattirune.Tests.SynergyMatrixTests.SynergyMatrix_ItemDataSO_RemainsImmutable" methodname="SynergyMatrix_ItemDataSO_RemainsImmutable" classname="Lattirune.Tests.SynergyMatrixTests" runstate="Runnable" seed="2013448259" result="Passed" start-time="2026-08-19 14:15:37Z" end-time="2026-08-19 14:15:37Z" duration="0.000878" asserts="0">
              <properties>
                <property name="retryIteration" value="0" />
                <property name="repeatIteration" value="0" />
              </properties>
            </test-case>
            <test-case id="1741" name="SynergyMatrix_LightningRune_Plus_Weapon_ResolvesStormSurge" fullname="Lattirune.Tests.SynergyMatrixTests.SynergyMatrix_LightningRune_Plus_Weapon_ResolvesStormSurge" methodname="SynergyMatrix_LightningRune_Plus_Weapon_ResolvesStormSurge" classname="Lattirune.Tests.SynergyMatrixTests" runstate="Runnable" seed="263727477" result="Passed" start-time="2026-08-19 14:15:37Z" end-time="2026-08-19 14:15:37Z" duration="0.000824" asserts="0">
              <properties>
                <property name="retryIteration" value="0" />
                <property name="repeatIteration" value="0" />
              </properties>
            </test-case>
            <test-case id="1743" name="SynergyMatrix_LightRune_Plus_Relic_ResolvesRadiantDawn" fullname="Lattirune.Tests.SynergyMatrixTests.SynergyMatrix_LightRune_Plus_Relic_ResolvesRadiantDawn" methodname="SynergyMatrix_LightRune_Plus_Relic_ResolvesRadiantDawn" classname="Lattirune.Tests.SynergyMatrixTests" runstate="Runnable" seed="1732567289" result="Passed" start-time="2026-08-19 14:15:37Z" end-time="2026-08-19 14:15:37Z" duration="0.000925" asserts="0">
              <properties>
                <property name="retryIteration" value="0" />
                <property name="repeatIteration" value="0" />
              </properties>
            </test-case>
            <test-case id="1744" name="SynergyMatrix_MismatchedItemCategory_RejectsSynergy" fullname="Lattirune.Tests.SynergyMatrixTests.SynergyMatrix_MismatchedItemCategory_RejectsSynergy" methodname="SynergyMatrix_MismatchedItemCategory_RejectsSynergy" classname="Lattirune.Tests.SynergyMatrixTests" runstate="Runnable" seed="590472694" result="Passed" start-time="2026-08-19 14:15:37Z" end-time="2026-08-19 14:15:37Z" duration="0.000863" asserts="0">
              <properties>
                <property name="retryIteration" value="0" />
                <property name="repeatIteration" value="0" />
              </properties>
            </test-case>
            <test-case id="1745" name="SynergyMatrix_MultipleItemInstances_RemainIndependent" fullname="Lattirune.Tests.SynergyMatrixTests.SynergyMatrix_MultipleItemInstances_RemainIndependent" methodname="SynergyMatrix_MultipleItemInstances_RemainIndependent" classname="Lattirune.Tests.SynergyMatrixTests" runstate="Runnable" seed="1708454124" result="Passed" start-time="2026-08-19 14:15:37Z" end-time="2026-08-19 14:15:37Z" duration="0.001263" asserts="0">
              <properties>
                <property name="retryIteration" value="0" />
                <property name="repeatIteration" value="0" />
              </properties>
            </test-case>
            <test-case id="1742" name="SynergyMatrix_PoisonRune_Plus_Weapon_ResolvesVenomousStrike" fullname="Lattirune.Tests.SynergyMatrixTests.SynergyMatrix_PoisonRune_Plus_Weapon_ResolvesVenomousStrike" methodname="SynergyMatrix_PoisonRune_Plus_Weapon_ResolvesVenomousStrike" classname="Lattirune.Tests.SynergyMatrixTests" runstate="Runnable" seed="1480715053" result="Passed" start-time="2026-08-19 14:15:37Z" end-time="2026-08-19 14:15:37Z" duration="0.000833" asserts="0">
              <properties>
                <property name="retryIteration" value="0" />
                <property name="repeatIteration" value="0" />
              </properties>
            </test-case>
          </test-suite>
          <test-suite type="TestFixture" id="1748" name="SynergySystemTests" fullname="Lattirune.Tests.SynergySystemTests" classname="Lattirune.Tests.SynergySystemTests" runstate="Runnable" testcasecount="8" result="Passed" start-time="2026-08-19 14:15:37Z" end-time="2026-08-19 14:15:37Z" duration="0.010123" total="8" passed="8" failed="0" inconclusive="0" skipped="0" asserts="0">
            <properties />
            <test-case id="1755" name="Synergy_Events_FireActivationAndDeactivationExactlyOnce" fullname="Lattirune.Tests.SynergySystemTests.Synergy_Events_FireActivationAndDeactivationExactlyOnce" methodname="Synergy_Events_FireActivationAndDeactivationExactlyOnce" classname="Lattirune.Tests.SynergySystemTests" runstate="Runnable" seed="1792870444" result="Passed" start-time="2026-08-19 14:15:37Z" end-time="2026-08-19 14:15:37Z" duration="0.002259" asserts="0">
              <properties>
                <property name="retryIteration" value="0" />
                <property name="repeatIteration" value="0" />
              </properties>
            </test-case>
            <test-case id="1750" name="Synergy_FireRuneAndNonSword_DoesNotActivate" fullname="Lattirune.Tests.SynergySystemTests.Synergy_FireRuneAndNonSword_DoesNotActivate" methodname="Synergy_FireRuneAndNonSword_DoesNotActivate" classname="Lattirune.Tests.SynergySystemTests" runstate="Runnable" seed="1508156348" result="Passed" start-time="2026-08-19 14:15:37Z" end-time="2026-08-19 14:15:37Z" duration="0.000862" asserts="0">
              <properties>
                <property name="retryIteration" value="0" />
                <property name="repeatIteration" value="0" />
              </properties>
            </test-case>
            <test-case id="1749" name="Synergy_FireRuneAndSword_ActivatesFlameboundEdge" fullname="Lattirune.Tests.SynergySystemTests.Synergy_FireRuneAndSword_ActivatesFlameboundEdge" methodname="Synergy_FireRuneAndSword_ActivatesFlameboundEdge" classname="Lattirune.Tests.SynergySystemTests" runstate="Runnable" seed="846380734" result="Passed" start-time="2026-08-19 14:15:37Z" end-time="2026-08-19 14:15:37Z" duration="0.000982" asserts="0">
              <properties>
                <property name="retryIteration" value="0" />
                <property name="repeatIteration" value="0" />
              </properties>
            </test-case>
            <test-case id="1751" name="Synergy_FireRuneOutsideRange_DoesNotActivate" fullname="Lattirune.Tests.SynergySystemTests.Synergy_FireRuneOutsideRange_DoesNotActivate" methodname="Synergy_FireRuneOutsideRange_DoesNotActivate" classname="Lattirune.Tests.SynergySystemTests" runstate="Runnable" seed="157484544" result="Passed" start-time="2026-08-19 14:15:37Z" end-time="2026-08-19 14:15:37Z" duration="0.000782" asserts="0">
              <properties>
                <property name="retryIteration" value="0" />
                <property name="repeatIteration" value="0" />
              </properties>
            </test-case>
            <test-case id="1752" name="Synergy_ItemDataSO_RemainsImmutableDuringEvaluation" fullname="Lattirune.Tests.SynergySystemTests.Synergy_ItemDataSO_RemainsImmutableDuringEvaluation" methodname="Synergy_ItemDataSO_RemainsImmutableDuringEvaluation" classname="Lattirune.Tests.SynergySystemTests" runstate="Runnable" seed="1327669284" result="Passed" start-time="2026-08-19 14:15:37Z" end-time="2026-08-19 14:15:37Z" duration="0.000835" asserts="0">
              <properties>
                <property name="retryIteration" value="0" />
                <property name="repeatIteration" value="0" />
              </properties>
            </test-case>
            <test-case id="1754" name="Synergy_MovingSwordAway_DeactivatesSynergyCleanly" fullname="Lattirune.Tests.SynergySystemTests.Synergy_MovingSwordAway_DeactivatesSynergyCleanly" methodname="Synergy_MovingSwordAway_DeactivatesSynergyCleanly" classname="Lattirune.Tests.SynergySystemTests" runstate="Runnable" seed="1888224698" result="Passed" start-time="2026-08-19 14:15:37Z" end-time="2026-08-19 14:15:37Z" duration="0.001146" asserts="0">
              <properties>
                <property name="retryIteration" value="0" />
                <property name="repeatIteration" value="0" />
              </properties>
            </test-case>
            <test-case id="1753" name="Synergy_MultipleSwords_OnlyActivatesConnectedSword" fullname="Lattirune.Tests.SynergySystemTests.Synergy_MultipleSwords_OnlyActivatesConnectedSword" methodname="Synergy_MultipleSwords_OnlyActivatesConnectedSword" classname="Lattirune.Tests.SynergySystemTests" runstate="Runnable" seed="868152104" result="Passed" start-time="2026-08-19 14:15:37Z" end-time="2026-08-19 14:15:37Z" duration="0.001248" asserts="0">
              <properties>
                <property name="retryIteration" value="0" />
                <property name="repeatIteration" value="0" />
              </properties>
            </test-case>
            <test-case id="1756" name="Synergy_NonFireRune_DoesNotTriggerFireSword" fullname="Lattirune.Tests.SynergySystemTests.Synergy_NonFireRune_DoesNotTriggerFireSword" methodname="Synergy_NonFireRune_DoesNotTriggerFireSword" classname="Lattirune.Tests.SynergySystemTests" runstate="Runnable" seed="1277408798" result="Passed" start-time="2026-08-19 14:15:37Z" end-time="2026-08-19 14:15:37Z" duration="0.000763" asserts="0">
              <properties>
                <property name="retryIteration" value="0" />
                <property name="repeatIteration" value="0" />
              </properties>
            </test-case>
          </test-suite>
          <test-suite type="TestFixture" id="1757" name="TenFloorDungeonProgressionTests" fullname="Lattirune.Tests.TenFloorDungeonProgressionTests" classname="Lattirune.Tests.TenFloorDungeonProgressionTests" runstate="Runnable" testcasecount="4" result="Passed" start-time="2026-08-19 14:15:37Z" end-time="2026-08-19 14:15:37Z" duration="0.005482" total="4" passed="4" failed="0" inconclusive="0" skipped="0" asserts="0">
            <properties />
            <test-case id="1761" name="TenFloorDungeon_ConsecutiveRuns_ResetAndTrackIndependently" fullname="Lattirune.Tests.TenFloorDungeonProgressionTests.TenFloorDungeon_ConsecutiveRuns_ResetAndTrackIndependently" methodname="TenFloorDungeon_ConsecutiveRuns_ResetAndTrackIndependently" classname="Lattirune.Tests.TenFloorDungeonProgressionTests" runstate="Runnable" seed="509478499" result="Passed" start-time="2026-08-19 14:15:37Z" end-time="2026-08-19 14:15:37Z" duration="0.001228" asserts="0">
              <properties>
                <property name="retryIteration" value="0" />
                <property name="repeatIteration" value="0" />
              </properties>
            </test-case>
            <test-case id="1758" name="TenFloorDungeon_Definition_Contains10FloorsAndCorrectEncounters" fullname="Lattirune.Tests.TenFloorDungeonProgressionTests.TenFloorDungeon_Definition_Contains10FloorsAndCorrectEncounters" methodname="TenFloorDungeon_Definition_Contains10FloorsAndCorrectEncounters" classname="Lattirune.Tests.TenFloorDungeonProgressionTests" runstate="Runnable" seed="1319894777" result="Passed" start-time="2026-08-19 14:15:37Z" end-time="2026-08-19 14:15:37Z" duration="0.000837" asserts="0">
              <properties>
                <property name="retryIteration" value="0" />
                <property name="repeatIteration" value="0" />
              </properties>
            </test-case>
            <test-case id="1759" name="TenFloorDungeon_Full10FloorRun_Floor1ToFloor10LichLord_ReachesRunComplete" fullname="Lattirune.Tests.TenFloorDungeonProgressionTests.TenFloorDungeon_Full10FloorRun_Floor1ToFloor10LichLord_ReachesRunComplete" methodname="TenFloorDungeon_Full10FloorRun_Floor1ToFloor10LichLord_ReachesRunComplete" classname="Lattirune.Tests.TenFloorDungeonProgressionTests" runstate="Runnable" seed="2118946154" result="Passed" start-time="2026-08-19 14:15:37Z" end-time="2026-08-19 14:15:37Z" duration="0.000898" asserts="0">
              <properties>
                <property name="retryIteration" value="0" />
                <property name="repeatIteration" value="0" />
              </properties>
            </test-case>
            <test-case id="1760" name="TenFloorDungeon_MidRunSaveAndRestore_RestoresFloorIndexCorrectly" fullname="Lattirune.Tests.TenFloorDungeonProgressionTests.TenFloorDungeon_MidRunSaveAndRestore_RestoresFloorIndexCorrectly" methodname="TenFloorDungeon_MidRunSaveAndRestore_RestoresFloorIndexCorrectly" classname="Lattirune.Tests.TenFloorDungeonProgressionTests" runstate="Runnable" seed="572073853" result="Passed" start-time="2026-08-19 14:15:37Z" end-time="2026-08-19 14:15:37Z" duration="0.001041" asserts="0">
              <properties>
                <property name="retryIteration" value="0" />
                <property name="repeatIteration" value="0" />
              </properties>
              <output><![CDATA[Saving results to: C:/Users/k deswanth/AppData/LocalLow/Developer/Lattirune\TestResults.xml
]]></output>
            </test-case>
          </test-suite>
        </test-suite>
      </test-suite>
    </test-suite>
  </test-suite>
</test-run>